13:51:24.754 INFO - Selenium build info: version: '3.8.1', revision: '6e95a6684b'
13:51:24.755 INFO - Launching a standalone Selenium Server
2018-09-28 13:51:24.901:INFO::main: Logging initialized @784ms to org.seleniumhq.jetty9.util.log.StdErrLog
13:51:24.986 INFO - Using `new FirefoxOptions()` is preferred to `DesiredCapabilities.firefox()`
13:51:25.015 INFO - Using `new ChromeOptions()` is preferred to `DesiredCapabilities.chrome()`
13:51:25.026 INFO - Using `new EdgeOptions()` is preferred to `DesiredCapabilities.edge()`
13:51:25.027 INFO - Driver class not found: com.opera.core.systems.OperaDriver
13:51:25.027 INFO - Using `new OperaOptions()` is preferred to `DesiredCapabilities.operaBlink()`
13:51:25.029 INFO - Using `new SafariOptions()` is preferred to `DesiredCapabilities.safari()`
13:51:25.030 INFO - Driver class not found: org.openqa.selenium.phantomjs.PhantomJSDriver
13:51:25.111 INFO - Driver provider class org.openqa.selenium.ie.InternetExplorerDriver registration is skipped:
 registration capabilities Capabilities {browserName: internet explorer, ensureCleanSession: true, platform: WINDOWS, version: } does not match the current platform LINUX
13:51:25.112 INFO - Driver provider class org.openqa.selenium.edge.EdgeDriver registration is skipped:
 registration capabilities Capabilities {browserName: MicrosoftEdge, platform: WINDOWS, version: } does not match the current platform LINUX
13:51:25.112 INFO - Driver provider class org.openqa.selenium.safari.SafariDriver registration is skipped:
 registration capabilities Capabilities {browserName: safari, platform: MAC, version: } does not match the current platform LINUX
13:51:25.186 INFO - Using `new ChromeOptions()` is preferred to `DesiredCapabilities.chrome()`
13:51:25.187 INFO - Using `new EdgeOptions()` is preferred to `DesiredCapabilities.edge()`
13:51:25.187 INFO - Using `new FirefoxOptions()` is preferred to `DesiredCapabilities.firefox()`
13:51:25.188 INFO - Using `new OperaOptions()` is preferred to `DesiredCapabilities.operaBlink()`
13:51:25.188 INFO - Using `new SafariOptions()` is preferred to `DesiredCapabilities.safari()`
2018-09-28 13:51:25.264:INFO:osjs.Server:main: jetty-9.4.7.v20170914
2018-09-28 13:51:25.339:WARN:osjs.SecurityHandler:main: ServletContext@o.s.j.s.ServletContextHandler@1d371b2d{/,null,STARTING} has uncovered http methods for path: /
2018-09-28 13:51:25.344:INFO:osjsh.ContextHandler:main: Started o.s.j.s.ServletContextHandler@1d371b2d{/,null,AVAILABLE}
2018-09-28 13:51:25.370:INFO:osjs.AbstractConnector:main: Started ServerConnector@16f7c8c1{HTTP/1.1,[http/1.1]}{0.0.0.0:4444}
2018-09-28 13:51:25.371:INFO:osjs.Server:main: Started @1255ms
13:51:25.371 INFO - Selenium Server is up and running
13:53:59.973 INFO - Executing: [new session: Capabilities {browserName: firefox, firefox_profile: UEsDBAoAAAAAAF1ksEytG51BHQA..., platform: LINUX}])
13:54:00.025 INFO - Creating a new session for Capabilities {browserName: firefox, firefox_profile: UEsDBAoAAAAAAF1ksEytG51BHQA..., platform: LINUX}
13:54:11.992 INFO - Detected dialect: OSS
13:54:12.061 INFO - Done: [new session: Capabilities {browserName: firefox, firefox_profile: UEsDBAoAAAAAAF1ksEytG51BHQA..., platform: LINUX}]
13:54:12.331 INFO - Executing: [get: https://w2.seg-social.es/Xhtml?JacadaApplicationName=SGIRED&TRANSACCION=ATR01&E=I&AP=AFIR])
13:54:13.809 INFO - Done: [get: https://w2.seg-social.es/Xhtml?JacadaApplicationName=SGIRED&TRANSACCION=ATR01&E=I&AP=AFIR]
13:54:13.826 INFO - Executing: [find element: By.name: txt_SDFPROAFI])
13:54:14.317 INFO - Done: [find element: By.name: txt_SDFPROAFI]
13:54:14.343 INFO - Executing: [send keys: 0 [[FirefoxDriver: firefox on LINUX (5fc04f1a-17e0-4f5c-918f-9272a7fa7e16)] -> name: txt_SDFPROAFI], [46]])
13:54:14.620 INFO - Done: [send keys: 0 [[FirefoxDriver: firefox on LINUX (5fc04f1a-17e0-4f5c-918f-9272a7fa7e16)] -> name: txt_SDFPROAFI], [46]]
13:54:14.626 INFO - Executing: [find element: By.name: txt_SDFCODAFI])
13:54:14.669 INFO - Done: [find element: By.name: txt_SDFCODAFI]
13:54:14.675 INFO - Executing: [send keys: 1 [[FirefoxDriver: firefox on LINUX (5fc04f1a-17e0-4f5c-918f-9272a7fa7e16)] -> name: txt_SDFCODAFI], [1068444330]])
13:54:14.932 INFO - Done: [send keys: 1 [[FirefoxDriver: firefox on LINUX (5fc04f1a-17e0-4f5c-918f-9272a7fa7e16)] -> name: txt_SDFCODAFI], [1068444330]]
13:54:14.936 INFO - Executing: [find element: By.name: txt_SDFTIPPFI_ayuda])
13:54:14.994 INFO - Done: [find element: By.name: txt_SDFTIPPFI_ayuda]
13:54:15.001 INFO - Executing: [send keys: 2 [[FirefoxDriver: firefox on LINUX (5fc04f1a-17e0-4f5c-918f-9272a7fa7e16)] -> name: txt_SDFTIPPFI_ayuda], [1]])
13:54:15.079 INFO - Done: [send keys: 2 [[FirefoxDriver: firefox on LINUX (5fc04f1a-17e0-4f5c-918f-9272a7fa7e16)] -> name: txt_SDFTIPPFI_ayuda], [1]]
13:54:15.083 INFO - Executing: [find element: By.name: txt_SDFNUMPFI])
13:54:15.137 INFO - Done: [find element: By.name: txt_SDFNUMPFI]
13:54:15.152 INFO - Executing: [send keys: 3 [[FirefoxDriver: firefox on LINUX (5fc04f1a-17e0-4f5c-918f-9272a7fa7e16)] -> name: txt_SDFNUMPFI], [48588020Z]])
13:54:15.365 INFO - Done: [send keys: 3 [[FirefoxDriver: firefox on LINUX (5fc04f1a-17e0-4f5c-918f-9272a7fa7e16)] -> name: txt_SDFNUMPFI], [48588020Z]]
13:54:15.372 INFO - Executing: [find element: By.name: txt_SDFREGAFI_ayuda])
13:54:15.457 INFO - Done: [find element: By.name: txt_SDFREGAFI_ayuda]
13:54:15.464 INFO - Executing: [send keys: 4 [[FirefoxDriver: firefox on LINUX (5fc04f1a-17e0-4f5c-918f-9272a7fa7e16)] -> name: txt_SDFREGAFI_ayuda], [111]])
13:54:15.564 INFO - Done: [send keys: 4 [[FirefoxDriver: firefox on LINUX (5fc04f1a-17e0-4f5c-918f-9272a7fa7e16)] -> name: txt_SDFREGAFI_ayuda], [111]]
13:54:15.570 INFO - Executing: [find element: By.name: txt_SDFTESCTACOT])
13:54:15.604 INFO - Done: [find element: By.name: txt_SDFTESCTACOT]
13:54:15.609 INFO - Executing: [send keys: 5 [[FirefoxDriver: firefox on LINUX (5fc04f1a-17e0-4f5c-918f-9272a7fa7e16)] -> name: txt_SDFTESCTACOT], [28]])
13:54:15.672 INFO - Done: [send keys: 5 [[FirefoxDriver: firefox on LINUX (5fc04f1a-17e0-4f5c-918f-9272a7fa7e16)] -> name: txt_SDFTESCTACOT], [28]]
13:54:15.677 INFO - Executing: [find element: By.name: txt_SDFCTACOT])
13:54:15.699 INFO - Done: [find element: By.name: txt_SDFCTACOT]
13:54:15.705 INFO - Executing: [send keys: 6 [[FirefoxDriver: firefox on LINUX (5fc04f1a-17e0-4f5c-918f-9272a7fa7e16)] -> name: txt_SDFCTACOT], [149794464]])
13:54:15.763 INFO - Done: [send keys: 6 [[FirefoxDriver: firefox on LINUX (5fc04f1a-17e0-4f5c-918f-9272a7fa7e16)] -> name: txt_SDFCTACOT], [149794464]]
13:54:15.772 INFO - Executing: [take screenshot])
13:54:15.831 INFO - Done: [take screenshot]
13:54:15.881 INFO - Executing: [find element: By.name: btn_Sub2207401004])
13:54:15.896 INFO - Done: [find element: By.name: btn_Sub2207401004]
13:54:15.899 INFO - Executing: [click: 7 [[FirefoxDriver: firefox on LINUX (5fc04f1a-17e0-4f5c-918f-9272a7fa7e16)] -> name: btn_Sub2207401004]])
13:54:17.080 INFO - Done: [click: 7 [[FirefoxDriver: firefox on LINUX (5fc04f1a-17e0-4f5c-918f-9272a7fa7e16)] -> name: btn_Sub2207401004]]
13:54:17.113 INFO - Executing: [find element: By.id: SDFSITAFI_ayuda])
13:54:17.141 INFO - Done: [find element: By.id: SDFSITAFI_ayuda]
13:54:17.152 INFO - Executing: [is displayed: 8 [[FirefoxDriver: firefox on LINUX (5fc04f1a-17e0-4f5c-918f-9272a7fa7e16)] -> id: SDFSITAFI_ayuda]])
13:54:17.186 INFO - Done: [is displayed: 8 [[FirefoxDriver: firefox on LINUX (5fc04f1a-17e0-4f5c-918f-9272a7fa7e16)] -> id: SDFSITAFI_ayuda]]
13:54:17.195 INFO - Executing: [find element: By.id: Static001])
13:54:17.961 WARN - Exception thrown
org.openqa.selenium.NoSuchElementException: Unable to locate element: {"method":"id","selector":"Static001"}
Command duration or timeout: 0 milliseconds
	at sun.reflect.NativeConstructorAccessorImpl.newInstance0(Native Method)
	at sun.reflect.NativeConstructorAccessorImpl.newInstance(NativeConstructorAccessorImpl.java:62)
	at sun.reflect.DelegatingConstructorAccessorImpl.newInstance(DelegatingConstructorAccessorImpl.java:45)
	at java.lang.reflect.Constructor.newInstance(Constructor.java:423)
	at org.openqa.selenium.remote.ErrorHandler.createThrowable(ErrorHandler.java:214)
	at org.openqa.selenium.remote.ErrorHandler.throwIfResponseFailed(ErrorHandler.java:166)
	at org.openqa.selenium.remote.http.JsonHttpResponseCodec.reconstructValue(JsonHttpResponseCodec.java:40)
	at org.openqa.selenium.remote.http.AbstractHttpResponseCodec.decode(AbstractHttpResponseCodec.java:80)
	at org.openqa.selenium.remote.http.AbstractHttpResponseCodec.decode(AbstractHttpResponseCodec.java:44)
	at org.openqa.selenium.remote.HttpCommandExecutor.execute(HttpCommandExecutor.java:164)
	at org.openqa.selenium.remote.service.DriverCommandExecutor.execute(DriverCommandExecutor.java:83)
	at org.openqa.selenium.remote.RemoteWebDriver.execute(RemoteWebDriver.java:601)
	at org.openqa.selenium.remote.RemoteWebDriver.findElement(RemoteWebDriver.java:371)
	at org.openqa.selenium.remote.RemoteWebDriver.findElementById(RemoteWebDriver.java:417)
	at org.openqa.selenium.By$ById.findElement(By.java:218)
	at org.openqa.selenium.remote.RemoteWebDriver.findElement(RemoteWebDriver.java:363)
	at sun.reflect.NativeMethodAccessorImpl.invoke0(Native Method)
	at sun.reflect.NativeMethodAccessorImpl.invoke(NativeMethodAccessorImpl.java:62)
	at sun.reflect.DelegatingMethodAccessorImpl.invoke(DelegatingMethodAccessorImpl.java:43)
	at java.lang.reflect.Method.invoke(Method.java:498)
	at org.openqa.selenium.support.events.EventFiringWebDriver$2.invoke(EventFiringWebDriver.java:108)
	at com.sun.proxy.$Proxy6.findElement(Unknown Source)
	at org.openqa.selenium.support.events.EventFiringWebDriver.findElement(EventFiringWebDriver.java:192)
	at org.openqa.selenium.remote.server.handler.FindElement.call(FindElement.java:48)
	at org.openqa.selenium.remote.server.handler.FindElement.call(FindElement.java:33)
	at org.openqa.selenium.remote.server.handler.WebDriverHandler.handle(WebDriverHandler.java:41)
	at org.openqa.selenium.remote.server.rest.ResultConfig.handle(ResultConfig.java:112)
	at org.openqa.selenium.remote.server.JsonHttpCommandHandler.handleRequest(JsonHttpCommandHandler.java:191)
	at org.openqa.selenium.remote.server.DriverServlet.lambda$handleRequest$0(DriverServlet.java:261)
	at java.util.concurrent.Executors$RunnableAdapter.call(Executors.java:511)
	at java.util.concurrent.FutureTask.run(FutureTask.java:266)
	at java.util.concurrent.ThreadPoolExecutor.runWorker(ThreadPoolExecutor.java:1149)
	at java.util.concurrent.ThreadPoolExecutor$Worker.run(ThreadPoolExecutor.java:624)
	at java.lang.Thread.run(Thread.java:748)
Caused by: org.openqa.selenium.NoSuchElementException: Unable to locate element: {"method":"id","selector":"Static001"}
For documentation on this error, please visit: http://seleniumhq.org/exceptions/no_such_element.html
Build info: version: '3.8.1', revision: '6e95a6684b', time: '2017-12-01T19:05:32.194Z'
System info: host: 'localhost.localdomain', ip: '127.0.0.1', os.name: 'Linux', os.arch: 'amd64', os.version: '3.10.0-862.3.2.el7.x86_64', java.version: '1.8.0_171'
Driver info: driver.version: unknown
	at <anonymous class>.FirefoxDriver.prototype.findElementInternal_(file:///tmp/anonymous3396790572219169379webdriver-profile/extensions/fxdriver@googlecode.com/components/driver-component.js:11870)
	at <anonymous class>.FirefoxDriver.prototype.findElement(file:///tmp/anonymous3396790572219169379webdriver-profile/extensions/fxdriver@googlecode.com/components/driver-component.js:11879)
	at <anonymous class>.DelayedCommand.prototype.executeInternal_/k(file:///tmp/anonymous3396790572219169379webdriver-profile/extensions/fxdriver@googlecode.com/components/command-processor.js:13364)
	at <anonymous class>.DelayedCommand.prototype.executeInternal_(file:///tmp/anonymous3396790572219169379webdriver-profile/extensions/fxdriver@googlecode.com/components/command-processor.js:13369)
	at <anonymous class>.DelayedCommand.prototype.execute/<(file:///tmp/anonymous3396790572219169379webdriver-profile/extensions/fxdriver@googlecode.com/components/command-processor.js:13311)
13:54:17.964 WARN - Exception: Unable to locate element: {"method":"id","selector":"Static001"}
For documentation on this error, please visit: http://seleniumhq.org/exceptions/no_such_element.html
Build info: version: '3.8.1', revision: '6e95a6684b', time: '2017-12-01T19:05:32.194Z'
System info: host: 'localhost.localdomain', ip: '127.0.0.1', os.name: 'Linux', os.arch: 'amd64', os.version: '3.10.0-862.3.2.el7.x86_64', java.version: '1.8.0_171'
Driver info: driver.version: unknown
13:54:17.986 INFO - Executing: [find element: By.id: DIL])
13:54:18.038 INFO - Done: [find element: By.id: DIL]
13:54:18.044 INFO - Executing: [get text: 9 [[FirefoxDriver: firefox on LINUX (5fc04f1a-17e0-4f5c-918f-9272a7fa7e16)] -> id: DIL]])
13:54:18.121 INFO - Done: [get text: 9 [[FirefoxDriver: firefox on LINUX (5fc04f1a-17e0-4f5c-918f-9272a7fa7e16)] -> id: DIL]]
13:54:18.125 INFO - Executing: [get text: 9 [[FirefoxDriver: firefox on LINUX (5fc04f1a-17e0-4f5c-918f-9272a7fa7e16)] -> id: DIL]])
13:54:18.147 INFO - Done: [get text: 9 [[FirefoxDriver: firefox on LINUX (5fc04f1a-17e0-4f5c-918f-9272a7fa7e16)] -> id: DIL]]
13:54:18.154 INFO - Executing: [is displayed: 9 [[FirefoxDriver: firefox on LINUX (5fc04f1a-17e0-4f5c-918f-9272a7fa7e16)] -> id: DIL]])
13:54:18.171 INFO - Done: [is displayed: 9 [[FirefoxDriver: firefox on LINUX (5fc04f1a-17e0-4f5c-918f-9272a7fa7e16)] -> id: DIL]]
13:54:18.176 INFO - Executing: [find element: By.name: txt_SDFSITAFI_ayuda])
13:54:18.192 INFO - Done: [find element: By.name: txt_SDFSITAFI_ayuda]
13:54:18.205 INFO - Executing: [send keys: 8 [[FirefoxDriver: firefox on LINUX (5fc04f1a-17e0-4f5c-918f-9272a7fa7e16)] -> id: SDFSITAFI_ayuda], [1]])
13:54:18.251 INFO - Done: [send keys: 8 [[FirefoxDriver: firefox on LINUX (5fc04f1a-17e0-4f5c-918f-9272a7fa7e16)] -> id: SDFSITAFI_ayuda], [1]]
13:54:18.257 INFO - Executing: [find element: By.name: txt_SDFFREALDD])
13:54:18.281 INFO - Done: [find element: By.name: txt_SDFFREALDD]
13:54:18.287 INFO - Executing: [send keys: 10 [[FirefoxDriver: firefox on LINUX (5fc04f1a-17e0-4f5c-918f-9272a7fa7e16)] -> name: txt_SDFFREALDD], [30]])
13:54:18.337 INFO - Done: [send keys: 10 [[FirefoxDriver: firefox on LINUX (5fc04f1a-17e0-4f5c-918f-9272a7fa7e16)] -> name: txt_SDFFREALDD], [30]]
13:54:18.341 INFO - Executing: [find element: By.name: txt_SDFFREALMM])
13:54:18.364 INFO - Done: [find element: By.name: txt_SDFFREALMM]
13:54:18.375 INFO - Executing: [send keys: 11 [[FirefoxDriver: firefox on LINUX (5fc04f1a-17e0-4f5c-918f-9272a7fa7e16)] -> name: txt_SDFFREALMM], [09]])
13:54:18.418 INFO - Done: [send keys: 11 [[FirefoxDriver: firefox on LINUX (5fc04f1a-17e0-4f5c-918f-9272a7fa7e16)] -> name: txt_SDFFREALMM], [09]]
13:54:18.423 INFO - Executing: [find element: By.name: txt_SDFFREALAA])
13:54:18.457 INFO - Done: [find element: By.name: txt_SDFFREALAA]
13:54:18.464 INFO - Executing: [send keys: 12 [[FirefoxDriver: firefox on LINUX (5fc04f1a-17e0-4f5c-918f-9272a7fa7e16)] -> name: txt_SDFFREALAA], [2018]])
13:54:18.509 INFO - Done: [send keys: 12 [[FirefoxDriver: firefox on LINUX (5fc04f1a-17e0-4f5c-918f-9272a7fa7e16)] -> name: txt_SDFFREALAA], [2018]]
13:54:18.512 INFO - Executing: [find element: By.name: txt_SDFGRUCOT_ayuda])
13:54:18.555 INFO - Done: [find element: By.name: txt_SDFGRUCOT_ayuda]
13:54:18.558 INFO - Executing: [send keys: 13 [[FirefoxDriver: firefox on LINUX (5fc04f1a-17e0-4f5c-918f-9272a7fa7e16)] -> name: txt_SDFGRUCOT_ayuda], [1]])
13:54:18.597 INFO - Done: [send keys: 13 [[FirefoxDriver: firefox on LINUX (5fc04f1a-17e0-4f5c-918f-9272a7fa7e16)] -> name: txt_SDFGRUCOT_ayuda], [1]]
13:54:18.601 INFO - Executing: [find element: By.name: txt_SDFTICO_ayuda])
13:54:18.627 INFO - Done: [find element: By.name: txt_SDFTICO_ayuda]
13:54:18.631 INFO - Executing: [send keys: 14 [[FirefoxDriver: firefox on LINUX (5fc04f1a-17e0-4f5c-918f-9272a7fa7e16)] -> name: txt_SDFTICO_ayuda], [402]])
13:54:18.687 INFO - Done: [send keys: 14 [[FirefoxDriver: firefox on LINUX (5fc04f1a-17e0-4f5c-918f-9272a7fa7e16)] -> name: txt_SDFTICO_ayuda], [402]]
13:54:18.699 INFO - Executing: [take screenshot])
13:54:18.833 INFO - Done: [take screenshot]
13:54:18.845 INFO - Executing: [find element: By.name: btn_Sub2207401004])
13:54:18.897 INFO - Done: [find element: By.name: btn_Sub2207401004]
13:54:18.903 INFO - Executing: [click: 15 [[FirefoxDriver: firefox on LINUX (5fc04f1a-17e0-4f5c-918f-9272a7fa7e16)] -> name: btn_Sub2207401004]])
13:54:19.582 INFO - Done: [click: 15 [[FirefoxDriver: firefox on LINUX (5fc04f1a-17e0-4f5c-918f-9272a7fa7e16)] -> name: btn_Sub2207401004]]
13:54:19.593 INFO - Executing: [find element: By.id: SDFSITAFI_ayuda])
13:54:19.990 WARN - Exception thrown
org.openqa.selenium.NoSuchElementException: Unable to locate element: {"method":"id","selector":"SDFSITAFI_ayuda"}
Command duration or timeout: 0 milliseconds
	at sun.reflect.NativeConstructorAccessorImpl.newInstance0(Native Method)
	at sun.reflect.NativeConstructorAccessorImpl.newInstance(NativeConstructorAccessorImpl.java:62)
	at sun.reflect.DelegatingConstructorAccessorImpl.newInstance(DelegatingConstructorAccessorImpl.java:45)
	at java.lang.reflect.Constructor.newInstance(Constructor.java:423)
	at org.openqa.selenium.remote.ErrorHandler.createThrowable(ErrorHandler.java:214)
	at org.openqa.selenium.remote.ErrorHandler.throwIfResponseFailed(ErrorHandler.java:166)
	at org.openqa.selenium.remote.http.JsonHttpResponseCodec.reconstructValue(JsonHttpResponseCodec.java:40)
	at org.openqa.selenium.remote.http.AbstractHttpResponseCodec.decode(AbstractHttpResponseCodec.java:80)
	at org.openqa.selenium.remote.http.AbstractHttpResponseCodec.decode(AbstractHttpResponseCodec.java:44)
	at org.openqa.selenium.remote.HttpCommandExecutor.execute(HttpCommandExecutor.java:164)
	at org.openqa.selenium.remote.service.DriverCommandExecutor.execute(DriverCommandExecutor.java:83)
	at org.openqa.selenium.remote.RemoteWebDriver.execute(RemoteWebDriver.java:601)
	at org.openqa.selenium.remote.RemoteWebDriver.findElement(RemoteWebDriver.java:371)
	at org.openqa.selenium.remote.RemoteWebDriver.findElementById(RemoteWebDriver.java:417)
	at org.openqa.selenium.By$ById.findElement(By.java:218)
	at org.openqa.selenium.remote.RemoteWebDriver.findElement(RemoteWebDriver.java:363)
	at sun.reflect.GeneratedMethodAccessor10.invoke(Unknown Source)
	at sun.reflect.DelegatingMethodAccessorImpl.invoke(DelegatingMethodAccessorImpl.java:43)
	at java.lang.reflect.Method.invoke(Method.java:498)
	at org.openqa.selenium.support.events.EventFiringWebDriver$2.invoke(EventFiringWebDriver.java:108)
	at com.sun.proxy.$Proxy6.findElement(Unknown Source)
	at org.openqa.selenium.support.events.EventFiringWebDriver.findElement(EventFiringWebDriver.java:192)
	at org.openqa.selenium.remote.server.handler.FindElement.call(FindElement.java:48)
	at org.openqa.selenium.remote.server.handler.FindElement.call(FindElement.java:33)
	at org.openqa.selenium.remote.server.handler.WebDriverHandler.handle(WebDriverHandler.java:41)
	at org.openqa.selenium.remote.server.rest.ResultConfig.handle(ResultConfig.java:112)
	at org.openqa.selenium.remote.server.JsonHttpCommandHandler.handleRequest(JsonHttpCommandHandler.java:191)
	at org.openqa.selenium.remote.server.DriverServlet.lambda$handleRequest$0(DriverServlet.java:261)
	at java.util.concurrent.Executors$RunnableAdapter.call(Executors.java:511)
	at java.util.concurrent.FutureTask.run(FutureTask.java:266)
	at java.util.concurrent.ThreadPoolExecutor.runWorker(ThreadPoolExecutor.java:1149)
	at java.util.concurrent.ThreadPoolExecutor$Worker.run(ThreadPoolExecutor.java:624)
	at java.lang.Thread.run(Thread.java:748)
Caused by: org.openqa.selenium.NoSuchElementException: Unable to locate element: {"method":"id","selector":"SDFSITAFI_ayuda"}
For documentation on this error, please visit: http://seleniumhq.org/exceptions/no_such_element.html
Build info: version: '3.8.1', revision: '6e95a6684b', time: '2017-12-01T19:05:32.194Z'
System info: host: 'localhost.localdomain', ip: '127.0.0.1', os.name: 'Linux', os.arch: 'amd64', os.version: '3.10.0-862.3.2.el7.x86_64', java.version: '1.8.0_171'
Driver info: driver.version: unknown
	at <anonymous class>.FirefoxDriver.prototype.findElementInternal_(file:///tmp/anonymous3396790572219169379webdriver-profile/extensions/fxdriver@googlecode.com/components/driver-component.js:11870)
	at <anonymous class>.FirefoxDriver.prototype.findElement(file:///tmp/anonymous3396790572219169379webdriver-profile/extensions/fxdriver@googlecode.com/components/driver-component.js:11879)
	at <anonymous class>.DelayedCommand.prototype.executeInternal_/k(file:///tmp/anonymous3396790572219169379webdriver-profile/extensions/fxdriver@googlecode.com/components/command-processor.js:13364)
	at <anonymous class>.DelayedCommand.prototype.executeInternal_(file:///tmp/anonymous3396790572219169379webdriver-profile/extensions/fxdriver@googlecode.com/components/command-processor.js:13369)
	at <anonymous class>.DelayedCommand.prototype.execute/<(file:///tmp/anonymous3396790572219169379webdriver-profile/extensions/fxdriver@googlecode.com/components/command-processor.js:13311)
13:54:19.991 WARN - Exception: Unable to locate element: {"method":"id","selector":"SDFSITAFI_ayuda"}
For documentation on this error, please visit: http://seleniumhq.org/exceptions/no_such_element.html
Build info: version: '3.8.1', revision: '6e95a6684b', time: '2017-12-01T19:05:32.194Z'
System info: host: 'localhost.localdomain', ip: '127.0.0.1', os.name: 'Linux', os.arch: 'amd64', os.version: '3.10.0-862.3.2.el7.x86_64', java.version: '1.8.0_171'
Driver info: driver.version: unknown
13:54:20.330 INFO - Executing: [find element: By.id: SDFSITAFI_ayuda])
13:54:20.976 WARN - Exception thrown
org.openqa.selenium.NoSuchElementException: Unable to locate element: {"method":"id","selector":"SDFSITAFI_ayuda"}
Command duration or timeout: 0 milliseconds
	at sun.reflect.NativeConstructorAccessorImpl.newInstance0(Native Method)
	at sun.reflect.NativeConstructorAccessorImpl.newInstance(NativeConstructorAccessorImpl.java:62)
	at sun.reflect.DelegatingConstructorAccessorImpl.newInstance(DelegatingConstructorAccessorImpl.java:45)
	at java.lang.reflect.Constructor.newInstance(Constructor.java:423)
	at org.openqa.selenium.remote.ErrorHandler.createThrowable(ErrorHandler.java:214)
	at org.openqa.selenium.remote.ErrorHandler.throwIfResponseFailed(ErrorHandler.java:166)
	at org.openqa.selenium.remote.http.JsonHttpResponseCodec.reconstructValue(JsonHttpResponseCodec.java:40)
	at org.openqa.selenium.remote.http.AbstractHttpResponseCodec.decode(AbstractHttpResponseCodec.java:80)
	at org.openqa.selenium.remote.http.AbstractHttpResponseCodec.decode(AbstractHttpResponseCodec.java:44)
	at org.openqa.selenium.remote.HttpCommandExecutor.execute(HttpCommandExecutor.java:164)
	at org.openqa.selenium.remote.service.DriverCommandExecutor.execute(DriverCommandExecutor.java:83)
	at org.openqa.selenium.remote.RemoteWebDriver.execute(RemoteWebDriver.java:601)
	at org.openqa.selenium.remote.RemoteWebDriver.findElement(RemoteWebDriver.java:371)
	at org.openqa.selenium.remote.RemoteWebDriver.findElementById(RemoteWebDriver.java:417)
	at org.openqa.selenium.By$ById.findElement(By.java:218)
	at org.openqa.selenium.remote.RemoteWebDriver.findElement(RemoteWebDriver.java:363)
	at sun.reflect.GeneratedMethodAccessor10.invoke(Unknown Source)
	at sun.reflect.DelegatingMethodAccessorImpl.invoke(DelegatingMethodAccessorImpl.java:43)
	at java.lang.reflect.Method.invoke(Method.java:498)
	at org.openqa.selenium.support.events.EventFiringWebDriver$2.invoke(EventFiringWebDriver.java:108)
	at com.sun.proxy.$Proxy6.findElement(Unknown Source)
	at org.openqa.selenium.support.events.EventFiringWebDriver.findElement(EventFiringWebDriver.java:192)
	at org.openqa.selenium.remote.server.handler.FindElement.call(FindElement.java:48)
	at org.openqa.selenium.remote.server.handler.FindElement.call(FindElement.java:33)
	at org.openqa.selenium.remote.server.handler.WebDriverHandler.handle(WebDriverHandler.java:41)
	at org.openqa.selenium.remote.server.rest.ResultConfig.handle(ResultConfig.java:112)
	at org.openqa.selenium.remote.server.JsonHttpCommandHandler.handleRequest(JsonHttpCommandHandler.java:191)
	at org.openqa.selenium.remote.server.DriverServlet.lambda$handleRequest$0(DriverServlet.java:261)
	at java.util.concurrent.Executors$RunnableAdapter.call(Executors.java:511)
	at java.util.concurrent.FutureTask.run(FutureTask.java:266)
	at java.util.concurrent.ThreadPoolExecutor.runWorker(ThreadPoolExecutor.java:1149)
	at java.util.concurrent.ThreadPoolExecutor$Worker.run(ThreadPoolExecutor.java:624)
	at java.lang.Thread.run(Thread.java:748)
Caused by: org.openqa.selenium.NoSuchElementException: Unable to locate element: {"method":"id","selector":"SDFSITAFI_ayuda"}
For documentation on this error, please visit: http://seleniumhq.org/exceptions/no_such_element.html
Build info: version: '3.8.1', revision: '6e95a6684b', time: '2017-12-01T19:05:32.194Z'
System info: host: 'localhost.localdomain', ip: '127.0.0.1', os.name: 'Linux', os.arch: 'amd64', os.version: '3.10.0-862.3.2.el7.x86_64', java.version: '1.8.0_171'
Driver info: driver.version: unknown
	at <anonymous class>.FirefoxDriver.prototype.findElementInternal_(file:///tmp/anonymous3396790572219169379webdriver-profile/extensions/fxdriver@googlecode.com/components/driver-component.js:11870)
	at <anonymous class>.FirefoxDriver.prototype.findElement(file:///tmp/anonymous3396790572219169379webdriver-profile/extensions/fxdriver@googlecode.com/components/driver-component.js:11879)
	at <anonymous class>.DelayedCommand.prototype.executeInternal_/k(file:///tmp/anonymous3396790572219169379webdriver-profile/extensions/fxdriver@googlecode.com/components/command-processor.js:13364)
	at <anonymous class>.DelayedCommand.prototype.executeInternal_(file:///tmp/anonymous3396790572219169379webdriver-profile/extensions/fxdriver@googlecode.com/components/command-processor.js:13369)
	at <anonymous class>.DelayedCommand.prototype.execute/<(file:///tmp/anonymous3396790572219169379webdriver-profile/extensions/fxdriver@googlecode.com/components/command-processor.js:13311)
13:54:20.977 WARN - Exception: Unable to locate element: {"method":"id","selector":"SDFSITAFI_ayuda"}
For documentation on this error, please visit: http://seleniumhq.org/exceptions/no_such_element.html
Build info: version: '3.8.1', revision: '6e95a6684b', time: '2017-12-01T19:05:32.194Z'
System info: host: 'localhost.localdomain', ip: '127.0.0.1', os.name: 'Linux', os.arch: 'amd64', os.version: '3.10.0-862.3.2.el7.x86_64', java.version: '1.8.0_171'
Driver info: driver.version: unknown
13:54:21.293 INFO - Executing: [find element: By.id: SDFSITAFI_ayuda])
13:54:21.730 WARN - Exception thrown
org.openqa.selenium.NoSuchElementException: Unable to locate element: {"method":"id","selector":"SDFSITAFI_ayuda"}
Command duration or timeout: 0 milliseconds
	at sun.reflect.NativeConstructorAccessorImpl.newInstance0(Native Method)
	at sun.reflect.NativeConstructorAccessorImpl.newInstance(NativeConstructorAccessorImpl.java:62)
	at sun.reflect.DelegatingConstructorAccessorImpl.newInstance(DelegatingConstructorAccessorImpl.java:45)
	at java.lang.reflect.Constructor.newInstance(Constructor.java:423)
	at org.openqa.selenium.remote.ErrorHandler.createThrowable(ErrorHandler.java:214)
	at org.openqa.selenium.remote.ErrorHandler.throwIfResponseFailed(ErrorHandler.java:166)
	at org.openqa.selenium.remote.http.JsonHttpResponseCodec.reconstructValue(JsonHttpResponseCodec.java:40)
	at org.openqa.selenium.remote.http.AbstractHttpResponseCodec.decode(AbstractHttpResponseCodec.java:80)
	at org.openqa.selenium.remote.http.AbstractHttpResponseCodec.decode(AbstractHttpResponseCodec.java:44)
	at org.openqa.selenium.remote.HttpCommandExecutor.execute(HttpCommandExecutor.java:164)
	at org.openqa.selenium.remote.service.DriverCommandExecutor.execute(DriverCommandExecutor.java:83)
	at org.openqa.selenium.remote.RemoteWebDriver.execute(RemoteWebDriver.java:601)
	at org.openqa.selenium.remote.RemoteWebDriver.findElement(RemoteWebDriver.java:371)
	at org.openqa.selenium.remote.RemoteWebDriver.findElementById(RemoteWebDriver.java:417)
	at org.openqa.selenium.By$ById.findElement(By.java:218)
	at org.openqa.selenium.remote.RemoteWebDriver.findElement(RemoteWebDriver.java:363)
	at sun.reflect.GeneratedMethodAccessor10.invoke(Unknown Source)
	at sun.reflect.DelegatingMethodAccessorImpl.invoke(DelegatingMethodAccessorImpl.java:43)
	at java.lang.reflect.Method.invoke(Method.java:498)
	at org.openqa.selenium.support.events.EventFiringWebDriver$2.invoke(EventFiringWebDriver.java:108)
	at com.sun.proxy.$Proxy6.findElement(Unknown Source)
	at org.openqa.selenium.support.events.EventFiringWebDriver.findElement(EventFiringWebDriver.java:192)
	at org.openqa.selenium.remote.server.handler.FindElement.call(FindElement.java:48)
	at org.openqa.selenium.remote.server.handler.FindElement.call(FindElement.java:33)
	at org.openqa.selenium.remote.server.handler.WebDriverHandler.handle(WebDriverHandler.java:41)
	at org.openqa.selenium.remote.server.rest.ResultConfig.handle(ResultConfig.java:112)
	at org.openqa.selenium.remote.server.JsonHttpCommandHandler.handleRequest(JsonHttpCommandHandler.java:191)
	at org.openqa.selenium.remote.server.DriverServlet.lambda$handleRequest$0(DriverServlet.java:261)
	at java.util.concurrent.Executors$RunnableAdapter.call(Executors.java:511)
	at java.util.concurrent.FutureTask.run(FutureTask.java:266)
	at java.util.concurrent.ThreadPoolExecutor.runWorker(ThreadPoolExecutor.java:1149)
	at java.util.concurrent.ThreadPoolExecutor$Worker.run(ThreadPoolExecutor.java:624)
	at java.lang.Thread.run(Thread.java:748)
Caused by: org.openqa.selenium.NoSuchElementException: Unable to locate element: {"method":"id","selector":"SDFSITAFI_ayuda"}
For documentation on this error, please visit: http://seleniumhq.org/exceptions/no_such_element.html
Build info: version: '3.8.1', revision: '6e95a6684b', time: '2017-12-01T19:05:32.194Z'
System info: host: 'localhost.localdomain', ip: '127.0.0.1', os.name: 'Linux', os.arch: 'amd64', os.version: '3.10.0-862.3.2.el7.x86_64', java.version: '1.8.0_171'
Driver info: driver.version: unknown
	at <anonymous class>.FirefoxDriver.prototype.findElementInternal_(file:///tmp/anonymous3396790572219169379webdriver-profile/extensions/fxdriver@googlecode.com/components/driver-component.js:11870)
	at <anonymous class>.FirefoxDriver.prototype.findElement(file:///tmp/anonymous3396790572219169379webdriver-profile/extensions/fxdriver@googlecode.com/components/driver-component.js:11879)
	at <anonymous class>.DelayedCommand.prototype.executeInternal_/k(file:///tmp/anonymous3396790572219169379webdriver-profile/extensions/fxdriver@googlecode.com/components/command-processor.js:13364)
	at <anonymous class>.DelayedCommand.prototype.executeInternal_(file:///tmp/anonymous3396790572219169379webdriver-profile/extensions/fxdriver@googlecode.com/components/command-processor.js:13369)
	at <anonymous class>.DelayedCommand.prototype.execute/<(file:///tmp/anonymous3396790572219169379webdriver-profile/extensions/fxdriver@googlecode.com/components/command-processor.js:13311)
13:54:21.731 WARN - Exception: Unable to locate element: {"method":"id","selector":"SDFSITAFI_ayuda"}
For documentation on this error, please visit: http://seleniumhq.org/exceptions/no_such_element.html
Build info: version: '3.8.1', revision: '6e95a6684b', time: '2017-12-01T19:05:32.194Z'
System info: host: 'localhost.localdomain', ip: '127.0.0.1', os.name: 'Linux', os.arch: 'amd64', os.version: '3.10.0-862.3.2.el7.x86_64', java.version: '1.8.0_171'
Driver info: driver.version: unknown
13:54:22.038 INFO - Executing: [find element: By.id: SDFSITAFI_ayuda])
13:54:22.501 WARN - Exception thrown
org.openqa.selenium.NoSuchElementException: Unable to locate element: {"method":"id","selector":"SDFSITAFI_ayuda"}
Command duration or timeout: 0 milliseconds
	at sun.reflect.NativeConstructorAccessorImpl.newInstance0(Native Method)
	at sun.reflect.NativeConstructorAccessorImpl.newInstance(NativeConstructorAccessorImpl.java:62)
	at sun.reflect.DelegatingConstructorAccessorImpl.newInstance(DelegatingConstructorAccessorImpl.java:45)
	at java.lang.reflect.Constructor.newInstance(Constructor.java:423)
	at org.openqa.selenium.remote.ErrorHandler.createThrowable(ErrorHandler.java:214)
	at org.openqa.selenium.remote.ErrorHandler.throwIfResponseFailed(ErrorHandler.java:166)
	at org.openqa.selenium.remote.http.JsonHttpResponseCodec.reconstructValue(JsonHttpResponseCodec.java:40)
	at org.openqa.selenium.remote.http.AbstractHttpResponseCodec.decode(AbstractHttpResponseCodec.java:80)
	at org.openqa.selenium.remote.http.AbstractHttpResponseCodec.decode(AbstractHttpResponseCodec.java:44)
	at org.openqa.selenium.remote.HttpCommandExecutor.execute(HttpCommandExecutor.java:164)
	at org.openqa.selenium.remote.service.DriverCommandExecutor.execute(DriverCommandExecutor.java:83)
	at org.openqa.selenium.remote.RemoteWebDriver.execute(RemoteWebDriver.java:601)
	at org.openqa.selenium.remote.RemoteWebDriver.findElement(RemoteWebDriver.java:371)
	at org.openqa.selenium.remote.RemoteWebDriver.findElementById(RemoteWebDriver.java:417)
	at org.openqa.selenium.By$ById.findElement(By.java:218)
	at org.openqa.selenium.remote.RemoteWebDriver.findElement(RemoteWebDriver.java:363)
	at sun.reflect.GeneratedMethodAccessor10.invoke(Unknown Source)
	at sun.reflect.DelegatingMethodAccessorImpl.invoke(DelegatingMethodAccessorImpl.java:43)
	at java.lang.reflect.Method.invoke(Method.java:498)
	at org.openqa.selenium.support.events.EventFiringWebDriver$2.invoke(EventFiringWebDriver.java:108)
	at com.sun.proxy.$Proxy6.findElement(Unknown Source)
	at org.openqa.selenium.support.events.EventFiringWebDriver.findElement(EventFiringWebDriver.java:192)
	at org.openqa.selenium.remote.server.handler.FindElement.call(FindElement.java:48)
	at org.openqa.selenium.remote.server.handler.FindElement.call(FindElement.java:33)
	at org.openqa.selenium.remote.server.handler.WebDriverHandler.handle(WebDriverHandler.java:41)
	at org.openqa.selenium.remote.server.rest.ResultConfig.handle(ResultConfig.java:112)
	at org.openqa.selenium.remote.server.JsonHttpCommandHandler.handleRequest(JsonHttpCommandHandler.java:191)
	at org.openqa.selenium.remote.server.DriverServlet.lambda$handleRequest$0(DriverServlet.java:261)
	at java.util.concurrent.Executors$RunnableAdapter.call(Executors.java:511)
	at java.util.concurrent.FutureTask.run(FutureTask.java:266)
	at java.util.concurrent.ThreadPoolExecutor.runWorker(ThreadPoolExecutor.java:1149)
	at java.util.concurrent.ThreadPoolExecutor$Worker.run(ThreadPoolExecutor.java:624)
	at java.lang.Thread.run(Thread.java:748)
Caused by: org.openqa.selenium.NoSuchElementException: Unable to locate element: {"method":"id","selector":"SDFSITAFI_ayuda"}
For documentation on this error, please visit: http://seleniumhq.org/exceptions/no_such_element.html
Build info: version: '3.8.1', revision: '6e95a6684b', time: '2017-12-01T19:05:32.194Z'
System info: host: 'localhost.localdomain', ip: '127.0.0.1', os.name: 'Linux', os.arch: 'amd64', os.version: '3.10.0-862.3.2.el7.x86_64', java.version: '1.8.0_171'
Driver info: driver.version: unknown
	at <anonymous class>.FirefoxDriver.prototype.findElementInternal_(file:///tmp/anonymous3396790572219169379webdriver-profile/extensions/fxdriver@googlecode.com/components/driver-component.js:11870)
	at <anonymous class>.FirefoxDriver.prototype.findElement(file:///tmp/anonymous3396790572219169379webdriver-profile/extensions/fxdriver@googlecode.com/components/driver-component.js:11879)
	at <anonymous class>.DelayedCommand.prototype.executeInternal_/k(file:///tmp/anonymous3396790572219169379webdriver-profile/extensions/fxdriver@googlecode.com/components/command-processor.js:13364)
	at <anonymous class>.DelayedCommand.prototype.executeInternal_(file:///tmp/anonymous3396790572219169379webdriver-profile/extensions/fxdriver@googlecode.com/components/command-processor.js:13369)
	at <anonymous class>.DelayedCommand.prototype.execute/<(file:///tmp/anonymous3396790572219169379webdriver-profile/extensions/fxdriver@googlecode.com/components/command-processor.js:13311)
13:54:22.503 WARN - Exception: Unable to locate element: {"method":"id","selector":"SDFSITAFI_ayuda"}
For documentation on this error, please visit: http://seleniumhq.org/exceptions/no_such_element.html
Build info: version: '3.8.1', revision: '6e95a6684b', time: '2017-12-01T19:05:32.194Z'
System info: host: 'localhost.localdomain', ip: '127.0.0.1', os.name: 'Linux', os.arch: 'amd64', os.version: '3.10.0-862.3.2.el7.x86_64', java.version: '1.8.0_171'
Driver info: driver.version: unknown
13:54:22.812 INFO - Executing: [find element: By.id: SDFSITAFI_ayuda])
13:54:23.449 WARN - Exception thrown
org.openqa.selenium.NoSuchElementException: Unable to locate element: {"method":"id","selector":"SDFSITAFI_ayuda"}
Command duration or timeout: 0 milliseconds
	at sun.reflect.NativeConstructorAccessorImpl.newInstance0(Native Method)
	at sun.reflect.NativeConstructorAccessorImpl.newInstance(NativeConstructorAccessorImpl.java:62)
	at sun.reflect.DelegatingConstructorAccessorImpl.newInstance(DelegatingConstructorAccessorImpl.java:45)
	at java.lang.reflect.Constructor.newInstance(Constructor.java:423)
	at org.openqa.selenium.remote.ErrorHandler.createThrowable(ErrorHandler.java:214)
	at org.openqa.selenium.remote.ErrorHandler.throwIfResponseFailed(ErrorHandler.java:166)
	at org.openqa.selenium.remote.http.JsonHttpResponseCodec.reconstructValue(JsonHttpResponseCodec.java:40)
	at org.openqa.selenium.remote.http.AbstractHttpResponseCodec.decode(AbstractHttpResponseCodec.java:80)
	at org.openqa.selenium.remote.http.AbstractHttpResponseCodec.decode(AbstractHttpResponseCodec.java:44)
	at org.openqa.selenium.remote.HttpCommandExecutor.execute(HttpCommandExecutor.java:164)
	at org.openqa.selenium.remote.service.DriverCommandExecutor.execute(DriverCommandExecutor.java:83)
	at org.openqa.selenium.remote.RemoteWebDriver.execute(RemoteWebDriver.java:601)
	at org.openqa.selenium.remote.RemoteWebDriver.findElement(RemoteWebDriver.java:371)
	at org.openqa.selenium.remote.RemoteWebDriver.findElementById(RemoteWebDriver.java:417)
	at org.openqa.selenium.By$ById.findElement(By.java:218)
	at org.openqa.selenium.remote.RemoteWebDriver.findElement(RemoteWebDriver.java:363)
	at sun.reflect.GeneratedMethodAccessor10.invoke(Unknown Source)
	at sun.reflect.DelegatingMethodAccessorImpl.invoke(DelegatingMethodAccessorImpl.java:43)
	at java.lang.reflect.Method.invoke(Method.java:498)
	at org.openqa.selenium.support.events.EventFiringWebDriver$2.invoke(EventFiringWebDriver.java:108)
	at com.sun.proxy.$Proxy6.findElement(Unknown Source)
	at org.openqa.selenium.support.events.EventFiringWebDriver.findElement(EventFiringWebDriver.java:192)
	at org.openqa.selenium.remote.server.handler.FindElement.call(FindElement.java:48)
	at org.openqa.selenium.remote.server.handler.FindElement.call(FindElement.java:33)
	at org.openqa.selenium.remote.server.handler.WebDriverHandler.handle(WebDriverHandler.java:41)
	at org.openqa.selenium.remote.server.rest.ResultConfig.handle(ResultConfig.java:112)
	at org.openqa.selenium.remote.server.JsonHttpCommandHandler.handleRequest(JsonHttpCommandHandler.java:191)
	at org.openqa.selenium.remote.server.DriverServlet.lambda$handleRequest$0(DriverServlet.java:261)
	at java.util.concurrent.Executors$RunnableAdapter.call(Executors.java:511)
	at java.util.concurrent.FutureTask.run(FutureTask.java:266)
	at java.util.concurrent.ThreadPoolExecutor.runWorker(ThreadPoolExecutor.java:1149)
	at java.util.concurrent.ThreadPoolExecutor$Worker.run(ThreadPoolExecutor.java:624)
	at java.lang.Thread.run(Thread.java:748)
Caused by: org.openqa.selenium.NoSuchElementException: Unable to locate element: {"method":"id","selector":"SDFSITAFI_ayuda"}
For documentation on this error, please visit: http://seleniumhq.org/exceptions/no_such_element.html
Build info: version: '3.8.1', revision: '6e95a6684b', time: '2017-12-01T19:05:32.194Z'
System info: host: 'localhost.localdomain', ip: '127.0.0.1', os.name: 'Linux', os.arch: 'amd64', os.version: '3.10.0-862.3.2.el7.x86_64', java.version: '1.8.0_171'
Driver info: driver.version: unknown
	at <anonymous class>.FirefoxDriver.prototype.findElementInternal_(file:///tmp/anonymous3396790572219169379webdriver-profile/extensions/fxdriver@googlecode.com/components/driver-component.js:11870)
	at <anonymous class>.FirefoxDriver.prototype.findElement(file:///tmp/anonymous3396790572219169379webdriver-profile/extensions/fxdriver@googlecode.com/components/driver-component.js:11879)
	at <anonymous class>.DelayedCommand.prototype.executeInternal_/k(file:///tmp/anonymous3396790572219169379webdriver-profile/extensions/fxdriver@googlecode.com/components/command-processor.js:13364)
	at <anonymous class>.DelayedCommand.prototype.executeInternal_(file:///tmp/anonymous3396790572219169379webdriver-profile/extensions/fxdriver@googlecode.com/components/command-processor.js:13369)
	at <anonymous class>.DelayedCommand.prototype.execute/<(file:///tmp/anonymous3396790572219169379webdriver-profile/extensions/fxdriver@googlecode.com/components/command-processor.js:13311)
13:54:23.449 WARN - Exception: Unable to locate element: {"method":"id","selector":"SDFSITAFI_ayuda"}
For documentation on this error, please visit: http://seleniumhq.org/exceptions/no_such_element.html
Build info: version: '3.8.1', revision: '6e95a6684b', time: '2017-12-01T19:05:32.194Z'
System info: host: 'localhost.localdomain', ip: '127.0.0.1', os.name: 'Linux', os.arch: 'amd64', os.version: '3.10.0-862.3.2.el7.x86_64', java.version: '1.8.0_171'
Driver info: driver.version: unknown
13:54:23.757 INFO - Executing: [find element: By.id: SDFSITAFI_ayuda])
13:54:24.535 WARN - Exception thrown
org.openqa.selenium.NoSuchElementException: Unable to locate element: {"method":"id","selector":"SDFSITAFI_ayuda"}
Command duration or timeout: 0 milliseconds
	at sun.reflect.NativeConstructorAccessorImpl.newInstance0(Native Method)
	at sun.reflect.NativeConstructorAccessorImpl.newInstance(NativeConstructorAccessorImpl.java:62)
	at sun.reflect.DelegatingConstructorAccessorImpl.newInstance(DelegatingConstructorAccessorImpl.java:45)
	at java.lang.reflect.Constructor.newInstance(Constructor.java:423)
	at org.openqa.selenium.remote.ErrorHandler.createThrowable(ErrorHandler.java:214)
	at org.openqa.selenium.remote.ErrorHandler.throwIfResponseFailed(ErrorHandler.java:166)
	at org.openqa.selenium.remote.http.JsonHttpResponseCodec.reconstructValue(JsonHttpResponseCodec.java:40)
	at org.openqa.selenium.remote.http.AbstractHttpResponseCodec.decode(AbstractHttpResponseCodec.java:80)
	at org.openqa.selenium.remote.http.AbstractHttpResponseCodec.decode(AbstractHttpResponseCodec.java:44)
	at org.openqa.selenium.remote.HttpCommandExecutor.execute(HttpCommandExecutor.java:164)
	at org.openqa.selenium.remote.service.DriverCommandExecutor.execute(DriverCommandExecutor.java:83)
	at org.openqa.selenium.remote.RemoteWebDriver.execute(RemoteWebDriver.java:601)
	at org.openqa.selenium.remote.RemoteWebDriver.findElement(RemoteWebDriver.java:371)
	at org.openqa.selenium.remote.RemoteWebDriver.findElementById(RemoteWebDriver.java:417)
	at org.openqa.selenium.By$ById.findElement(By.java:218)
	at org.openqa.selenium.remote.RemoteWebDriver.findElement(RemoteWebDriver.java:363)
	at sun.reflect.GeneratedMethodAccessor10.invoke(Unknown Source)
	at sun.reflect.DelegatingMethodAccessorImpl.invoke(DelegatingMethodAccessorImpl.java:43)
	at java.lang.reflect.Method.invoke(Method.java:498)
	at org.openqa.selenium.support.events.EventFiringWebDriver$2.invoke(EventFiringWebDriver.java:108)
	at com.sun.proxy.$Proxy6.findElement(Unknown Source)
	at org.openqa.selenium.support.events.EventFiringWebDriver.findElement(EventFiringWebDriver.java:192)
	at org.openqa.selenium.remote.server.handler.FindElement.call(FindElement.java:48)
	at org.openqa.selenium.remote.server.handler.FindElement.call(FindElement.java:33)
	at org.openqa.selenium.remote.server.handler.WebDriverHandler.handle(WebDriverHandler.java:41)
	at org.openqa.selenium.remote.server.rest.ResultConfig.handle(ResultConfig.java:112)
	at org.openqa.selenium.remote.server.JsonHttpCommandHandler.handleRequest(JsonHttpCommandHandler.java:191)
	at org.openqa.selenium.remote.server.DriverServlet.lambda$handleRequest$0(DriverServlet.java:261)
	at java.util.concurrent.Executors$RunnableAdapter.call(Executors.java:511)
	at java.util.concurrent.FutureTask.run(FutureTask.java:266)
	at java.util.concurrent.ThreadPoolExecutor.runWorker(ThreadPoolExecutor.java:1149)
	at java.util.concurrent.ThreadPoolExecutor$Worker.run(ThreadPoolExecutor.java:624)
	at java.lang.Thread.run(Thread.java:748)
Caused by: org.openqa.selenium.NoSuchElementException: Unable to locate element: {"method":"id","selector":"SDFSITAFI_ayuda"}
For documentation on this error, please visit: http://seleniumhq.org/exceptions/no_such_element.html
Build info: version: '3.8.1', revision: '6e95a6684b', time: '2017-12-01T19:05:32.194Z'
System info: host: 'localhost.localdomain', ip: '127.0.0.1', os.name: 'Linux', os.arch: 'amd64', os.version: '3.10.0-862.3.2.el7.x86_64', java.version: '1.8.0_171'
Driver info: driver.version: unknown
	at <anonymous class>.FirefoxDriver.prototype.findElementInternal_(file:///tmp/anonymous3396790572219169379webdriver-profile/extensions/fxdriver@googlecode.com/components/driver-component.js:11870)
	at <anonymous class>.FirefoxDriver.prototype.findElement(file:///tmp/anonymous3396790572219169379webdriver-profile/extensions/fxdriver@googlecode.com/components/driver-component.js:11879)
	at <anonymous class>.DelayedCommand.prototype.executeInternal_/k(file:///tmp/anonymous3396790572219169379webdriver-profile/extensions/fxdriver@googlecode.com/components/command-processor.js:13364)
	at <anonymous class>.DelayedCommand.prototype.executeInternal_(file:///tmp/anonymous3396790572219169379webdriver-profile/extensions/fxdriver@googlecode.com/components/command-processor.js:13369)
	at <anonymous class>.DelayedCommand.prototype.execute/<(file:///tmp/anonymous3396790572219169379webdriver-profile/extensions/fxdriver@googlecode.com/components/command-processor.js:13311)
13:54:24.536 WARN - Exception: Unable to locate element: {"method":"id","selector":"SDFSITAFI_ayuda"}
For documentation on this error, please visit: http://seleniumhq.org/exceptions/no_such_element.html
Build info: version: '3.8.1', revision: '6e95a6684b', time: '2017-12-01T19:05:32.194Z'
System info: host: 'localhost.localdomain', ip: '127.0.0.1', os.name: 'Linux', os.arch: 'amd64', os.version: '3.10.0-862.3.2.el7.x86_64', java.version: '1.8.0_171'
Driver info: driver.version: unknown
13:54:24.880 INFO - Executing: [find element: By.id: SDFSITAFI_ayuda])
13:54:25.796 WARN - Exception thrown
org.openqa.selenium.NoSuchElementException: Unable to locate element: {"method":"id","selector":"SDFSITAFI_ayuda"}
Command duration or timeout: 0 milliseconds
	at sun.reflect.NativeConstructorAccessorImpl.newInstance0(Native Method)
	at sun.reflect.NativeConstructorAccessorImpl.newInstance(NativeConstructorAccessorImpl.java:62)
	at sun.reflect.DelegatingConstructorAccessorImpl.newInstance(DelegatingConstructorAccessorImpl.java:45)
	at java.lang.reflect.Constructor.newInstance(Constructor.java:423)
	at org.openqa.selenium.remote.ErrorHandler.createThrowable(ErrorHandler.java:214)
	at org.openqa.selenium.remote.ErrorHandler.throwIfResponseFailed(ErrorHandler.java:166)
	at org.openqa.selenium.remote.http.JsonHttpResponseCodec.reconstructValue(JsonHttpResponseCodec.java:40)
	at org.openqa.selenium.remote.http.AbstractHttpResponseCodec.decode(AbstractHttpResponseCodec.java:80)
	at org.openqa.selenium.remote.http.AbstractHttpResponseCodec.decode(AbstractHttpResponseCodec.java:44)
	at org.openqa.selenium.remote.HttpCommandExecutor.execute(HttpCommandExecutor.java:164)
	at org.openqa.selenium.remote.service.DriverCommandExecutor.execute(DriverCommandExecutor.java:83)
	at org.openqa.selenium.remote.RemoteWebDriver.execute(RemoteWebDriver.java:601)
	at org.openqa.selenium.remote.RemoteWebDriver.findElement(RemoteWebDriver.java:371)
	at org.openqa.selenium.remote.RemoteWebDriver.findElementById(RemoteWebDriver.java:417)
	at org.openqa.selenium.By$ById.findElement(By.java:218)
	at org.openqa.selenium.remote.RemoteWebDriver.findElement(RemoteWebDriver.java:363)
	at sun.reflect.GeneratedMethodAccessor10.invoke(Unknown Source)
	at sun.reflect.DelegatingMethodAccessorImpl.invoke(DelegatingMethodAccessorImpl.java:43)
	at java.lang.reflect.Method.invoke(Method.java:498)
	at org.openqa.selenium.support.events.EventFiringWebDriver$2.invoke(EventFiringWebDriver.java:108)
	at com.sun.proxy.$Proxy6.findElement(Unknown Source)
	at org.openqa.selenium.support.events.EventFiringWebDriver.findElement(EventFiringWebDriver.java:192)
	at org.openqa.selenium.remote.server.handler.FindElement.call(FindElement.java:48)
	at org.openqa.selenium.remote.server.handler.FindElement.call(FindElement.java:33)
	at org.openqa.selenium.remote.server.handler.WebDriverHandler.handle(WebDriverHandler.java:41)
	at org.openqa.selenium.remote.server.rest.ResultConfig.handle(ResultConfig.java:112)
	at org.openqa.selenium.remote.server.JsonHttpCommandHandler.handleRequest(JsonHttpCommandHandler.java:191)
	at org.openqa.selenium.remote.server.DriverServlet.lambda$handleRequest$0(DriverServlet.java:261)
	at java.util.concurrent.Executors$RunnableAdapter.call(Executors.java:511)
	at java.util.concurrent.FutureTask.run(FutureTask.java:266)
	at java.util.concurrent.ThreadPoolExecutor.runWorker(ThreadPoolExecutor.java:1149)
	at java.util.concurrent.ThreadPoolExecutor$Worker.run(ThreadPoolExecutor.java:624)
	at java.lang.Thread.run(Thread.java:748)
Caused by: org.openqa.selenium.NoSuchElementException: Unable to locate element: {"method":"id","selector":"SDFSITAFI_ayuda"}
For documentation on this error, please visit: http://seleniumhq.org/exceptions/no_such_element.html
Build info: version: '3.8.1', revision: '6e95a6684b', time: '2017-12-01T19:05:32.194Z'
System info: host: 'localhost.localdomain', ip: '127.0.0.1', os.name: 'Linux', os.arch: 'amd64', os.version: '3.10.0-862.3.2.el7.x86_64', java.version: '1.8.0_171'
Driver info: driver.version: unknown
	at <anonymous class>.FirefoxDriver.prototype.findElementInternal_(file:///tmp/anonymous3396790572219169379webdriver-profile/extensions/fxdriver@googlecode.com/components/driver-component.js:11870)
	at <anonymous class>.FirefoxDriver.prototype.findElement(file:///tmp/anonymous3396790572219169379webdriver-profile/extensions/fxdriver@googlecode.com/components/driver-component.js:11879)
	at <anonymous class>.DelayedCommand.prototype.executeInternal_/k(file:///tmp/anonymous3396790572219169379webdriver-profile/extensions/fxdriver@googlecode.com/components/command-processor.js:13364)
	at <anonymous class>.DelayedCommand.prototype.executeInternal_(file:///tmp/anonymous3396790572219169379webdriver-profile/extensions/fxdriver@googlecode.com/components/command-processor.js:13369)
	at <anonymous class>.DelayedCommand.prototype.execute/<(file:///tmp/anonymous3396790572219169379webdriver-profile/extensions/fxdriver@googlecode.com/components/command-processor.js:13311)
13:54:25.797 WARN - Exception: Unable to locate element: {"method":"id","selector":"SDFSITAFI_ayuda"}
For documentation on this error, please visit: http://seleniumhq.org/exceptions/no_such_element.html
Build info: version: '3.8.1', revision: '6e95a6684b', time: '2017-12-01T19:05:32.194Z'
System info: host: 'localhost.localdomain', ip: '127.0.0.1', os.name: 'Linux', os.arch: 'amd64', os.version: '3.10.0-862.3.2.el7.x86_64', java.version: '1.8.0_171'
Driver info: driver.version: unknown
13:54:26.145 INFO - Executing: [find element: By.id: Static001])
13:54:26.916 WARN - Exception thrown
org.openqa.selenium.NoSuchElementException: Unable to locate element: {"method":"id","selector":"Static001"}
Command duration or timeout: 0 milliseconds
	at sun.reflect.NativeConstructorAccessorImpl.newInstance0(Native Method)
	at sun.reflect.NativeConstructorAccessorImpl.newInstance(NativeConstructorAccessorImpl.java:62)
	at sun.reflect.DelegatingConstructorAccessorImpl.newInstance(DelegatingConstructorAccessorImpl.java:45)
	at java.lang.reflect.Constructor.newInstance(Constructor.java:423)
	at org.openqa.selenium.remote.ErrorHandler.createThrowable(ErrorHandler.java:214)
	at org.openqa.selenium.remote.ErrorHandler.throwIfResponseFailed(ErrorHandler.java:166)
	at org.openqa.selenium.remote.http.JsonHttpResponseCodec.reconstructValue(JsonHttpResponseCodec.java:40)
	at org.openqa.selenium.remote.http.AbstractHttpResponseCodec.decode(AbstractHttpResponseCodec.java:80)
	at org.openqa.selenium.remote.http.AbstractHttpResponseCodec.decode(AbstractHttpResponseCodec.java:44)
	at org.openqa.selenium.remote.HttpCommandExecutor.execute(HttpCommandExecutor.java:164)
	at org.openqa.selenium.remote.service.DriverCommandExecutor.execute(DriverCommandExecutor.java:83)
	at org.openqa.selenium.remote.RemoteWebDriver.execute(RemoteWebDriver.java:601)
	at org.openqa.selenium.remote.RemoteWebDriver.findElement(RemoteWebDriver.java:371)
	at org.openqa.selenium.remote.RemoteWebDriver.findElementById(RemoteWebDriver.java:417)
	at org.openqa.selenium.By$ById.findElement(By.java:218)
	at org.openqa.selenium.remote.RemoteWebDriver.findElement(RemoteWebDriver.java:363)
	at sun.reflect.GeneratedMethodAccessor10.invoke(Unknown Source)
	at sun.reflect.DelegatingMethodAccessorImpl.invoke(DelegatingMethodAccessorImpl.java:43)
	at java.lang.reflect.Method.invoke(Method.java:498)
	at org.openqa.selenium.support.events.EventFiringWebDriver$2.invoke(EventFiringWebDriver.java:108)
	at com.sun.proxy.$Proxy6.findElement(Unknown Source)
	at org.openqa.selenium.support.events.EventFiringWebDriver.findElement(EventFiringWebDriver.java:192)
	at org.openqa.selenium.remote.server.handler.FindElement.call(FindElement.java:48)
	at org.openqa.selenium.remote.server.handler.FindElement.call(FindElement.java:33)
	at org.openqa.selenium.remote.server.handler.WebDriverHandler.handle(WebDriverHandler.java:41)
	at org.openqa.selenium.remote.server.rest.ResultConfig.handle(ResultConfig.java:112)
	at org.openqa.selenium.remote.server.JsonHttpCommandHandler.handleRequest(JsonHttpCommandHandler.java:191)
	at org.openqa.selenium.remote.server.DriverServlet.lambda$handleRequest$0(DriverServlet.java:261)
	at java.util.concurrent.Executors$RunnableAdapter.call(Executors.java:511)
	at java.util.concurrent.FutureTask.run(FutureTask.java:266)
	at java.util.concurrent.ThreadPoolExecutor.runWorker(ThreadPoolExecutor.java:1149)
	at java.util.concurrent.ThreadPoolExecutor$Worker.run(ThreadPoolExecutor.java:624)
	at java.lang.Thread.run(Thread.java:748)
Caused by: org.openqa.selenium.NoSuchElementException: Unable to locate element: {"method":"id","selector":"Static001"}
For documentation on this error, please visit: http://seleniumhq.org/exceptions/no_such_element.html
Build info: version: '3.8.1', revision: '6e95a6684b', time: '2017-12-01T19:05:32.194Z'
System info: host: 'localhost.localdomain', ip: '127.0.0.1', os.name: 'Linux', os.arch: 'amd64', os.version: '3.10.0-862.3.2.el7.x86_64', java.version: '1.8.0_171'
Driver info: driver.version: unknown
	at <anonymous class>.FirefoxDriver.prototype.findElementInternal_(file:///tmp/anonymous3396790572219169379webdriver-profile/extensions/fxdriver@googlecode.com/components/driver-component.js:11870)
	at <anonymous class>.FirefoxDriver.prototype.findElement(file:///tmp/anonymous3396790572219169379webdriver-profile/extensions/fxdriver@googlecode.com/components/driver-component.js:11879)
	at <anonymous class>.DelayedCommand.prototype.executeInternal_/k(file:///tmp/anonymous3396790572219169379webdriver-profile/extensions/fxdriver@googlecode.com/components/command-processor.js:13364)
	at <anonymous class>.DelayedCommand.prototype.executeInternal_(file:///tmp/anonymous3396790572219169379webdriver-profile/extensions/fxdriver@googlecode.com/components/command-processor.js:13369)
	at <anonymous class>.DelayedCommand.prototype.execute/<(file:///tmp/anonymous3396790572219169379webdriver-profile/extensions/fxdriver@googlecode.com/components/command-processor.js:13311)
13:54:26.917 WARN - Exception: Unable to locate element: {"method":"id","selector":"Static001"}
For documentation on this error, please visit: http://seleniumhq.org/exceptions/no_such_element.html
Build info: version: '3.8.1', revision: '6e95a6684b', time: '2017-12-01T19:05:32.194Z'
System info: host: 'localhost.localdomain', ip: '127.0.0.1', os.name: 'Linux', os.arch: 'amd64', os.version: '3.10.0-862.3.2.el7.x86_64', java.version: '1.8.0_171'
Driver info: driver.version: unknown
13:54:26.967 INFO - Executing: [find element: By.id: DIL])
13:54:27.023 INFO - Done: [find element: By.id: DIL]
13:54:27.025 INFO - Executing: [get text: 16 [[FirefoxDriver: firefox on LINUX (5fc04f1a-17e0-4f5c-918f-9272a7fa7e16)] -> id: DIL]])
13:54:27.095 INFO - Done: [get text: 16 [[FirefoxDriver: firefox on LINUX (5fc04f1a-17e0-4f5c-918f-9272a7fa7e16)] -> id: DIL]]
13:54:27.102 INFO - Executing: [get text: 16 [[FirefoxDriver: firefox on LINUX (5fc04f1a-17e0-4f5c-918f-9272a7fa7e16)] -> id: DIL]])
13:54:27.209 INFO - Done: [get text: 16 [[FirefoxDriver: firefox on LINUX (5fc04f1a-17e0-4f5c-918f-9272a7fa7e16)] -> id: DIL]]
13:54:27.243 INFO - Executing: [is displayed: 16 [[FirefoxDriver: firefox on LINUX (5fc04f1a-17e0-4f5c-918f-9272a7fa7e16)] -> id: DIL]])
13:54:27.273 INFO - Done: [is displayed: 16 [[FirefoxDriver: firefox on LINUX (5fc04f1a-17e0-4f5c-918f-9272a7fa7e16)] -> id: DIL]]
13:54:27.582 INFO - Executing: [get: https://w2.seg-social.es/Xhtml?JacadaApplicationName=SGIRED&TRANSACCION=ATR01&E=I&AP=AFIR])
13:54:28.443 INFO - Done: [get: https://w2.seg-social.es/Xhtml?JacadaApplicationName=SGIRED&TRANSACCION=ATR01&E=I&AP=AFIR]
13:54:28.469 INFO - Executing: [find element: By.name: txt_SDFPROAFI])
13:54:28.504 INFO - Done: [find element: By.name: txt_SDFPROAFI]
13:54:28.506 INFO - Executing: [send keys: 17 [[FirefoxDriver: firefox on LINUX (5fc04f1a-17e0-4f5c-918f-9272a7fa7e16)] -> name: txt_SDFPROAFI], [12]])
13:54:28.643 INFO - Done: [send keys: 17 [[FirefoxDriver: firefox on LINUX (5fc04f1a-17e0-4f5c-918f-9272a7fa7e16)] -> name: txt_SDFPROAFI], [12]]
13:54:28.647 INFO - Executing: [find element: By.name: txt_SDFCODAFI])
13:54:28.709 INFO - Done: [find element: By.name: txt_SDFCODAFI]
13:54:28.713 INFO - Executing: [send keys: 18 [[FirefoxDriver: firefox on LINUX (5fc04f1a-17e0-4f5c-918f-9272a7fa7e16)] -> name: txt_SDFCODAFI], [1030655213]])
13:54:28.884 INFO - Done: [send keys: 18 [[FirefoxDriver: firefox on LINUX (5fc04f1a-17e0-4f5c-918f-9272a7fa7e16)] -> name: txt_SDFCODAFI], [1030655213]]
13:54:28.888 INFO - Executing: [find element: By.name: txt_SDFTIPPFI_ayuda])
13:54:28.916 INFO - Done: [find element: By.name: txt_SDFTIPPFI_ayuda]
13:54:28.918 INFO - Executing: [send keys: 19 [[FirefoxDriver: firefox on LINUX (5fc04f1a-17e0-4f5c-918f-9272a7fa7e16)] -> name: txt_SDFTIPPFI_ayuda], [1]])
13:54:28.998 INFO - Done: [send keys: 19 [[FirefoxDriver: firefox on LINUX (5fc04f1a-17e0-4f5c-918f-9272a7fa7e16)] -> name: txt_SDFTIPPFI_ayuda], [1]]
13:54:29.012 INFO - Executing: [find element: By.name: txt_SDFNUMPFI])
13:54:29.051 INFO - Done: [find element: By.name: txt_SDFNUMPFI]
13:54:29.059 INFO - Executing: [send keys: 20 [[FirefoxDriver: firefox on LINUX (5fc04f1a-17e0-4f5c-918f-9272a7fa7e16)] -> name: txt_SDFNUMPFI], [53791636H]])
13:54:29.199 INFO - Done: [send keys: 20 [[FirefoxDriver: firefox on LINUX (5fc04f1a-17e0-4f5c-918f-9272a7fa7e16)] -> name: txt_SDFNUMPFI], [53791636H]]
13:54:29.204 INFO - Executing: [find element: By.name: txt_SDFREGAFI_ayuda])
13:54:29.237 INFO - Done: [find element: By.name: txt_SDFREGAFI_ayuda]
13:54:29.241 INFO - Executing: [send keys: 21 [[FirefoxDriver: firefox on LINUX (5fc04f1a-17e0-4f5c-918f-9272a7fa7e16)] -> name: txt_SDFREGAFI_ayuda], [111]])
13:54:29.293 INFO - Done: [send keys: 21 [[FirefoxDriver: firefox on LINUX (5fc04f1a-17e0-4f5c-918f-9272a7fa7e16)] -> name: txt_SDFREGAFI_ayuda], [111]]
13:54:29.298 INFO - Executing: [find element: By.name: txt_SDFTESCTACOT])
13:54:29.323 INFO - Done: [find element: By.name: txt_SDFTESCTACOT]
13:54:29.327 INFO - Executing: [send keys: 22 [[FirefoxDriver: firefox on LINUX (5fc04f1a-17e0-4f5c-918f-9272a7fa7e16)] -> name: txt_SDFTESCTACOT], [28]])
13:54:29.511 INFO - Done: [send keys: 22 [[FirefoxDriver: firefox on LINUX (5fc04f1a-17e0-4f5c-918f-9272a7fa7e16)] -> name: txt_SDFTESCTACOT], [28]]
13:54:29.515 INFO - Executing: [find element: By.name: txt_SDFCTACOT])
13:54:29.532 INFO - Done: [find element: By.name: txt_SDFCTACOT]
13:54:29.547 INFO - Executing: [send keys: 23 [[FirefoxDriver: firefox on LINUX (5fc04f1a-17e0-4f5c-918f-9272a7fa7e16)] -> name: txt_SDFCTACOT], [149794464]])
13:54:29.810 INFO - Done: [send keys: 23 [[FirefoxDriver: firefox on LINUX (5fc04f1a-17e0-4f5c-918f-9272a7fa7e16)] -> name: txt_SDFCTACOT], [149794464]]
13:54:29.813 INFO - Executing: [take screenshot])
13:54:30.022 INFO - Done: [take screenshot]
13:54:30.057 INFO - Executing: [find element: By.name: btn_Sub2207401004])
13:54:30.085 INFO - Done: [find element: By.name: btn_Sub2207401004]
13:54:30.087 INFO - Executing: [click: 24 [[FirefoxDriver: firefox on LINUX (5fc04f1a-17e0-4f5c-918f-9272a7fa7e16)] -> name: btn_Sub2207401004]])
13:54:31.318 INFO - Done: [click: 24 [[FirefoxDriver: firefox on LINUX (5fc04f1a-17e0-4f5c-918f-9272a7fa7e16)] -> name: btn_Sub2207401004]]
13:54:31.403 INFO - Executing: [find element: By.id: SDFSITAFI_ayuda])
13:54:31.429 INFO - Done: [find element: By.id: SDFSITAFI_ayuda]
13:54:31.431 INFO - Executing: [is displayed: 25 [[FirefoxDriver: firefox on LINUX (5fc04f1a-17e0-4f5c-918f-9272a7fa7e16)] -> id: SDFSITAFI_ayuda]])
13:54:31.479 INFO - Done: [is displayed: 25 [[FirefoxDriver: firefox on LINUX (5fc04f1a-17e0-4f5c-918f-9272a7fa7e16)] -> id: SDFSITAFI_ayuda]]
13:54:31.529 INFO - Executing: [find element: By.id: Static001])
13:54:31.992 WARN - Exception thrown
org.openqa.selenium.NoSuchElementException: Unable to locate element: {"method":"id","selector":"Static001"}
Command duration or timeout: 0 milliseconds
	at sun.reflect.NativeConstructorAccessorImpl.newInstance0(Native Method)
	at sun.reflect.NativeConstructorAccessorImpl.newInstance(NativeConstructorAccessorImpl.java:62)
	at sun.reflect.DelegatingConstructorAccessorImpl.newInstance(DelegatingConstructorAccessorImpl.java:45)
	at java.lang.reflect.Constructor.newInstance(Constructor.java:423)
	at org.openqa.selenium.remote.ErrorHandler.createThrowable(ErrorHandler.java:214)
	at org.openqa.selenium.remote.ErrorHandler.throwIfResponseFailed(ErrorHandler.java:166)
	at org.openqa.selenium.remote.http.JsonHttpResponseCodec.reconstructValue(JsonHttpResponseCodec.java:40)
	at org.openqa.selenium.remote.http.AbstractHttpResponseCodec.decode(AbstractHttpResponseCodec.java:80)
	at org.openqa.selenium.remote.http.AbstractHttpResponseCodec.decode(AbstractHttpResponseCodec.java:44)
	at org.openqa.selenium.remote.HttpCommandExecutor.execute(HttpCommandExecutor.java:164)
	at org.openqa.selenium.remote.service.DriverCommandExecutor.execute(DriverCommandExecutor.java:83)
	at org.openqa.selenium.remote.RemoteWebDriver.execute(RemoteWebDriver.java:601)
	at org.openqa.selenium.remote.RemoteWebDriver.findElement(RemoteWebDriver.java:371)
	at org.openqa.selenium.remote.RemoteWebDriver.findElementById(RemoteWebDriver.java:417)
	at org.openqa.selenium.By$ById.findElement(By.java:218)
	at org.openqa.selenium.remote.RemoteWebDriver.findElement(RemoteWebDriver.java:363)
	at sun.reflect.GeneratedMethodAccessor10.invoke(Unknown Source)
	at sun.reflect.DelegatingMethodAccessorImpl.invoke(DelegatingMethodAccessorImpl.java:43)
	at java.lang.reflect.Method.invoke(Method.java:498)
	at org.openqa.selenium.support.events.EventFiringWebDriver$2.invoke(EventFiringWebDriver.java:108)
	at com.sun.proxy.$Proxy6.findElement(Unknown Source)
	at org.openqa.selenium.support.events.EventFiringWebDriver.findElement(EventFiringWebDriver.java:192)
	at org.openqa.selenium.remote.server.handler.FindElement.call(FindElement.java:48)
	at org.openqa.selenium.remote.server.handler.FindElement.call(FindElement.java:33)
	at org.openqa.selenium.remote.server.handler.WebDriverHandler.handle(WebDriverHandler.java:41)
	at org.openqa.selenium.remote.server.rest.ResultConfig.handle(ResultConfig.java:112)
	at org.openqa.selenium.remote.server.JsonHttpCommandHandler.handleRequest(JsonHttpCommandHandler.java:191)
	at org.openqa.selenium.remote.server.DriverServlet.lambda$handleRequest$0(DriverServlet.java:261)
	at java.util.concurrent.Executors$RunnableAdapter.call(Executors.java:511)
	at java.util.concurrent.FutureTask.run(FutureTask.java:266)
	at java.util.concurrent.ThreadPoolExecutor.runWorker(ThreadPoolExecutor.java:1149)
	at java.util.concurrent.ThreadPoolExecutor$Worker.run(ThreadPoolExecutor.java:624)
	at java.lang.Thread.run(Thread.java:748)
Caused by: org.openqa.selenium.NoSuchElementException: Unable to locate element: {"method":"id","selector":"Static001"}
For documentation on this error, please visit: http://seleniumhq.org/exceptions/no_such_element.html
Build info: version: '3.8.1', revision: '6e95a6684b', time: '2017-12-01T19:05:32.194Z'
System info: host: 'localhost.localdomain', ip: '127.0.0.1', os.name: 'Linux', os.arch: 'amd64', os.version: '3.10.0-862.3.2.el7.x86_64', java.version: '1.8.0_171'
Driver info: driver.version: unknown
	at <anonymous class>.FirefoxDriver.prototype.findElementInternal_(file:///tmp/anonymous3396790572219169379webdriver-profile/extensions/fxdriver@googlecode.com/components/driver-component.js:11870)
	at <anonymous class>.FirefoxDriver.prototype.findElement(file:///tmp/anonymous3396790572219169379webdriver-profile/extensions/fxdriver@googlecode.com/components/driver-component.js:11879)
	at <anonymous class>.DelayedCommand.prototype.executeInternal_/k(file:///tmp/anonymous3396790572219169379webdriver-profile/extensions/fxdriver@googlecode.com/components/command-processor.js:13364)
	at <anonymous class>.DelayedCommand.prototype.executeInternal_(file:///tmp/anonymous3396790572219169379webdriver-profile/extensions/fxdriver@googlecode.com/components/command-processor.js:13369)
	at <anonymous class>.DelayedCommand.prototype.execute/<(file:///tmp/anonymous3396790572219169379webdriver-profile/extensions/fxdriver@googlecode.com/components/command-processor.js:13311)
13:54:32.011 WARN - Exception: Unable to locate element: {"method":"id","selector":"Static001"}
For documentation on this error, please visit: http://seleniumhq.org/exceptions/no_such_element.html
Build info: version: '3.8.1', revision: '6e95a6684b', time: '2017-12-01T19:05:32.194Z'
System info: host: 'localhost.localdomain', ip: '127.0.0.1', os.name: 'Linux', os.arch: 'amd64', os.version: '3.10.0-862.3.2.el7.x86_64', java.version: '1.8.0_171'
Driver info: driver.version: unknown
13:54:32.016 INFO - Executing: [find element: By.id: DIL])
13:54:32.031 INFO - Done: [find element: By.id: DIL]
13:54:32.036 INFO - Executing: [get text: 26 [[FirefoxDriver: firefox on LINUX (5fc04f1a-17e0-4f5c-918f-9272a7fa7e16)] -> id: DIL]])
13:54:32.063 INFO - Done: [get text: 26 [[FirefoxDriver: firefox on LINUX (5fc04f1a-17e0-4f5c-918f-9272a7fa7e16)] -> id: DIL]]
13:54:32.067 INFO - Executing: [get text: 26 [[FirefoxDriver: firefox on LINUX (5fc04f1a-17e0-4f5c-918f-9272a7fa7e16)] -> id: DIL]])
13:54:32.106 INFO - Done: [get text: 26 [[FirefoxDriver: firefox on LINUX (5fc04f1a-17e0-4f5c-918f-9272a7fa7e16)] -> id: DIL]]
13:54:32.211 INFO - Executing: [is displayed: 26 [[FirefoxDriver: firefox on LINUX (5fc04f1a-17e0-4f5c-918f-9272a7fa7e16)] -> id: DIL]])
13:54:32.225 INFO - Done: [is displayed: 26 [[FirefoxDriver: firefox on LINUX (5fc04f1a-17e0-4f5c-918f-9272a7fa7e16)] -> id: DIL]]
13:54:32.228 INFO - Executing: [find element: By.name: txt_SDFSITAFI_ayuda])
13:54:32.244 INFO - Done: [find element: By.name: txt_SDFSITAFI_ayuda]
13:54:32.247 INFO - Executing: [send keys: 25 [[FirefoxDriver: firefox on LINUX (5fc04f1a-17e0-4f5c-918f-9272a7fa7e16)] -> id: SDFSITAFI_ayuda], [1]])
13:54:32.367 INFO - Done: [send keys: 25 [[FirefoxDriver: firefox on LINUX (5fc04f1a-17e0-4f5c-918f-9272a7fa7e16)] -> id: SDFSITAFI_ayuda], [1]]
13:54:32.370 INFO - Executing: [find element: By.name: txt_SDFFREALDD])
13:54:32.388 INFO - Done: [find element: By.name: txt_SDFFREALDD]
13:54:32.392 INFO - Executing: [send keys: 27 [[FirefoxDriver: firefox on LINUX (5fc04f1a-17e0-4f5c-918f-9272a7fa7e16)] -> name: txt_SDFFREALDD], [30]])
13:54:32.509 INFO - Done: [send keys: 27 [[FirefoxDriver: firefox on LINUX (5fc04f1a-17e0-4f5c-918f-9272a7fa7e16)] -> name: txt_SDFFREALDD], [30]]
13:54:32.511 INFO - Executing: [find element: By.name: txt_SDFFREALMM])
13:54:32.535 INFO - Done: [find element: By.name: txt_SDFFREALMM]
13:54:32.538 INFO - Executing: [send keys: 28 [[FirefoxDriver: firefox on LINUX (5fc04f1a-17e0-4f5c-918f-9272a7fa7e16)] -> name: txt_SDFFREALMM], [09]])
13:54:32.613 INFO - Done: [send keys: 28 [[FirefoxDriver: firefox on LINUX (5fc04f1a-17e0-4f5c-918f-9272a7fa7e16)] -> name: txt_SDFFREALMM], [09]]
13:54:32.621 INFO - Executing: [find element: By.name: txt_SDFFREALAA])
13:54:32.652 INFO - Done: [find element: By.name: txt_SDFFREALAA]
13:54:32.657 INFO - Executing: [send keys: 29 [[FirefoxDriver: firefox on LINUX (5fc04f1a-17e0-4f5c-918f-9272a7fa7e16)] -> name: txt_SDFFREALAA], [2018]])
13:54:32.749 INFO - Done: [send keys: 29 [[FirefoxDriver: firefox on LINUX (5fc04f1a-17e0-4f5c-918f-9272a7fa7e16)] -> name: txt_SDFFREALAA], [2018]]
13:54:32.753 INFO - Executing: [find element: By.name: txt_SDFGRUCOT_ayuda])
13:54:32.779 INFO - Done: [find element: By.name: txt_SDFGRUCOT_ayuda]
13:54:32.783 INFO - Executing: [send keys: 30 [[FirefoxDriver: firefox on LINUX (5fc04f1a-17e0-4f5c-918f-9272a7fa7e16)] -> name: txt_SDFGRUCOT_ayuda], [1]])
13:54:32.827 INFO - Done: [send keys: 30 [[FirefoxDriver: firefox on LINUX (5fc04f1a-17e0-4f5c-918f-9272a7fa7e16)] -> name: txt_SDFGRUCOT_ayuda], [1]]
13:54:32.828 INFO - Executing: [find element: By.name: txt_SDFTICO_ayuda])
13:54:32.886 INFO - Done: [find element: By.name: txt_SDFTICO_ayuda]
13:54:32.889 INFO - Executing: [send keys: 31 [[FirefoxDriver: firefox on LINUX (5fc04f1a-17e0-4f5c-918f-9272a7fa7e16)] -> name: txt_SDFTICO_ayuda], [402]])
13:54:33.010 INFO - Done: [send keys: 31 [[FirefoxDriver: firefox on LINUX (5fc04f1a-17e0-4f5c-918f-9272a7fa7e16)] -> name: txt_SDFTICO_ayuda], [402]]
13:54:33.024 INFO - Executing: [take screenshot])
13:54:33.279 INFO - Done: [take screenshot]
13:54:33.315 INFO - Executing: [find element: By.name: btn_Sub2207401004])
13:54:33.335 INFO - Done: [find element: By.name: btn_Sub2207401004]
13:54:33.348 INFO - Executing: [click: 32 [[FirefoxDriver: firefox on LINUX (5fc04f1a-17e0-4f5c-918f-9272a7fa7e16)] -> name: btn_Sub2207401004]])
13:54:34.250 INFO - Done: [click: 32 [[FirefoxDriver: firefox on LINUX (5fc04f1a-17e0-4f5c-918f-9272a7fa7e16)] -> name: btn_Sub2207401004]]
13:54:34.303 INFO - Executing: [find element: By.id: SDFSITAFI_ayuda])
13:54:34.791 WARN - Exception thrown
org.openqa.selenium.NoSuchElementException: Unable to locate element: {"method":"id","selector":"SDFSITAFI_ayuda"}
Command duration or timeout: 0 milliseconds
	at sun.reflect.NativeConstructorAccessorImpl.newInstance0(Native Method)
	at sun.reflect.NativeConstructorAccessorImpl.newInstance(NativeConstructorAccessorImpl.java:62)
	at sun.reflect.DelegatingConstructorAccessorImpl.newInstance(DelegatingConstructorAccessorImpl.java:45)
	at java.lang.reflect.Constructor.newInstance(Constructor.java:423)
	at org.openqa.selenium.remote.ErrorHandler.createThrowable(ErrorHandler.java:214)
	at org.openqa.selenium.remote.ErrorHandler.throwIfResponseFailed(ErrorHandler.java:166)
	at org.openqa.selenium.remote.http.JsonHttpResponseCodec.reconstructValue(JsonHttpResponseCodec.java:40)
	at org.openqa.selenium.remote.http.AbstractHttpResponseCodec.decode(AbstractHttpResponseCodec.java:80)
	at org.openqa.selenium.remote.http.AbstractHttpResponseCodec.decode(AbstractHttpResponseCodec.java:44)
	at org.openqa.selenium.remote.HttpCommandExecutor.execute(HttpCommandExecutor.java:164)
	at org.openqa.selenium.remote.service.DriverCommandExecutor.execute(DriverCommandExecutor.java:83)
	at org.openqa.selenium.remote.RemoteWebDriver.execute(RemoteWebDriver.java:601)
	at org.openqa.selenium.remote.RemoteWebDriver.findElement(RemoteWebDriver.java:371)
	at org.openqa.selenium.remote.RemoteWebDriver.findElementById(RemoteWebDriver.java:417)
	at org.openqa.selenium.By$ById.findElement(By.java:218)
	at org.openqa.selenium.remote.RemoteWebDriver.findElement(RemoteWebDriver.java:363)
	at sun.reflect.GeneratedMethodAccessor10.invoke(Unknown Source)
	at sun.reflect.DelegatingMethodAccessorImpl.invoke(DelegatingMethodAccessorImpl.java:43)
	at java.lang.reflect.Method.invoke(Method.java:498)
	at org.openqa.selenium.support.events.EventFiringWebDriver$2.invoke(EventFiringWebDriver.java:108)
	at com.sun.proxy.$Proxy6.findElement(Unknown Source)
	at org.openqa.selenium.support.events.EventFiringWebDriver.findElement(EventFiringWebDriver.java:192)
	at org.openqa.selenium.remote.server.handler.FindElement.call(FindElement.java:48)
	at org.openqa.selenium.remote.server.handler.FindElement.call(FindElement.java:33)
	at org.openqa.selenium.remote.server.handler.WebDriverHandler.handle(WebDriverHandler.java:41)
	at org.openqa.selenium.remote.server.rest.ResultConfig.handle(ResultConfig.java:112)
	at org.openqa.selenium.remote.server.JsonHttpCommandHandler.handleRequest(JsonHttpCommandHandler.java:191)
	at org.openqa.selenium.remote.server.DriverServlet.lambda$handleRequest$0(DriverServlet.java:261)
	at java.util.concurrent.Executors$RunnableAdapter.call(Executors.java:511)
	at java.util.concurrent.FutureTask.run(FutureTask.java:266)
	at java.util.concurrent.ThreadPoolExecutor.runWorker(ThreadPoolExecutor.java:1149)
	at java.util.concurrent.ThreadPoolExecutor$Worker.run(ThreadPoolExecutor.java:624)
	at java.lang.Thread.run(Thread.java:748)
Caused by: org.openqa.selenium.NoSuchElementException: Unable to locate element: {"method":"id","selector":"SDFSITAFI_ayuda"}
For documentation on this error, please visit: http://seleniumhq.org/exceptions/no_such_element.html
Build info: version: '3.8.1', revision: '6e95a6684b', time: '2017-12-01T19:05:32.194Z'
System info: host: 'localhost.localdomain', ip: '127.0.0.1', os.name: 'Linux', os.arch: 'amd64', os.version: '3.10.0-862.3.2.el7.x86_64', java.version: '1.8.0_171'
Driver info: driver.version: unknown
	at <anonymous class>.FirefoxDriver.prototype.findElementInternal_(file:///tmp/anonymous3396790572219169379webdriver-profile/extensions/fxdriver@googlecode.com/components/driver-component.js:11870)
	at <anonymous class>.FirefoxDriver.prototype.findElement(file:///tmp/anonymous3396790572219169379webdriver-profile/extensions/fxdriver@googlecode.com/components/driver-component.js:11879)
	at <anonymous class>.DelayedCommand.prototype.executeInternal_/k(file:///tmp/anonymous3396790572219169379webdriver-profile/extensions/fxdriver@googlecode.com/components/command-processor.js:13364)
	at <anonymous class>.DelayedCommand.prototype.executeInternal_(file:///tmp/anonymous3396790572219169379webdriver-profile/extensions/fxdriver@googlecode.com/components/command-processor.js:13369)
	at <anonymous class>.DelayedCommand.prototype.execute/<(file:///tmp/anonymous3396790572219169379webdriver-profile/extensions/fxdriver@googlecode.com/components/command-processor.js:13311)
13:54:34.792 WARN - Exception: Unable to locate element: {"method":"id","selector":"SDFSITAFI_ayuda"}
For documentation on this error, please visit: http://seleniumhq.org/exceptions/no_such_element.html
Build info: version: '3.8.1', revision: '6e95a6684b', time: '2017-12-01T19:05:32.194Z'
System info: host: 'localhost.localdomain', ip: '127.0.0.1', os.name: 'Linux', os.arch: 'amd64', os.version: '3.10.0-862.3.2.el7.x86_64', java.version: '1.8.0_171'
Driver info: driver.version: unknown
13:54:35.108 INFO - Executing: [find element: By.id: SDFSITAFI_ayuda])
13:54:35.560 WARN - Exception thrown
org.openqa.selenium.NoSuchElementException: Unable to locate element: {"method":"id","selector":"SDFSITAFI_ayuda"}
Command duration or timeout: 0 milliseconds
	at sun.reflect.NativeConstructorAccessorImpl.newInstance0(Native Method)
	at sun.reflect.NativeConstructorAccessorImpl.newInstance(NativeConstructorAccessorImpl.java:62)
	at sun.reflect.DelegatingConstructorAccessorImpl.newInstance(DelegatingConstructorAccessorImpl.java:45)
	at java.lang.reflect.Constructor.newInstance(Constructor.java:423)
	at org.openqa.selenium.remote.ErrorHandler.createThrowable(ErrorHandler.java:214)
	at org.openqa.selenium.remote.ErrorHandler.throwIfResponseFailed(ErrorHandler.java:166)
	at org.openqa.selenium.remote.http.JsonHttpResponseCodec.reconstructValue(JsonHttpResponseCodec.java:40)
	at org.openqa.selenium.remote.http.AbstractHttpResponseCodec.decode(AbstractHttpResponseCodec.java:80)
	at org.openqa.selenium.remote.http.AbstractHttpResponseCodec.decode(AbstractHttpResponseCodec.java:44)
	at org.openqa.selenium.remote.HttpCommandExecutor.execute(HttpCommandExecutor.java:164)
	at org.openqa.selenium.remote.service.DriverCommandExecutor.execute(DriverCommandExecutor.java:83)
	at org.openqa.selenium.remote.RemoteWebDriver.execute(RemoteWebDriver.java:601)
	at org.openqa.selenium.remote.RemoteWebDriver.findElement(RemoteWebDriver.java:371)
	at org.openqa.selenium.remote.RemoteWebDriver.findElementById(RemoteWebDriver.java:417)
	at org.openqa.selenium.By$ById.findElement(By.java:218)
	at org.openqa.selenium.remote.RemoteWebDriver.findElement(RemoteWebDriver.java:363)
	at sun.reflect.GeneratedMethodAccessor10.invoke(Unknown Source)
	at sun.reflect.DelegatingMethodAccessorImpl.invoke(DelegatingMethodAccessorImpl.java:43)
	at java.lang.reflect.Method.invoke(Method.java:498)
	at org.openqa.selenium.support.events.EventFiringWebDriver$2.invoke(EventFiringWebDriver.java:108)
	at com.sun.proxy.$Proxy6.findElement(Unknown Source)
	at org.openqa.selenium.support.events.EventFiringWebDriver.findElement(EventFiringWebDriver.java:192)
	at org.openqa.selenium.remote.server.handler.FindElement.call(FindElement.java:48)
	at org.openqa.selenium.remote.server.handler.FindElement.call(FindElement.java:33)
	at org.openqa.selenium.remote.server.handler.WebDriverHandler.handle(WebDriverHandler.java:41)
	at org.openqa.selenium.remote.server.rest.ResultConfig.handle(ResultConfig.java:112)
	at org.openqa.selenium.remote.server.JsonHttpCommandHandler.handleRequest(JsonHttpCommandHandler.java:191)
	at org.openqa.selenium.remote.server.DriverServlet.lambda$handleRequest$0(DriverServlet.java:261)
	at java.util.concurrent.Executors$RunnableAdapter.call(Executors.java:511)
	at java.util.concurrent.FutureTask.run(FutureTask.java:266)
	at java.util.concurrent.ThreadPoolExecutor.runWorker(ThreadPoolExecutor.java:1149)
	at java.util.concurrent.ThreadPoolExecutor$Worker.run(ThreadPoolExecutor.java:624)
	at java.lang.Thread.run(Thread.java:748)
Caused by: org.openqa.selenium.NoSuchElementException: Unable to locate element: {"method":"id","selector":"SDFSITAFI_ayuda"}
For documentation on this error, please visit: http://seleniumhq.org/exceptions/no_such_element.html
Build info: version: '3.8.1', revision: '6e95a6684b', time: '2017-12-01T19:05:32.194Z'
System info: host: 'localhost.localdomain', ip: '127.0.0.1', os.name: 'Linux', os.arch: 'amd64', os.version: '3.10.0-862.3.2.el7.x86_64', java.version: '1.8.0_171'
Driver info: driver.version: unknown
	at <anonymous class>.FirefoxDriver.prototype.findElementInternal_(file:///tmp/anonymous3396790572219169379webdriver-profile/extensions/fxdriver@googlecode.com/components/driver-component.js:11870)
	at <anonymous class>.FirefoxDriver.prototype.findElement(file:///tmp/anonymous3396790572219169379webdriver-profile/extensions/fxdriver@googlecode.com/components/driver-component.js:11879)
	at <anonymous class>.DelayedCommand.prototype.executeInternal_/k(file:///tmp/anonymous3396790572219169379webdriver-profile/extensions/fxdriver@googlecode.com/components/command-processor.js:13364)
	at <anonymous class>.DelayedCommand.prototype.executeInternal_(file:///tmp/anonymous3396790572219169379webdriver-profile/extensions/fxdriver@googlecode.com/components/command-processor.js:13369)
	at <anonymous class>.DelayedCommand.prototype.execute/<(file:///tmp/anonymous3396790572219169379webdriver-profile/extensions/fxdriver@googlecode.com/components/command-processor.js:13311)
13:54:35.572 WARN - Exception: Unable to locate element: {"method":"id","selector":"SDFSITAFI_ayuda"}
For documentation on this error, please visit: http://seleniumhq.org/exceptions/no_such_element.html
Build info: version: '3.8.1', revision: '6e95a6684b', time: '2017-12-01T19:05:32.194Z'
System info: host: 'localhost.localdomain', ip: '127.0.0.1', os.name: 'Linux', os.arch: 'amd64', os.version: '3.10.0-862.3.2.el7.x86_64', java.version: '1.8.0_171'
Driver info: driver.version: unknown
13:54:35.889 INFO - Executing: [find element: By.id: SDFSITAFI_ayuda])
13:54:36.342 WARN - Exception thrown
org.openqa.selenium.NoSuchElementException: Unable to locate element: {"method":"id","selector":"SDFSITAFI_ayuda"}
Command duration or timeout: 0 milliseconds
	at sun.reflect.NativeConstructorAccessorImpl.newInstance0(Native Method)
	at sun.reflect.NativeConstructorAccessorImpl.newInstance(NativeConstructorAccessorImpl.java:62)
	at sun.reflect.DelegatingConstructorAccessorImpl.newInstance(DelegatingConstructorAccessorImpl.java:45)
	at java.lang.reflect.Constructor.newInstance(Constructor.java:423)
	at org.openqa.selenium.remote.ErrorHandler.createThrowable(ErrorHandler.java:214)
	at org.openqa.selenium.remote.ErrorHandler.throwIfResponseFailed(ErrorHandler.java:166)
	at org.openqa.selenium.remote.http.JsonHttpResponseCodec.reconstructValue(JsonHttpResponseCodec.java:40)
	at org.openqa.selenium.remote.http.AbstractHttpResponseCodec.decode(AbstractHttpResponseCodec.java:80)
	at org.openqa.selenium.remote.http.AbstractHttpResponseCodec.decode(AbstractHttpResponseCodec.java:44)
	at org.openqa.selenium.remote.HttpCommandExecutor.execute(HttpCommandExecutor.java:164)
	at org.openqa.selenium.remote.service.DriverCommandExecutor.execute(DriverCommandExecutor.java:83)
	at org.openqa.selenium.remote.RemoteWebDriver.execute(RemoteWebDriver.java:601)
	at org.openqa.selenium.remote.RemoteWebDriver.findElement(RemoteWebDriver.java:371)
	at org.openqa.selenium.remote.RemoteWebDriver.findElementById(RemoteWebDriver.java:417)
	at org.openqa.selenium.By$ById.findElement(By.java:218)
	at org.openqa.selenium.remote.RemoteWebDriver.findElement(RemoteWebDriver.java:363)
	at sun.reflect.GeneratedMethodAccessor10.invoke(Unknown Source)
	at sun.reflect.DelegatingMethodAccessorImpl.invoke(DelegatingMethodAccessorImpl.java:43)
	at java.lang.reflect.Method.invoke(Method.java:498)
	at org.openqa.selenium.support.events.EventFiringWebDriver$2.invoke(EventFiringWebDriver.java:108)
	at com.sun.proxy.$Proxy6.findElement(Unknown Source)
	at org.openqa.selenium.support.events.EventFiringWebDriver.findElement(EventFiringWebDriver.java:192)
	at org.openqa.selenium.remote.server.handler.FindElement.call(FindElement.java:48)
	at org.openqa.selenium.remote.server.handler.FindElement.call(FindElement.java:33)
	at org.openqa.selenium.remote.server.handler.WebDriverHandler.handle(WebDriverHandler.java:41)
	at org.openqa.selenium.remote.server.rest.ResultConfig.handle(ResultConfig.java:112)
	at org.openqa.selenium.remote.server.JsonHttpCommandHandler.handleRequest(JsonHttpCommandHandler.java:191)
	at org.openqa.selenium.remote.server.DriverServlet.lambda$handleRequest$0(DriverServlet.java:261)
	at java.util.concurrent.Executors$RunnableAdapter.call(Executors.java:511)
	at java.util.concurrent.FutureTask.run(FutureTask.java:266)
	at java.util.concurrent.ThreadPoolExecutor.runWorker(ThreadPoolExecutor.java:1149)
	at java.util.concurrent.ThreadPoolExecutor$Worker.run(ThreadPoolExecutor.java:624)
	at java.lang.Thread.run(Thread.java:748)
Caused by: org.openqa.selenium.NoSuchElementException: Unable to locate element: {"method":"id","selector":"SDFSITAFI_ayuda"}
For documentation on this error, please visit: http://seleniumhq.org/exceptions/no_such_element.html
Build info: version: '3.8.1', revision: '6e95a6684b', time: '2017-12-01T19:05:32.194Z'
System info: host: 'localhost.localdomain', ip: '127.0.0.1', os.name: 'Linux', os.arch: 'amd64', os.version: '3.10.0-862.3.2.el7.x86_64', java.version: '1.8.0_171'
Driver info: driver.version: unknown
	at <anonymous class>.FirefoxDriver.prototype.findElementInternal_(file:///tmp/anonymous3396790572219169379webdriver-profile/extensions/fxdriver@googlecode.com/components/driver-component.js:11870)
	at <anonymous class>.FirefoxDriver.prototype.findElement(file:///tmp/anonymous3396790572219169379webdriver-profile/extensions/fxdriver@googlecode.com/components/driver-component.js:11879)
	at <anonymous class>.DelayedCommand.prototype.executeInternal_/k(file:///tmp/anonymous3396790572219169379webdriver-profile/extensions/fxdriver@googlecode.com/components/command-processor.js:13364)
	at <anonymous class>.DelayedCommand.prototype.executeInternal_(file:///tmp/anonymous3396790572219169379webdriver-profile/extensions/fxdriver@googlecode.com/components/command-processor.js:13369)
	at <anonymous class>.DelayedCommand.prototype.execute/<(file:///tmp/anonymous3396790572219169379webdriver-profile/extensions/fxdriver@googlecode.com/components/command-processor.js:13311)
13:54:36.343 WARN - Exception: Unable to locate element: {"method":"id","selector":"SDFSITAFI_ayuda"}
For documentation on this error, please visit: http://seleniumhq.org/exceptions/no_such_element.html
Build info: version: '3.8.1', revision: '6e95a6684b', time: '2017-12-01T19:05:32.194Z'
System info: host: 'localhost.localdomain', ip: '127.0.0.1', os.name: 'Linux', os.arch: 'amd64', os.version: '3.10.0-862.3.2.el7.x86_64', java.version: '1.8.0_171'
Driver info: driver.version: unknown
13:54:36.658 INFO - Executing: [find element: By.id: SDFSITAFI_ayuda])
13:54:37.147 WARN - Exception thrown
org.openqa.selenium.NoSuchElementException: Unable to locate element: {"method":"id","selector":"SDFSITAFI_ayuda"}
Command duration or timeout: 0 milliseconds
	at sun.reflect.NativeConstructorAccessorImpl.newInstance0(Native Method)
	at sun.reflect.NativeConstructorAccessorImpl.newInstance(NativeConstructorAccessorImpl.java:62)
	at sun.reflect.DelegatingConstructorAccessorImpl.newInstance(DelegatingConstructorAccessorImpl.java:45)
	at java.lang.reflect.Constructor.newInstance(Constructor.java:423)
	at org.openqa.selenium.remote.ErrorHandler.createThrowable(ErrorHandler.java:214)
	at org.openqa.selenium.remote.ErrorHandler.throwIfResponseFailed(ErrorHandler.java:166)
	at org.openqa.selenium.remote.http.JsonHttpResponseCodec.reconstructValue(JsonHttpResponseCodec.java:40)
	at org.openqa.selenium.remote.http.AbstractHttpResponseCodec.decode(AbstractHttpResponseCodec.java:80)
	at org.openqa.selenium.remote.http.AbstractHttpResponseCodec.decode(AbstractHttpResponseCodec.java:44)
	at org.openqa.selenium.remote.HttpCommandExecutor.execute(HttpCommandExecutor.java:164)
	at org.openqa.selenium.remote.service.DriverCommandExecutor.execute(DriverCommandExecutor.java:83)
	at org.openqa.selenium.remote.RemoteWebDriver.execute(RemoteWebDriver.java:601)
	at org.openqa.selenium.remote.RemoteWebDriver.findElement(RemoteWebDriver.java:371)
	at org.openqa.selenium.remote.RemoteWebDriver.findElementById(RemoteWebDriver.java:417)
	at org.openqa.selenium.By$ById.findElement(By.java:218)
	at org.openqa.selenium.remote.RemoteWebDriver.findElement(RemoteWebDriver.java:363)
	at sun.reflect.GeneratedMethodAccessor10.invoke(Unknown Source)
	at sun.reflect.DelegatingMethodAccessorImpl.invoke(DelegatingMethodAccessorImpl.java:43)
	at java.lang.reflect.Method.invoke(Method.java:498)
	at org.openqa.selenium.support.events.EventFiringWebDriver$2.invoke(EventFiringWebDriver.java:108)
	at com.sun.proxy.$Proxy6.findElement(Unknown Source)
	at org.openqa.selenium.support.events.EventFiringWebDriver.findElement(EventFiringWebDriver.java:192)
	at org.openqa.selenium.remote.server.handler.FindElement.call(FindElement.java:48)
	at org.openqa.selenium.remote.server.handler.FindElement.call(FindElement.java:33)
	at org.openqa.selenium.remote.server.handler.WebDriverHandler.handle(WebDriverHandler.java:41)
	at org.openqa.selenium.remote.server.rest.ResultConfig.handle(ResultConfig.java:112)
	at org.openqa.selenium.remote.server.JsonHttpCommandHandler.handleRequest(JsonHttpCommandHandler.java:191)
	at org.openqa.selenium.remote.server.DriverServlet.lambda$handleRequest$0(DriverServlet.java:261)
	at java.util.concurrent.Executors$RunnableAdapter.call(Executors.java:511)
	at java.util.concurrent.FutureTask.run(FutureTask.java:266)
	at java.util.concurrent.ThreadPoolExecutor.runWorker(ThreadPoolExecutor.java:1149)
	at java.util.concurrent.ThreadPoolExecutor$Worker.run(ThreadPoolExecutor.java:624)
	at java.lang.Thread.run(Thread.java:748)
Caused by: org.openqa.selenium.NoSuchElementException: Unable to locate element: {"method":"id","selector":"SDFSITAFI_ayuda"}
For documentation on this error, please visit: http://seleniumhq.org/exceptions/no_such_element.html
Build info: version: '3.8.1', revision: '6e95a6684b', time: '2017-12-01T19:05:32.194Z'
System info: host: 'localhost.localdomain', ip: '127.0.0.1', os.name: 'Linux', os.arch: 'amd64', os.version: '3.10.0-862.3.2.el7.x86_64', java.version: '1.8.0_171'
Driver info: driver.version: unknown
	at <anonymous class>.FirefoxDriver.prototype.findElementInternal_(file:///tmp/anonymous3396790572219169379webdriver-profile/extensions/fxdriver@googlecode.com/components/driver-component.js:11870)
	at <anonymous class>.FirefoxDriver.prototype.findElement(file:///tmp/anonymous3396790572219169379webdriver-profile/extensions/fxdriver@googlecode.com/components/driver-component.js:11879)
	at <anonymous class>.DelayedCommand.prototype.executeInternal_/k(file:///tmp/anonymous3396790572219169379webdriver-profile/extensions/fxdriver@googlecode.com/components/command-processor.js:13364)
	at <anonymous class>.DelayedCommand.prototype.executeInternal_(file:///tmp/anonymous3396790572219169379webdriver-profile/extensions/fxdriver@googlecode.com/components/command-processor.js:13369)
	at <anonymous class>.DelayedCommand.prototype.execute/<(file:///tmp/anonymous3396790572219169379webdriver-profile/extensions/fxdriver@googlecode.com/components/command-processor.js:13311)
13:54:37.147 WARN - Exception: Unable to locate element: {"method":"id","selector":"SDFSITAFI_ayuda"}
For documentation on this error, please visit: http://seleniumhq.org/exceptions/no_such_element.html
Build info: version: '3.8.1', revision: '6e95a6684b', time: '2017-12-01T19:05:32.194Z'
System info: host: 'localhost.localdomain', ip: '127.0.0.1', os.name: 'Linux', os.arch: 'amd64', os.version: '3.10.0-862.3.2.el7.x86_64', java.version: '1.8.0_171'
Driver info: driver.version: unknown
13:54:37.455 INFO - Executing: [find element: By.id: SDFSITAFI_ayuda])
13:54:37.847 WARN - Exception thrown
org.openqa.selenium.NoSuchElementException: Unable to locate element: {"method":"id","selector":"SDFSITAFI_ayuda"}
Command duration or timeout: 0 milliseconds
	at sun.reflect.NativeConstructorAccessorImpl.newInstance0(Native Method)
	at sun.reflect.NativeConstructorAccessorImpl.newInstance(NativeConstructorAccessorImpl.java:62)
	at sun.reflect.DelegatingConstructorAccessorImpl.newInstance(DelegatingConstructorAccessorImpl.java:45)
	at java.lang.reflect.Constructor.newInstance(Constructor.java:423)
	at org.openqa.selenium.remote.ErrorHandler.createThrowable(ErrorHandler.java:214)
	at org.openqa.selenium.remote.ErrorHandler.throwIfResponseFailed(ErrorHandler.java:166)
	at org.openqa.selenium.remote.http.JsonHttpResponseCodec.reconstructValue(JsonHttpResponseCodec.java:40)
	at org.openqa.selenium.remote.http.AbstractHttpResponseCodec.decode(AbstractHttpResponseCodec.java:80)
	at org.openqa.selenium.remote.http.AbstractHttpResponseCodec.decode(AbstractHttpResponseCodec.java:44)
	at org.openqa.selenium.remote.HttpCommandExecutor.execute(HttpCommandExecutor.java:164)
	at org.openqa.selenium.remote.service.DriverCommandExecutor.execute(DriverCommandExecutor.java:83)
	at org.openqa.selenium.remote.RemoteWebDriver.execute(RemoteWebDriver.java:601)
	at org.openqa.selenium.remote.RemoteWebDriver.findElement(RemoteWebDriver.java:371)
	at org.openqa.selenium.remote.RemoteWebDriver.findElementById(RemoteWebDriver.java:417)
	at org.openqa.selenium.By$ById.findElement(By.java:218)
	at org.openqa.selenium.remote.RemoteWebDriver.findElement(RemoteWebDriver.java:363)
	at sun.reflect.GeneratedMethodAccessor10.invoke(Unknown Source)
	at sun.reflect.DelegatingMethodAccessorImpl.invoke(DelegatingMethodAccessorImpl.java:43)
	at java.lang.reflect.Method.invoke(Method.java:498)
	at org.openqa.selenium.support.events.EventFiringWebDriver$2.invoke(EventFiringWebDriver.java:108)
	at com.sun.proxy.$Proxy6.findElement(Unknown Source)
	at org.openqa.selenium.support.events.EventFiringWebDriver.findElement(EventFiringWebDriver.java:192)
	at org.openqa.selenium.remote.server.handler.FindElement.call(FindElement.java:48)
	at org.openqa.selenium.remote.server.handler.FindElement.call(FindElement.java:33)
	at org.openqa.selenium.remote.server.handler.WebDriverHandler.handle(WebDriverHandler.java:41)
	at org.openqa.selenium.remote.server.rest.ResultConfig.handle(ResultConfig.java:112)
	at org.openqa.selenium.remote.server.JsonHttpCommandHandler.handleRequest(JsonHttpCommandHandler.java:191)
	at org.openqa.selenium.remote.server.DriverServlet.lambda$handleRequest$0(DriverServlet.java:261)
	at java.util.concurrent.Executors$RunnableAdapter.call(Executors.java:511)
	at java.util.concurrent.FutureTask.run(FutureTask.java:266)
	at java.util.concurrent.ThreadPoolExecutor.runWorker(ThreadPoolExecutor.java:1149)
	at java.util.concurrent.ThreadPoolExecutor$Worker.run(ThreadPoolExecutor.java:624)
	at java.lang.Thread.run(Thread.java:748)
Caused by: org.openqa.selenium.NoSuchElementException: Unable to locate element: {"method":"id","selector":"SDFSITAFI_ayuda"}
For documentation on this error, please visit: http://seleniumhq.org/exceptions/no_such_element.html
Build info: version: '3.8.1', revision: '6e95a6684b', time: '2017-12-01T19:05:32.194Z'
System info: host: 'localhost.localdomain', ip: '127.0.0.1', os.name: 'Linux', os.arch: 'amd64', os.version: '3.10.0-862.3.2.el7.x86_64', java.version: '1.8.0_171'
Driver info: driver.version: unknown
	at <anonymous class>.FirefoxDriver.prototype.findElementInternal_(file:///tmp/anonymous3396790572219169379webdriver-profile/extensions/fxdriver@googlecode.com/components/driver-component.js:11870)
	at <anonymous class>.FirefoxDriver.prototype.findElement(file:///tmp/anonymous3396790572219169379webdriver-profile/extensions/fxdriver@googlecode.com/components/driver-component.js:11879)
	at <anonymous class>.DelayedCommand.prototype.executeInternal_/k(file:///tmp/anonymous3396790572219169379webdriver-profile/extensions/fxdriver@googlecode.com/components/command-processor.js:13364)
	at <anonymous class>.DelayedCommand.prototype.executeInternal_(file:///tmp/anonymous3396790572219169379webdriver-profile/extensions/fxdriver@googlecode.com/components/command-processor.js:13369)
	at <anonymous class>.DelayedCommand.prototype.execute/<(file:///tmp/anonymous3396790572219169379webdriver-profile/extensions/fxdriver@googlecode.com/components/command-processor.js:13311)
13:54:37.847 WARN - Exception: Unable to locate element: {"method":"id","selector":"SDFSITAFI_ayuda"}
For documentation on this error, please visit: http://seleniumhq.org/exceptions/no_such_element.html
Build info: version: '3.8.1', revision: '6e95a6684b', time: '2017-12-01T19:05:32.194Z'
System info: host: 'localhost.localdomain', ip: '127.0.0.1', os.name: 'Linux', os.arch: 'amd64', os.version: '3.10.0-862.3.2.el7.x86_64', java.version: '1.8.0_171'
Driver info: driver.version: unknown
13:54:38.155 INFO - Executing: [find element: By.id: SDFSITAFI_ayuda])
13:54:38.613 WARN - Exception thrown
org.openqa.selenium.NoSuchElementException: Unable to locate element: {"method":"id","selector":"SDFSITAFI_ayuda"}
Command duration or timeout: 0 milliseconds
	at sun.reflect.NativeConstructorAccessorImpl.newInstance0(Native Method)
	at sun.reflect.NativeConstructorAccessorImpl.newInstance(NativeConstructorAccessorImpl.java:62)
	at sun.reflect.DelegatingConstructorAccessorImpl.newInstance(DelegatingConstructorAccessorImpl.java:45)
	at java.lang.reflect.Constructor.newInstance(Constructor.java:423)
	at org.openqa.selenium.remote.ErrorHandler.createThrowable(ErrorHandler.java:214)
	at org.openqa.selenium.remote.ErrorHandler.throwIfResponseFailed(ErrorHandler.java:166)
	at org.openqa.selenium.remote.http.JsonHttpResponseCodec.reconstructValue(JsonHttpResponseCodec.java:40)
	at org.openqa.selenium.remote.http.AbstractHttpResponseCodec.decode(AbstractHttpResponseCodec.java:80)
	at org.openqa.selenium.remote.http.AbstractHttpResponseCodec.decode(AbstractHttpResponseCodec.java:44)
	at org.openqa.selenium.remote.HttpCommandExecutor.execute(HttpCommandExecutor.java:164)
	at org.openqa.selenium.remote.service.DriverCommandExecutor.execute(DriverCommandExecutor.java:83)
	at org.openqa.selenium.remote.RemoteWebDriver.execute(RemoteWebDriver.java:601)
	at org.openqa.selenium.remote.RemoteWebDriver.findElement(RemoteWebDriver.java:371)
	at org.openqa.selenium.remote.RemoteWebDriver.findElementById(RemoteWebDriver.java:417)
	at org.openqa.selenium.By$ById.findElement(By.java:218)
	at org.openqa.selenium.remote.RemoteWebDriver.findElement(RemoteWebDriver.java:363)
	at sun.reflect.GeneratedMethodAccessor10.invoke(Unknown Source)
	at sun.reflect.DelegatingMethodAccessorImpl.invoke(DelegatingMethodAccessorImpl.java:43)
	at java.lang.reflect.Method.invoke(Method.java:498)
	at org.openqa.selenium.support.events.EventFiringWebDriver$2.invoke(EventFiringWebDriver.java:108)
	at com.sun.proxy.$Proxy6.findElement(Unknown Source)
	at org.openqa.selenium.support.events.EventFiringWebDriver.findElement(EventFiringWebDriver.java:192)
	at org.openqa.selenium.remote.server.handler.FindElement.call(FindElement.java:48)
	at org.openqa.selenium.remote.server.handler.FindElement.call(FindElement.java:33)
	at org.openqa.selenium.remote.server.handler.WebDriverHandler.handle(WebDriverHandler.java:41)
	at org.openqa.selenium.remote.server.rest.ResultConfig.handle(ResultConfig.java:112)
	at org.openqa.selenium.remote.server.JsonHttpCommandHandler.handleRequest(JsonHttpCommandHandler.java:191)
	at org.openqa.selenium.remote.server.DriverServlet.lambda$handleRequest$0(DriverServlet.java:261)
	at java.util.concurrent.Executors$RunnableAdapter.call(Executors.java:511)
	at java.util.concurrent.FutureTask.run(FutureTask.java:266)
	at java.util.concurrent.ThreadPoolExecutor.runWorker(ThreadPoolExecutor.java:1149)
	at java.util.concurrent.ThreadPoolExecutor$Worker.run(ThreadPoolExecutor.java:624)
	at java.lang.Thread.run(Thread.java:748)
Caused by: org.openqa.selenium.NoSuchElementException: Unable to locate element: {"method":"id","selector":"SDFSITAFI_ayuda"}
For documentation on this error, please visit: http://seleniumhq.org/exceptions/no_such_element.html
Build info: version: '3.8.1', revision: '6e95a6684b', time: '2017-12-01T19:05:32.194Z'
System info: host: 'localhost.localdomain', ip: '127.0.0.1', os.name: 'Linux', os.arch: 'amd64', os.version: '3.10.0-862.3.2.el7.x86_64', java.version: '1.8.0_171'
Driver info: driver.version: unknown
	at <anonymous class>.FirefoxDriver.prototype.findElementInternal_(file:///tmp/anonymous3396790572219169379webdriver-profile/extensions/fxdriver@googlecode.com/components/driver-component.js:11870)
	at <anonymous class>.FirefoxDriver.prototype.findElement(file:///tmp/anonymous3396790572219169379webdriver-profile/extensions/fxdriver@googlecode.com/components/driver-component.js:11879)
	at <anonymous class>.DelayedCommand.prototype.executeInternal_/k(file:///tmp/anonymous3396790572219169379webdriver-profile/extensions/fxdriver@googlecode.com/components/command-processor.js:13364)
	at <anonymous class>.DelayedCommand.prototype.executeInternal_(file:///tmp/anonymous3396790572219169379webdriver-profile/extensions/fxdriver@googlecode.com/components/command-processor.js:13369)
	at <anonymous class>.DelayedCommand.prototype.execute/<(file:///tmp/anonymous3396790572219169379webdriver-profile/extensions/fxdriver@googlecode.com/components/command-processor.js:13311)
13:54:38.614 WARN - Exception: Unable to locate element: {"method":"id","selector":"SDFSITAFI_ayuda"}
For documentation on this error, please visit: http://seleniumhq.org/exceptions/no_such_element.html
Build info: version: '3.8.1', revision: '6e95a6684b', time: '2017-12-01T19:05:32.194Z'
System info: host: 'localhost.localdomain', ip: '127.0.0.1', os.name: 'Linux', os.arch: 'amd64', os.version: '3.10.0-862.3.2.el7.x86_64', java.version: '1.8.0_171'
Driver info: driver.version: unknown
13:54:38.941 INFO - Executing: [find element: By.id: SDFSITAFI_ayuda])
13:54:39.365 WARN - Exception thrown
org.openqa.selenium.NoSuchElementException: Unable to locate element: {"method":"id","selector":"SDFSITAFI_ayuda"}
Command duration or timeout: 0 milliseconds
	at sun.reflect.GeneratedConstructorAccessor14.newInstance(Unknown Source)
	at sun.reflect.DelegatingConstructorAccessorImpl.newInstance(DelegatingConstructorAccessorImpl.java:45)
	at java.lang.reflect.Constructor.newInstance(Constructor.java:423)
	at org.openqa.selenium.remote.ErrorHandler.createThrowable(ErrorHandler.java:214)
	at org.openqa.selenium.remote.ErrorHandler.throwIfResponseFailed(ErrorHandler.java:166)
	at org.openqa.selenium.remote.http.JsonHttpResponseCodec.reconstructValue(JsonHttpResponseCodec.java:40)
	at org.openqa.selenium.remote.http.AbstractHttpResponseCodec.decode(AbstractHttpResponseCodec.java:80)
	at org.openqa.selenium.remote.http.AbstractHttpResponseCodec.decode(AbstractHttpResponseCodec.java:44)
	at org.openqa.selenium.remote.HttpCommandExecutor.execute(HttpCommandExecutor.java:164)
	at org.openqa.selenium.remote.service.DriverCommandExecutor.execute(DriverCommandExecutor.java:83)
	at org.openqa.selenium.remote.RemoteWebDriver.execute(RemoteWebDriver.java:601)
	at org.openqa.selenium.remote.RemoteWebDriver.findElement(RemoteWebDriver.java:371)
	at org.openqa.selenium.remote.RemoteWebDriver.findElementById(RemoteWebDriver.java:417)
	at org.openqa.selenium.By$ById.findElement(By.java:218)
	at org.openqa.selenium.remote.RemoteWebDriver.findElement(RemoteWebDriver.java:363)
	at sun.reflect.GeneratedMethodAccessor10.invoke(Unknown Source)
	at sun.reflect.DelegatingMethodAccessorImpl.invoke(DelegatingMethodAccessorImpl.java:43)
	at java.lang.reflect.Method.invoke(Method.java:498)
	at org.openqa.selenium.support.events.EventFiringWebDriver$2.invoke(EventFiringWebDriver.java:108)
	at com.sun.proxy.$Proxy6.findElement(Unknown Source)
	at org.openqa.selenium.support.events.EventFiringWebDriver.findElement(EventFiringWebDriver.java:192)
	at org.openqa.selenium.remote.server.handler.FindElement.call(FindElement.java:48)
	at org.openqa.selenium.remote.server.handler.FindElement.call(FindElement.java:33)
	at org.openqa.selenium.remote.server.handler.WebDriverHandler.handle(WebDriverHandler.java:41)
	at org.openqa.selenium.remote.server.rest.ResultConfig.handle(ResultConfig.java:112)
	at org.openqa.selenium.remote.server.JsonHttpCommandHandler.handleRequest(JsonHttpCommandHandler.java:191)
	at org.openqa.selenium.remote.server.DriverServlet.lambda$handleRequest$0(DriverServlet.java:261)
	at java.util.concurrent.Executors$RunnableAdapter.call(Executors.java:511)
	at java.util.concurrent.FutureTask.run(FutureTask.java:266)
	at java.util.concurrent.ThreadPoolExecutor.runWorker(ThreadPoolExecutor.java:1149)
	at java.util.concurrent.ThreadPoolExecutor$Worker.run(ThreadPoolExecutor.java:624)
	at java.lang.Thread.run(Thread.java:748)
Caused by: org.openqa.selenium.NoSuchElementException: Unable to locate element: {"method":"id","selector":"SDFSITAFI_ayuda"}
For documentation on this error, please visit: http://seleniumhq.org/exceptions/no_such_element.html
Build info: version: '3.8.1', revision: '6e95a6684b', time: '2017-12-01T19:05:32.194Z'
System info: host: 'localhost.localdomain', ip: '127.0.0.1', os.name: 'Linux', os.arch: 'amd64', os.version: '3.10.0-862.3.2.el7.x86_64', java.version: '1.8.0_171'
Driver info: driver.version: unknown
	at <anonymous class>.FirefoxDriver.prototype.findElementInternal_(file:///tmp/anonymous3396790572219169379webdriver-profile/extensions/fxdriver@googlecode.com/components/driver-component.js:11870)
	at <anonymous class>.FirefoxDriver.prototype.findElement(file:///tmp/anonymous3396790572219169379webdriver-profile/extensions/fxdriver@googlecode.com/components/driver-component.js:11879)
	at <anonymous class>.DelayedCommand.prototype.executeInternal_/k(file:///tmp/anonymous3396790572219169379webdriver-profile/extensions/fxdriver@googlecode.com/components/command-processor.js:13364)
	at <anonymous class>.DelayedCommand.prototype.executeInternal_(file:///tmp/anonymous3396790572219169379webdriver-profile/extensions/fxdriver@googlecode.com/components/command-processor.js:13369)
	at <anonymous class>.DelayedCommand.prototype.execute/<(file:///tmp/anonymous3396790572219169379webdriver-profile/extensions/fxdriver@googlecode.com/components/command-processor.js:13311)
13:54:39.379 WARN - Exception: Unable to locate element: {"method":"id","selector":"SDFSITAFI_ayuda"}
For documentation on this error, please visit: http://seleniumhq.org/exceptions/no_such_element.html
Build info: version: '3.8.1', revision: '6e95a6684b', time: '2017-12-01T19:05:32.194Z'
System info: host: 'localhost.localdomain', ip: '127.0.0.1', os.name: 'Linux', os.arch: 'amd64', os.version: '3.10.0-862.3.2.el7.x86_64', java.version: '1.8.0_171'
Driver info: driver.version: unknown
13:54:39.691 INFO - Executing: [find element: By.id: SDFSITAFI_ayuda])
13:54:40.018 WARN - Exception thrown
org.openqa.selenium.NoSuchElementException: Unable to locate element: {"method":"id","selector":"SDFSITAFI_ayuda"}
Command duration or timeout: 0 milliseconds
	at sun.reflect.GeneratedConstructorAccessor14.newInstance(Unknown Source)
	at sun.reflect.DelegatingConstructorAccessorImpl.newInstance(DelegatingConstructorAccessorImpl.java:45)
	at java.lang.reflect.Constructor.newInstance(Constructor.java:423)
	at org.openqa.selenium.remote.ErrorHandler.createThrowable(ErrorHandler.java:214)
	at org.openqa.selenium.remote.ErrorHandler.throwIfResponseFailed(ErrorHandler.java:166)
	at org.openqa.selenium.remote.http.JsonHttpResponseCodec.reconstructValue(JsonHttpResponseCodec.java:40)
	at org.openqa.selenium.remote.http.AbstractHttpResponseCodec.decode(AbstractHttpResponseCodec.java:80)
	at org.openqa.selenium.remote.http.AbstractHttpResponseCodec.decode(AbstractHttpResponseCodec.java:44)
	at org.openqa.selenium.remote.HttpCommandExecutor.execute(HttpCommandExecutor.java:164)
	at org.openqa.selenium.remote.service.DriverCommandExecutor.execute(DriverCommandExecutor.java:83)
	at org.openqa.selenium.remote.RemoteWebDriver.execute(RemoteWebDriver.java:601)
	at org.openqa.selenium.remote.RemoteWebDriver.findElement(RemoteWebDriver.java:371)
	at org.openqa.selenium.remote.RemoteWebDriver.findElementById(RemoteWebDriver.java:417)
	at org.openqa.selenium.By$ById.findElement(By.java:218)
	at org.openqa.selenium.remote.RemoteWebDriver.findElement(RemoteWebDriver.java:363)
	at sun.reflect.GeneratedMethodAccessor10.invoke(Unknown Source)
	at sun.reflect.DelegatingMethodAccessorImpl.invoke(DelegatingMethodAccessorImpl.java:43)
	at java.lang.reflect.Method.invoke(Method.java:498)
	at org.openqa.selenium.support.events.EventFiringWebDriver$2.invoke(EventFiringWebDriver.java:108)
	at com.sun.proxy.$Proxy6.findElement(Unknown Source)
	at org.openqa.selenium.support.events.EventFiringWebDriver.findElement(EventFiringWebDriver.java:192)
	at org.openqa.selenium.remote.server.handler.FindElement.call(FindElement.java:48)
	at org.openqa.selenium.remote.server.handler.FindElement.call(FindElement.java:33)
	at org.openqa.selenium.remote.server.handler.WebDriverHandler.handle(WebDriverHandler.java:41)
	at org.openqa.selenium.remote.server.rest.ResultConfig.handle(ResultConfig.java:112)
	at org.openqa.selenium.remote.server.JsonHttpCommandHandler.handleRequest(JsonHttpCommandHandler.java:191)
	at org.openqa.selenium.remote.server.DriverServlet.lambda$handleRequest$0(DriverServlet.java:261)
	at java.util.concurrent.Executors$RunnableAdapter.call(Executors.java:511)
	at java.util.concurrent.FutureTask.run(FutureTask.java:266)
	at java.util.concurrent.ThreadPoolExecutor.runWorker(ThreadPoolExecutor.java:1149)
	at java.util.concurrent.ThreadPoolExecutor$Worker.run(ThreadPoolExecutor.java:624)
	at java.lang.Thread.run(Thread.java:748)
Caused by: org.openqa.selenium.NoSuchElementException: Unable to locate element: {"method":"id","selector":"SDFSITAFI_ayuda"}
For documentation on this error, please visit: http://seleniumhq.org/exceptions/no_such_element.html
Build info: version: '3.8.1', revision: '6e95a6684b', time: '2017-12-01T19:05:32.194Z'
System info: host: 'localhost.localdomain', ip: '127.0.0.1', os.name: 'Linux', os.arch: 'amd64', os.version: '3.10.0-862.3.2.el7.x86_64', java.version: '1.8.0_171'
Driver info: driver.version: unknown
	at <anonymous class>.FirefoxDriver.prototype.findElementInternal_(file:///tmp/anonymous3396790572219169379webdriver-profile/extensions/fxdriver@googlecode.com/components/driver-component.js:11870)
	at <anonymous class>.FirefoxDriver.prototype.findElement(file:///tmp/anonymous3396790572219169379webdriver-profile/extensions/fxdriver@googlecode.com/components/driver-component.js:11879)
	at <anonymous class>.DelayedCommand.prototype.executeInternal_/k(file:///tmp/anonymous3396790572219169379webdriver-profile/extensions/fxdriver@googlecode.com/components/command-processor.js:13364)
	at <anonymous class>.DelayedCommand.prototype.executeInternal_(file:///tmp/anonymous3396790572219169379webdriver-profile/extensions/fxdriver@googlecode.com/components/command-processor.js:13369)
	at <anonymous class>.DelayedCommand.prototype.execute/<(file:///tmp/anonymous3396790572219169379webdriver-profile/extensions/fxdriver@googlecode.com/components/command-processor.js:13311)
13:54:40.019 WARN - Exception: Unable to locate element: {"method":"id","selector":"SDFSITAFI_ayuda"}
For documentation on this error, please visit: http://seleniumhq.org/exceptions/no_such_element.html
Build info: version: '3.8.1', revision: '6e95a6684b', time: '2017-12-01T19:05:32.194Z'
System info: host: 'localhost.localdomain', ip: '127.0.0.1', os.name: 'Linux', os.arch: 'amd64', os.version: '3.10.0-862.3.2.el7.x86_64', java.version: '1.8.0_171'
Driver info: driver.version: unknown
13:54:40.342 INFO - Executing: [find element: By.id: Static001])
13:54:40.668 WARN - Exception thrown
org.openqa.selenium.NoSuchElementException: Unable to locate element: {"method":"id","selector":"Static001"}
Command duration or timeout: 0 milliseconds
	at sun.reflect.GeneratedConstructorAccessor14.newInstance(Unknown Source)
	at sun.reflect.DelegatingConstructorAccessorImpl.newInstance(DelegatingConstructorAccessorImpl.java:45)
	at java.lang.reflect.Constructor.newInstance(Constructor.java:423)
	at org.openqa.selenium.remote.ErrorHandler.createThrowable(ErrorHandler.java:214)
	at org.openqa.selenium.remote.ErrorHandler.throwIfResponseFailed(ErrorHandler.java:166)
	at org.openqa.selenium.remote.http.JsonHttpResponseCodec.reconstructValue(JsonHttpResponseCodec.java:40)
	at org.openqa.selenium.remote.http.AbstractHttpResponseCodec.decode(AbstractHttpResponseCodec.java:80)
	at org.openqa.selenium.remote.http.AbstractHttpResponseCodec.decode(AbstractHttpResponseCodec.java:44)
	at org.openqa.selenium.remote.HttpCommandExecutor.execute(HttpCommandExecutor.java:164)
	at org.openqa.selenium.remote.service.DriverCommandExecutor.execute(DriverCommandExecutor.java:83)
	at org.openqa.selenium.remote.RemoteWebDriver.execute(RemoteWebDriver.java:601)
	at org.openqa.selenium.remote.RemoteWebDriver.findElement(RemoteWebDriver.java:371)
	at org.openqa.selenium.remote.RemoteWebDriver.findElementById(RemoteWebDriver.java:417)
	at org.openqa.selenium.By$ById.findElement(By.java:218)
	at org.openqa.selenium.remote.RemoteWebDriver.findElement(RemoteWebDriver.java:363)
	at sun.reflect.GeneratedMethodAccessor10.invoke(Unknown Source)
	at sun.reflect.DelegatingMethodAccessorImpl.invoke(DelegatingMethodAccessorImpl.java:43)
	at java.lang.reflect.Method.invoke(Method.java:498)
	at org.openqa.selenium.support.events.EventFiringWebDriver$2.invoke(EventFiringWebDriver.java:108)
	at com.sun.proxy.$Proxy6.findElement(Unknown Source)
	at org.openqa.selenium.support.events.EventFiringWebDriver.findElement(EventFiringWebDriver.java:192)
	at org.openqa.selenium.remote.server.handler.FindElement.call(FindElement.java:48)
	at org.openqa.selenium.remote.server.handler.FindElement.call(FindElement.java:33)
	at org.openqa.selenium.remote.server.handler.WebDriverHandler.handle(WebDriverHandler.java:41)
	at org.openqa.selenium.remote.server.rest.ResultConfig.handle(ResultConfig.java:112)
	at org.openqa.selenium.remote.server.JsonHttpCommandHandler.handleRequest(JsonHttpCommandHandler.java:191)
	at org.openqa.selenium.remote.server.DriverServlet.lambda$handleRequest$0(DriverServlet.java:261)
	at java.util.concurrent.Executors$RunnableAdapter.call(Executors.java:511)
	at java.util.concurrent.FutureTask.run(FutureTask.java:266)
	at java.util.concurrent.ThreadPoolExecutor.runWorker(ThreadPoolExecutor.java:1149)
	at java.util.concurrent.ThreadPoolExecutor$Worker.run(ThreadPoolExecutor.java:624)
	at java.lang.Thread.run(Thread.java:748)
Caused by: org.openqa.selenium.NoSuchElementException: Unable to locate element: {"method":"id","selector":"Static001"}
For documentation on this error, please visit: http://seleniumhq.org/exceptions/no_such_element.html
Build info: version: '3.8.1', revision: '6e95a6684b', time: '2017-12-01T19:05:32.194Z'
System info: host: 'localhost.localdomain', ip: '127.0.0.1', os.name: 'Linux', os.arch: 'amd64', os.version: '3.10.0-862.3.2.el7.x86_64', java.version: '1.8.0_171'
Driver info: driver.version: unknown
	at <anonymous class>.FirefoxDriver.prototype.findElementInternal_(file:///tmp/anonymous3396790572219169379webdriver-profile/extensions/fxdriver@googlecode.com/components/driver-component.js:11870)
	at <anonymous class>.FirefoxDriver.prototype.findElement(file:///tmp/anonymous3396790572219169379webdriver-profile/extensions/fxdriver@googlecode.com/components/driver-component.js:11879)
	at <anonymous class>.DelayedCommand.prototype.executeInternal_/k(file:///tmp/anonymous3396790572219169379webdriver-profile/extensions/fxdriver@googlecode.com/components/command-processor.js:13364)
	at <anonymous class>.DelayedCommand.prototype.executeInternal_(file:///tmp/anonymous3396790572219169379webdriver-profile/extensions/fxdriver@googlecode.com/components/command-processor.js:13369)
	at <anonymous class>.DelayedCommand.prototype.execute/<(file:///tmp/anonymous3396790572219169379webdriver-profile/extensions/fxdriver@googlecode.com/components/command-processor.js:13311)
13:54:40.669 WARN - Exception: Unable to locate element: {"method":"id","selector":"Static001"}
For documentation on this error, please visit: http://seleniumhq.org/exceptions/no_such_element.html
Build info: version: '3.8.1', revision: '6e95a6684b', time: '2017-12-01T19:05:32.194Z'
System info: host: 'localhost.localdomain', ip: '127.0.0.1', os.name: 'Linux', os.arch: 'amd64', os.version: '3.10.0-862.3.2.el7.x86_64', java.version: '1.8.0_171'
Driver info: driver.version: unknown
13:54:40.689 INFO - Executing: [find element: By.id: DIL])
13:54:40.727 INFO - Done: [find element: By.id: DIL]
13:54:40.740 INFO - Executing: [get text: 33 [[FirefoxDriver: firefox on LINUX (5fc04f1a-17e0-4f5c-918f-9272a7fa7e16)] -> id: DIL]])
13:54:40.814 INFO - Done: [get text: 33 [[FirefoxDriver: firefox on LINUX (5fc04f1a-17e0-4f5c-918f-9272a7fa7e16)] -> id: DIL]]
13:54:40.817 INFO - Executing: [get text: 33 [[FirefoxDriver: firefox on LINUX (5fc04f1a-17e0-4f5c-918f-9272a7fa7e16)] -> id: DIL]])
13:54:40.854 INFO - Done: [get text: 33 [[FirefoxDriver: firefox on LINUX (5fc04f1a-17e0-4f5c-918f-9272a7fa7e16)] -> id: DIL]]
13:54:40.868 INFO - Executing: [is displayed: 33 [[FirefoxDriver: firefox on LINUX (5fc04f1a-17e0-4f5c-918f-9272a7fa7e16)] -> id: DIL]])
13:54:40.893 INFO - Done: [is displayed: 33 [[FirefoxDriver: firefox on LINUX (5fc04f1a-17e0-4f5c-918f-9272a7fa7e16)] -> id: DIL]]
14:03:45.519 INFO - Executing: [get: https://w2.seg-social.es/Xhtml?JacadaApplicationName=SGIRED&TRANSACCION=ATR01&E=I&AP=AFIR])
14:03:46.505 INFO - Done: [get: https://w2.seg-social.es/Xhtml?JacadaApplicationName=SGIRED&TRANSACCION=ATR01&E=I&AP=AFIR]
14:03:46.540 INFO - Executing: [find element: By.name: txt_SDFPROAFI])
14:03:46.560 INFO - Done: [find element: By.name: txt_SDFPROAFI]
14:03:46.563 INFO - Executing: [send keys: 34 [[FirefoxDriver: firefox on LINUX (5fc04f1a-17e0-4f5c-918f-9272a7fa7e16)] -> name: txt_SDFPROAFI], [46]])
14:03:46.692 INFO - Done: [send keys: 34 [[FirefoxDriver: firefox on LINUX (5fc04f1a-17e0-4f5c-918f-9272a7fa7e16)] -> name: txt_SDFPROAFI], [46]]
14:03:46.695 INFO - Executing: [find element: By.name: txt_SDFCODAFI])
14:03:46.729 INFO - Done: [find element: By.name: txt_SDFCODAFI]
14:03:46.732 INFO - Executing: [send keys: 35 [[FirefoxDriver: firefox on LINUX (5fc04f1a-17e0-4f5c-918f-9272a7fa7e16)] -> name: txt_SDFCODAFI], [1068444330]])
14:03:46.846 INFO - Done: [send keys: 35 [[FirefoxDriver: firefox on LINUX (5fc04f1a-17e0-4f5c-918f-9272a7fa7e16)] -> name: txt_SDFCODAFI], [1068444330]]
14:03:46.851 INFO - Executing: [find element: By.name: txt_SDFTIPPFI_ayuda])
14:03:46.879 INFO - Done: [find element: By.name: txt_SDFTIPPFI_ayuda]
14:03:46.881 INFO - Executing: [send keys: 36 [[FirefoxDriver: firefox on LINUX (5fc04f1a-17e0-4f5c-918f-9272a7fa7e16)] -> name: txt_SDFTIPPFI_ayuda], [1]])
14:03:46.957 INFO - Done: [send keys: 36 [[FirefoxDriver: firefox on LINUX (5fc04f1a-17e0-4f5c-918f-9272a7fa7e16)] -> name: txt_SDFTIPPFI_ayuda], [1]]
14:03:46.963 INFO - Executing: [find element: By.name: txt_SDFNUMPFI])
14:03:47.007 INFO - Done: [find element: By.name: txt_SDFNUMPFI]
14:03:47.010 INFO - Executing: [send keys: 37 [[FirefoxDriver: firefox on LINUX (5fc04f1a-17e0-4f5c-918f-9272a7fa7e16)] -> name: txt_SDFNUMPFI], [48588020Z]])
14:03:47.124 INFO - Done: [send keys: 37 [[FirefoxDriver: firefox on LINUX (5fc04f1a-17e0-4f5c-918f-9272a7fa7e16)] -> name: txt_SDFNUMPFI], [48588020Z]]
14:03:47.126 INFO - Executing: [find element: By.name: txt_SDFREGAFI_ayuda])
14:03:47.151 INFO - Done: [find element: By.name: txt_SDFREGAFI_ayuda]
14:03:47.160 INFO - Executing: [send keys: 38 [[FirefoxDriver: firefox on LINUX (5fc04f1a-17e0-4f5c-918f-9272a7fa7e16)] -> name: txt_SDFREGAFI_ayuda], [111]])
14:03:47.333 INFO - Done: [send keys: 38 [[FirefoxDriver: firefox on LINUX (5fc04f1a-17e0-4f5c-918f-9272a7fa7e16)] -> name: txt_SDFREGAFI_ayuda], [111]]
14:03:47.336 INFO - Executing: [find element: By.name: txt_SDFTESCTACOT])
14:03:47.371 INFO - Done: [find element: By.name: txt_SDFTESCTACOT]
14:03:47.375 INFO - Executing: [send keys: 39 [[FirefoxDriver: firefox on LINUX (5fc04f1a-17e0-4f5c-918f-9272a7fa7e16)] -> name: txt_SDFTESCTACOT], [28]])
14:03:47.604 INFO - Done: [send keys: 39 [[FirefoxDriver: firefox on LINUX (5fc04f1a-17e0-4f5c-918f-9272a7fa7e16)] -> name: txt_SDFTESCTACOT], [28]]
14:03:47.609 INFO - Executing: [find element: By.name: txt_SDFCTACOT])
14:03:47.707 INFO - Done: [find element: By.name: txt_SDFCTACOT]
14:03:47.710 INFO - Executing: [send keys: 40 [[FirefoxDriver: firefox on LINUX (5fc04f1a-17e0-4f5c-918f-9272a7fa7e16)] -> name: txt_SDFCTACOT], [149794464]])
14:03:47.888 INFO - Done: [send keys: 40 [[FirefoxDriver: firefox on LINUX (5fc04f1a-17e0-4f5c-918f-9272a7fa7e16)] -> name: txt_SDFCTACOT], [149794464]]
14:03:47.899 INFO - Executing: [take screenshot])
14:03:48.019 INFO - Done: [take screenshot]
14:03:48.053 INFO - Executing: [find element: By.name: btn_Sub2207401004])
14:03:48.067 INFO - Done: [find element: By.name: btn_Sub2207401004]
14:03:48.076 INFO - Executing: [click: 41 [[FirefoxDriver: firefox on LINUX (5fc04f1a-17e0-4f5c-918f-9272a7fa7e16)] -> name: btn_Sub2207401004]])
14:03:49.518 INFO - Done: [click: 41 [[FirefoxDriver: firefox on LINUX (5fc04f1a-17e0-4f5c-918f-9272a7fa7e16)] -> name: btn_Sub2207401004]]
14:03:49.610 INFO - Executing: [find element: By.id: SDFSITAFI_ayuda])
14:03:49.638 INFO - Done: [find element: By.id: SDFSITAFI_ayuda]
14:03:49.646 INFO - Executing: [is displayed: 42 [[FirefoxDriver: firefox on LINUX (5fc04f1a-17e0-4f5c-918f-9272a7fa7e16)] -> id: SDFSITAFI_ayuda]])
14:03:49.673 INFO - Done: [is displayed: 42 [[FirefoxDriver: firefox on LINUX (5fc04f1a-17e0-4f5c-918f-9272a7fa7e16)] -> id: SDFSITAFI_ayuda]]
14:03:49.720 INFO - Executing: [find element: By.id: Static001])
14:03:50.630 WARN - Exception thrown
org.openqa.selenium.NoSuchElementException: Unable to locate element: {"method":"id","selector":"Static001"}
Command duration or timeout: 0 milliseconds
	at sun.reflect.GeneratedConstructorAccessor14.newInstance(Unknown Source)
	at sun.reflect.DelegatingConstructorAccessorImpl.newInstance(DelegatingConstructorAccessorImpl.java:45)
	at java.lang.reflect.Constructor.newInstance(Constructor.java:423)
	at org.openqa.selenium.remote.ErrorHandler.createThrowable(ErrorHandler.java:214)
	at org.openqa.selenium.remote.ErrorHandler.throwIfResponseFailed(ErrorHandler.java:166)
	at org.openqa.selenium.remote.http.JsonHttpResponseCodec.reconstructValue(JsonHttpResponseCodec.java:40)
	at org.openqa.selenium.remote.http.AbstractHttpResponseCodec.decode(AbstractHttpResponseCodec.java:80)
	at org.openqa.selenium.remote.http.AbstractHttpResponseCodec.decode(AbstractHttpResponseCodec.java:44)
	at org.openqa.selenium.remote.HttpCommandExecutor.execute(HttpCommandExecutor.java:164)
	at org.openqa.selenium.remote.service.DriverCommandExecutor.execute(DriverCommandExecutor.java:83)
	at org.openqa.selenium.remote.RemoteWebDriver.execute(RemoteWebDriver.java:601)
	at org.openqa.selenium.remote.RemoteWebDriver.findElement(RemoteWebDriver.java:371)
	at org.openqa.selenium.remote.RemoteWebDriver.findElementById(RemoteWebDriver.java:417)
	at org.openqa.selenium.By$ById.findElement(By.java:218)
	at org.openqa.selenium.remote.RemoteWebDriver.findElement(RemoteWebDriver.java:363)
	at sun.reflect.GeneratedMethodAccessor10.invoke(Unknown Source)
	at sun.reflect.DelegatingMethodAccessorImpl.invoke(DelegatingMethodAccessorImpl.java:43)
	at java.lang.reflect.Method.invoke(Method.java:498)
	at org.openqa.selenium.support.events.EventFiringWebDriver$2.invoke(EventFiringWebDriver.java:108)
	at com.sun.proxy.$Proxy6.findElement(Unknown Source)
	at org.openqa.selenium.support.events.EventFiringWebDriver.findElement(EventFiringWebDriver.java:192)
	at org.openqa.selenium.remote.server.handler.FindElement.call(FindElement.java:48)
	at org.openqa.selenium.remote.server.handler.FindElement.call(FindElement.java:33)
	at org.openqa.selenium.remote.server.handler.WebDriverHandler.handle(WebDriverHandler.java:41)
	at org.openqa.selenium.remote.server.rest.ResultConfig.handle(ResultConfig.java:112)
	at org.openqa.selenium.remote.server.JsonHttpCommandHandler.handleRequest(JsonHttpCommandHandler.java:191)
	at org.openqa.selenium.remote.server.DriverServlet.lambda$handleRequest$0(DriverServlet.java:261)
	at java.util.concurrent.Executors$RunnableAdapter.call(Executors.java:511)
	at java.util.concurrent.FutureTask.run(FutureTask.java:266)
	at java.util.concurrent.ThreadPoolExecutor.runWorker(ThreadPoolExecutor.java:1149)
	at java.util.concurrent.ThreadPoolExecutor$Worker.run(ThreadPoolExecutor.java:624)
	at java.lang.Thread.run(Thread.java:748)
Caused by: org.openqa.selenium.NoSuchElementException: Unable to locate element: {"method":"id","selector":"Static001"}
For documentation on this error, please visit: http://seleniumhq.org/exceptions/no_such_element.html
Build info: version: '3.8.1', revision: '6e95a6684b', time: '2017-12-01T19:05:32.194Z'
System info: host: 'localhost.localdomain', ip: '127.0.0.1', os.name: 'Linux', os.arch: 'amd64', os.version: '3.10.0-862.3.2.el7.x86_64', java.version: '1.8.0_171'
Driver info: driver.version: unknown
	at <anonymous class>.FirefoxDriver.prototype.findElementInternal_(file:///tmp/anonymous3396790572219169379webdriver-profile/extensions/fxdriver@googlecode.com/components/driver-component.js:11870)
	at <anonymous class>.FirefoxDriver.prototype.findElement(file:///tmp/anonymous3396790572219169379webdriver-profile/extensions/fxdriver@googlecode.com/components/driver-component.js:11879)
	at <anonymous class>.DelayedCommand.prototype.executeInternal_/k(file:///tmp/anonymous3396790572219169379webdriver-profile/extensions/fxdriver@googlecode.com/components/command-processor.js:13364)
	at <anonymous class>.DelayedCommand.prototype.executeInternal_(file:///tmp/anonymous3396790572219169379webdriver-profile/extensions/fxdriver@googlecode.com/components/command-processor.js:13369)
	at <anonymous class>.DelayedCommand.prototype.execute/<(file:///tmp/anonymous3396790572219169379webdriver-profile/extensions/fxdriver@googlecode.com/components/command-processor.js:13311)
14:03:50.631 WARN - Exception: Unable to locate element: {"method":"id","selector":"Static001"}
For documentation on this error, please visit: http://seleniumhq.org/exceptions/no_such_element.html
Build info: version: '3.8.1', revision: '6e95a6684b', time: '2017-12-01T19:05:32.194Z'
System info: host: 'localhost.localdomain', ip: '127.0.0.1', os.name: 'Linux', os.arch: 'amd64', os.version: '3.10.0-862.3.2.el7.x86_64', java.version: '1.8.0_171'
Driver info: driver.version: unknown
14:03:50.660 INFO - Executing: [find element: By.id: DIL])
14:03:50.684 INFO - Done: [find element: By.id: DIL]
14:03:50.702 INFO - Executing: [get text: 43 [[FirefoxDriver: firefox on LINUX (5fc04f1a-17e0-4f5c-918f-9272a7fa7e16)] -> id: DIL]])
14:03:50.732 INFO - Done: [get text: 43 [[FirefoxDriver: firefox on LINUX (5fc04f1a-17e0-4f5c-918f-9272a7fa7e16)] -> id: DIL]]
14:03:50.739 INFO - Executing: [get text: 43 [[FirefoxDriver: firefox on LINUX (5fc04f1a-17e0-4f5c-918f-9272a7fa7e16)] -> id: DIL]])
14:03:50.799 INFO - Done: [get text: 43 [[FirefoxDriver: firefox on LINUX (5fc04f1a-17e0-4f5c-918f-9272a7fa7e16)] -> id: DIL]]
14:03:50.810 INFO - Executing: [is displayed: 43 [[FirefoxDriver: firefox on LINUX (5fc04f1a-17e0-4f5c-918f-9272a7fa7e16)] -> id: DIL]])
14:03:50.832 INFO - Done: [is displayed: 43 [[FirefoxDriver: firefox on LINUX (5fc04f1a-17e0-4f5c-918f-9272a7fa7e16)] -> id: DIL]]
14:03:50.834 INFO - Executing: [find element: By.name: txt_SDFSITAFI_ayuda])
14:03:50.854 INFO - Done: [find element: By.name: txt_SDFSITAFI_ayuda]
14:03:50.857 INFO - Executing: [send keys: 42 [[FirefoxDriver: firefox on LINUX (5fc04f1a-17e0-4f5c-918f-9272a7fa7e16)] -> id: SDFSITAFI_ayuda], [1]])
14:03:50.922 INFO - Done: [send keys: 42 [[FirefoxDriver: firefox on LINUX (5fc04f1a-17e0-4f5c-918f-9272a7fa7e16)] -> id: SDFSITAFI_ayuda], [1]]
14:03:50.924 INFO - Executing: [find element: By.name: txt_SDFFREALDD])
14:03:50.957 INFO - Done: [find element: By.name: txt_SDFFREALDD]
14:03:50.959 INFO - Executing: [send keys: 44 [[FirefoxDriver: firefox on LINUX (5fc04f1a-17e0-4f5c-918f-9272a7fa7e16)] -> name: txt_SDFFREALDD], [30]])
14:03:51.072 INFO - Done: [send keys: 44 [[FirefoxDriver: firefox on LINUX (5fc04f1a-17e0-4f5c-918f-9272a7fa7e16)] -> name: txt_SDFFREALDD], [30]]
14:03:51.076 INFO - Executing: [find element: By.name: txt_SDFFREALMM])
14:03:51.100 INFO - Done: [find element: By.name: txt_SDFFREALMM]
14:03:51.105 INFO - Executing: [send keys: 45 [[FirefoxDriver: firefox on LINUX (5fc04f1a-17e0-4f5c-918f-9272a7fa7e16)] -> name: txt_SDFFREALMM], [09]])
14:03:51.155 INFO - Done: [send keys: 45 [[FirefoxDriver: firefox on LINUX (5fc04f1a-17e0-4f5c-918f-9272a7fa7e16)] -> name: txt_SDFFREALMM], [09]]
14:03:51.157 INFO - Executing: [find element: By.name: txt_SDFFREALAA])
14:03:51.199 INFO - Done: [find element: By.name: txt_SDFFREALAA]
14:03:51.202 INFO - Executing: [send keys: 46 [[FirefoxDriver: firefox on LINUX (5fc04f1a-17e0-4f5c-918f-9272a7fa7e16)] -> name: txt_SDFFREALAA], [2018]])
14:03:51.286 INFO - Done: [send keys: 46 [[FirefoxDriver: firefox on LINUX (5fc04f1a-17e0-4f5c-918f-9272a7fa7e16)] -> name: txt_SDFFREALAA], [2018]]
14:03:51.288 INFO - Executing: [find element: By.name: txt_SDFGRUCOT_ayuda])
14:03:51.300 INFO - Done: [find element: By.name: txt_SDFGRUCOT_ayuda]
14:03:51.302 INFO - Executing: [send keys: 47 [[FirefoxDriver: firefox on LINUX (5fc04f1a-17e0-4f5c-918f-9272a7fa7e16)] -> name: txt_SDFGRUCOT_ayuda], [1]])
14:03:51.348 INFO - Done: [send keys: 47 [[FirefoxDriver: firefox on LINUX (5fc04f1a-17e0-4f5c-918f-9272a7fa7e16)] -> name: txt_SDFGRUCOT_ayuda], [1]]
14:03:51.360 INFO - Executing: [find element: By.name: txt_SDFTICO_ayuda])
14:03:51.393 INFO - Done: [find element: By.name: txt_SDFTICO_ayuda]
14:03:51.405 INFO - Executing: [send keys: 48 [[FirefoxDriver: firefox on LINUX (5fc04f1a-17e0-4f5c-918f-9272a7fa7e16)] -> name: txt_SDFTICO_ayuda], [402]])
14:03:51.655 INFO - Done: [send keys: 48 [[FirefoxDriver: firefox on LINUX (5fc04f1a-17e0-4f5c-918f-9272a7fa7e16)] -> name: txt_SDFTICO_ayuda], [402]]
14:03:51.658 INFO - Executing: [take screenshot])
14:03:51.901 INFO - Done: [take screenshot]
14:03:51.933 INFO - Executing: [find element: By.name: btn_Sub2207401004])
14:03:51.969 INFO - Done: [find element: By.name: btn_Sub2207401004]
14:03:51.971 INFO - Executing: [click: 49 [[FirefoxDriver: firefox on LINUX (5fc04f1a-17e0-4f5c-918f-9272a7fa7e16)] -> name: btn_Sub2207401004]])
14:03:53.386 INFO - Done: [click: 49 [[FirefoxDriver: firefox on LINUX (5fc04f1a-17e0-4f5c-918f-9272a7fa7e16)] -> name: btn_Sub2207401004]]
14:03:53.438 INFO - Executing: [find element: By.id: SDFSITAFI_ayuda])
14:03:53.460 INFO - Done: [find element: By.id: SDFSITAFI_ayuda]
14:03:53.462 INFO - Executing: [is displayed: 50 [[FirefoxDriver: firefox on LINUX (5fc04f1a-17e0-4f5c-918f-9272a7fa7e16)] -> id: SDFSITAFI_ayuda]])
14:03:53.507 INFO - Done: [is displayed: 50 [[FirefoxDriver: firefox on LINUX (5fc04f1a-17e0-4f5c-918f-9272a7fa7e16)] -> id: SDFSITAFI_ayuda]]
14:03:53.558 INFO - Executing: [find element: By.id: Static001])
14:03:54.182 WARN - Exception thrown
org.openqa.selenium.NoSuchElementException: Unable to locate element: {"method":"id","selector":"Static001"}
Command duration or timeout: 0 milliseconds
	at sun.reflect.GeneratedConstructorAccessor14.newInstance(Unknown Source)
	at sun.reflect.DelegatingConstructorAccessorImpl.newInstance(DelegatingConstructorAccessorImpl.java:45)
	at java.lang.reflect.Constructor.newInstance(Constructor.java:423)
	at org.openqa.selenium.remote.ErrorHandler.createThrowable(ErrorHandler.java:214)
	at org.openqa.selenium.remote.ErrorHandler.throwIfResponseFailed(ErrorHandler.java:166)
	at org.openqa.selenium.remote.http.JsonHttpResponseCodec.reconstructValue(JsonHttpResponseCodec.java:40)
	at org.openqa.selenium.remote.http.AbstractHttpResponseCodec.decode(AbstractHttpResponseCodec.java:80)
	at org.openqa.selenium.remote.http.AbstractHttpResponseCodec.decode(AbstractHttpResponseCodec.java:44)
	at org.openqa.selenium.remote.HttpCommandExecutor.execute(HttpCommandExecutor.java:164)
	at org.openqa.selenium.remote.service.DriverCommandExecutor.execute(DriverCommandExecutor.java:83)
	at org.openqa.selenium.remote.RemoteWebDriver.execute(RemoteWebDriver.java:601)
	at org.openqa.selenium.remote.RemoteWebDriver.findElement(RemoteWebDriver.java:371)
	at org.openqa.selenium.remote.RemoteWebDriver.findElementById(RemoteWebDriver.java:417)
	at org.openqa.selenium.By$ById.findElement(By.java:218)
	at org.openqa.selenium.remote.RemoteWebDriver.findElement(RemoteWebDriver.java:363)
	at sun.reflect.GeneratedMethodAccessor10.invoke(Unknown Source)
	at sun.reflect.DelegatingMethodAccessorImpl.invoke(DelegatingMethodAccessorImpl.java:43)
	at java.lang.reflect.Method.invoke(Method.java:498)
	at org.openqa.selenium.support.events.EventFiringWebDriver$2.invoke(EventFiringWebDriver.java:108)
	at com.sun.proxy.$Proxy6.findElement(Unknown Source)
	at org.openqa.selenium.support.events.EventFiringWebDriver.findElement(EventFiringWebDriver.java:192)
	at org.openqa.selenium.remote.server.handler.FindElement.call(FindElement.java:48)
	at org.openqa.selenium.remote.server.handler.FindElement.call(FindElement.java:33)
	at org.openqa.selenium.remote.server.handler.WebDriverHandler.handle(WebDriverHandler.java:41)
	at org.openqa.selenium.remote.server.rest.ResultConfig.handle(ResultConfig.java:112)
	at org.openqa.selenium.remote.server.JsonHttpCommandHandler.handleRequest(JsonHttpCommandHandler.java:191)
	at org.openqa.selenium.remote.server.DriverServlet.lambda$handleRequest$0(DriverServlet.java:261)
	at java.util.concurrent.Executors$RunnableAdapter.call(Executors.java:511)
	at java.util.concurrent.FutureTask.run(FutureTask.java:266)
	at java.util.concurrent.ThreadPoolExecutor.runWorker(ThreadPoolExecutor.java:1149)
	at java.util.concurrent.ThreadPoolExecutor$Worker.run(ThreadPoolExecutor.java:624)
	at java.lang.Thread.run(Thread.java:748)
Caused by: org.openqa.selenium.NoSuchElementException: Unable to locate element: {"method":"id","selector":"Static001"}
For documentation on this error, please visit: http://seleniumhq.org/exceptions/no_such_element.html
Build info: version: '3.8.1', revision: '6e95a6684b', time: '2017-12-01T19:05:32.194Z'
System info: host: 'localhost.localdomain', ip: '127.0.0.1', os.name: 'Linux', os.arch: 'amd64', os.version: '3.10.0-862.3.2.el7.x86_64', java.version: '1.8.0_171'
Driver info: driver.version: unknown
	at <anonymous class>.FirefoxDriver.prototype.findElementInternal_(file:///tmp/anonymous3396790572219169379webdriver-profile/extensions/fxdriver@googlecode.com/components/driver-component.js:11870)
	at <anonymous class>.FirefoxDriver.prototype.findElement(file:///tmp/anonymous3396790572219169379webdriver-profile/extensions/fxdriver@googlecode.com/components/driver-component.js:11879)
	at <anonymous class>.DelayedCommand.prototype.executeInternal_/k(file:///tmp/anonymous3396790572219169379webdriver-profile/extensions/fxdriver@googlecode.com/components/command-processor.js:13364)
	at <anonymous class>.DelayedCommand.prototype.executeInternal_(file:///tmp/anonymous3396790572219169379webdriver-profile/extensions/fxdriver@googlecode.com/components/command-processor.js:13369)
	at <anonymous class>.DelayedCommand.prototype.execute/<(file:///tmp/anonymous3396790572219169379webdriver-profile/extensions/fxdriver@googlecode.com/components/command-processor.js:13311)
14:03:54.183 WARN - Exception: Unable to locate element: {"method":"id","selector":"Static001"}
For documentation on this error, please visit: http://seleniumhq.org/exceptions/no_such_element.html
Build info: version: '3.8.1', revision: '6e95a6684b', time: '2017-12-01T19:05:32.194Z'
System info: host: 'localhost.localdomain', ip: '127.0.0.1', os.name: 'Linux', os.arch: 'amd64', os.version: '3.10.0-862.3.2.el7.x86_64', java.version: '1.8.0_171'
Driver info: driver.version: unknown
14:03:54.190 INFO - Executing: [find element: By.id: DIL])
14:03:54.226 INFO - Done: [find element: By.id: DIL]
14:03:54.228 INFO - Executing: [get text: 51 [[FirefoxDriver: firefox on LINUX (5fc04f1a-17e0-4f5c-918f-9272a7fa7e16)] -> id: DIL]])
14:03:54.378 INFO - Done: [get text: 51 [[FirefoxDriver: firefox on LINUX (5fc04f1a-17e0-4f5c-918f-9272a7fa7e16)] -> id: DIL]]
14:03:54.381 INFO - Executing: [get text: 51 [[FirefoxDriver: firefox on LINUX (5fc04f1a-17e0-4f5c-918f-9272a7fa7e16)] -> id: DIL]])
14:03:54.419 INFO - Done: [get text: 51 [[FirefoxDriver: firefox on LINUX (5fc04f1a-17e0-4f5c-918f-9272a7fa7e16)] -> id: DIL]]
14:03:54.427 INFO - Executing: [is displayed: 51 [[FirefoxDriver: firefox on LINUX (5fc04f1a-17e0-4f5c-918f-9272a7fa7e16)] -> id: DIL]])
14:03:54.461 INFO - Done: [is displayed: 51 [[FirefoxDriver: firefox on LINUX (5fc04f1a-17e0-4f5c-918f-9272a7fa7e16)] -> id: DIL]]
14:03:54.477 INFO - Executing: [get text: 51 [[FirefoxDriver: firefox on LINUX (5fc04f1a-17e0-4f5c-918f-9272a7fa7e16)] -> id: DIL]])
14:03:54.516 INFO - Done: [get text: 51 [[FirefoxDriver: firefox on LINUX (5fc04f1a-17e0-4f5c-918f-9272a7fa7e16)] -> id: DIL]]
14:03:54.534 INFO - Executing: [get text: 51 [[FirefoxDriver: firefox on LINUX (5fc04f1a-17e0-4f5c-918f-9272a7fa7e16)] -> id: DIL]])
14:03:54.573 INFO - Done: [get text: 51 [[FirefoxDriver: firefox on LINUX (5fc04f1a-17e0-4f5c-918f-9272a7fa7e16)] -> id: DIL]]
14:14:04.218 INFO - Executing: [get: https://w2.seg-social.es/Xhtml?JacadaApplicationName=SGIRED&TRANSACCION=ATR01&E=I&AP=AFIR])
14:14:05.608 INFO - Done: [get: https://w2.seg-social.es/Xhtml?JacadaApplicationName=SGIRED&TRANSACCION=ATR01&E=I&AP=AFIR]
14:14:05.635 INFO - Executing: [find element: By.name: txt_SDFPROAFI])
14:14:05.654 INFO - Done: [find element: By.name: txt_SDFPROAFI]
14:14:05.656 INFO - Executing: [send keys: 52 [[FirefoxDriver: firefox on LINUX (5fc04f1a-17e0-4f5c-918f-9272a7fa7e16)] -> name: txt_SDFPROAFI], [46]])
14:14:05.780 INFO - Done: [send keys: 52 [[FirefoxDriver: firefox on LINUX (5fc04f1a-17e0-4f5c-918f-9272a7fa7e16)] -> name: txt_SDFPROAFI], [46]]
14:14:05.788 INFO - Executing: [find element: By.name: txt_SDFCODAFI])
14:14:05.822 INFO - Done: [find element: By.name: txt_SDFCODAFI]
14:14:05.826 INFO - Executing: [send keys: 53 [[FirefoxDriver: firefox on LINUX (5fc04f1a-17e0-4f5c-918f-9272a7fa7e16)] -> name: txt_SDFCODAFI], [1068444330]])
14:14:05.938 INFO - Done: [send keys: 53 [[FirefoxDriver: firefox on LINUX (5fc04f1a-17e0-4f5c-918f-9272a7fa7e16)] -> name: txt_SDFCODAFI], [1068444330]]
14:14:05.952 INFO - Executing: [find element: By.name: txt_SDFTIPPFI_ayuda])
14:14:05.980 INFO - Done: [find element: By.name: txt_SDFTIPPFI_ayuda]
14:14:05.982 INFO - Executing: [send keys: 54 [[FirefoxDriver: firefox on LINUX (5fc04f1a-17e0-4f5c-918f-9272a7fa7e16)] -> name: txt_SDFTIPPFI_ayuda], [1]])
14:14:06.059 INFO - Done: [send keys: 54 [[FirefoxDriver: firefox on LINUX (5fc04f1a-17e0-4f5c-918f-9272a7fa7e16)] -> name: txt_SDFTIPPFI_ayuda], [1]]
14:14:06.061 INFO - Executing: [find element: By.name: txt_SDFNUMPFI])
14:14:06.090 INFO - Done: [find element: By.name: txt_SDFNUMPFI]
14:14:06.092 INFO - Executing: [send keys: 55 [[FirefoxDriver: firefox on LINUX (5fc04f1a-17e0-4f5c-918f-9272a7fa7e16)] -> name: txt_SDFNUMPFI], [48588020Z]])
14:14:06.194 INFO - Done: [send keys: 55 [[FirefoxDriver: firefox on LINUX (5fc04f1a-17e0-4f5c-918f-9272a7fa7e16)] -> name: txt_SDFNUMPFI], [48588020Z]]
14:14:06.196 INFO - Executing: [find element: By.name: txt_SDFREGAFI_ayuda])
14:14:06.232 INFO - Done: [find element: By.name: txt_SDFREGAFI_ayuda]
14:14:06.235 INFO - Executing: [send keys: 56 [[FirefoxDriver: firefox on LINUX (5fc04f1a-17e0-4f5c-918f-9272a7fa7e16)] -> name: txt_SDFREGAFI_ayuda], [111]])
14:14:06.363 INFO - Done: [send keys: 56 [[FirefoxDriver: firefox on LINUX (5fc04f1a-17e0-4f5c-918f-9272a7fa7e16)] -> name: txt_SDFREGAFI_ayuda], [111]]
14:14:06.364 INFO - Executing: [find element: By.name: txt_SDFTESCTACOT])
14:14:06.388 INFO - Done: [find element: By.name: txt_SDFTESCTACOT]
14:14:06.391 INFO - Executing: [send keys: 57 [[FirefoxDriver: firefox on LINUX (5fc04f1a-17e0-4f5c-918f-9272a7fa7e16)] -> name: txt_SDFTESCTACOT], [28]])
14:14:06.490 INFO - Done: [send keys: 57 [[FirefoxDriver: firefox on LINUX (5fc04f1a-17e0-4f5c-918f-9272a7fa7e16)] -> name: txt_SDFTESCTACOT], [28]]
14:14:06.494 INFO - Executing: [find element: By.name: txt_SDFCTACOT])
14:14:06.538 INFO - Done: [find element: By.name: txt_SDFCTACOT]
14:14:06.540 INFO - Executing: [send keys: 58 [[FirefoxDriver: firefox on LINUX (5fc04f1a-17e0-4f5c-918f-9272a7fa7e16)] -> name: txt_SDFCTACOT], [149794464]])
14:14:06.682 INFO - Done: [send keys: 58 [[FirefoxDriver: firefox on LINUX (5fc04f1a-17e0-4f5c-918f-9272a7fa7e16)] -> name: txt_SDFCTACOT], [149794464]]
14:14:06.688 INFO - Executing: [take screenshot])
14:14:06.800 INFO - Done: [take screenshot]
14:14:06.836 INFO - Executing: [find element: By.name: btn_Sub2207401004])
14:14:06.857 INFO - Done: [find element: By.name: btn_Sub2207401004]
14:14:06.859 INFO - Executing: [click: 59 [[FirefoxDriver: firefox on LINUX (5fc04f1a-17e0-4f5c-918f-9272a7fa7e16)] -> name: btn_Sub2207401004]])
14:14:08.391 INFO - Done: [click: 59 [[FirefoxDriver: firefox on LINUX (5fc04f1a-17e0-4f5c-918f-9272a7fa7e16)] -> name: btn_Sub2207401004]]
14:14:08.482 INFO - Executing: [find element: By.id: SDFSITAFI_ayuda])
14:14:08.507 INFO - Done: [find element: By.id: SDFSITAFI_ayuda]
14:14:08.509 INFO - Executing: [is displayed: 60 [[FirefoxDriver: firefox on LINUX (5fc04f1a-17e0-4f5c-918f-9272a7fa7e16)] -> id: SDFSITAFI_ayuda]])
14:14:08.545 INFO - Done: [is displayed: 60 [[FirefoxDriver: firefox on LINUX (5fc04f1a-17e0-4f5c-918f-9272a7fa7e16)] -> id: SDFSITAFI_ayuda]]
14:14:08.598 INFO - Executing: [find element: By.id: Static001])
14:14:09.299 WARN - Exception thrown
org.openqa.selenium.NoSuchElementException: Unable to locate element: {"method":"id","selector":"Static001"}
Command duration or timeout: 0 milliseconds
	at sun.reflect.GeneratedConstructorAccessor14.newInstance(Unknown Source)
	at sun.reflect.DelegatingConstructorAccessorImpl.newInstance(DelegatingConstructorAccessorImpl.java:45)
	at java.lang.reflect.Constructor.newInstance(Constructor.java:423)
	at org.openqa.selenium.remote.ErrorHandler.createThrowable(ErrorHandler.java:214)
	at org.openqa.selenium.remote.ErrorHandler.throwIfResponseFailed(ErrorHandler.java:166)
	at org.openqa.selenium.remote.http.JsonHttpResponseCodec.reconstructValue(JsonHttpResponseCodec.java:40)
	at org.openqa.selenium.remote.http.AbstractHttpResponseCodec.decode(AbstractHttpResponseCodec.java:80)
	at org.openqa.selenium.remote.http.AbstractHttpResponseCodec.decode(AbstractHttpResponseCodec.java:44)
	at org.openqa.selenium.remote.HttpCommandExecutor.execute(HttpCommandExecutor.java:164)
	at org.openqa.selenium.remote.service.DriverCommandExecutor.execute(DriverCommandExecutor.java:83)
	at org.openqa.selenium.remote.RemoteWebDriver.execute(RemoteWebDriver.java:601)
	at org.openqa.selenium.remote.RemoteWebDriver.findElement(RemoteWebDriver.java:371)
	at org.openqa.selenium.remote.RemoteWebDriver.findElementById(RemoteWebDriver.java:417)
	at org.openqa.selenium.By$ById.findElement(By.java:218)
	at org.openqa.selenium.remote.RemoteWebDriver.findElement(RemoteWebDriver.java:363)
	at sun.reflect.GeneratedMethodAccessor10.invoke(Unknown Source)
	at sun.reflect.DelegatingMethodAccessorImpl.invoke(DelegatingMethodAccessorImpl.java:43)
	at java.lang.reflect.Method.invoke(Method.java:498)
	at org.openqa.selenium.support.events.EventFiringWebDriver$2.invoke(EventFiringWebDriver.java:108)
	at com.sun.proxy.$Proxy6.findElement(Unknown Source)
	at org.openqa.selenium.support.events.EventFiringWebDriver.findElement(EventFiringWebDriver.java:192)
	at org.openqa.selenium.remote.server.handler.FindElement.call(FindElement.java:48)
	at org.openqa.selenium.remote.server.handler.FindElement.call(FindElement.java:33)
	at org.openqa.selenium.remote.server.handler.WebDriverHandler.handle(WebDriverHandler.java:41)
	at org.openqa.selenium.remote.server.rest.ResultConfig.handle(ResultConfig.java:112)
	at org.openqa.selenium.remote.server.JsonHttpCommandHandler.handleRequest(JsonHttpCommandHandler.java:191)
	at org.openqa.selenium.remote.server.DriverServlet.lambda$handleRequest$0(DriverServlet.java:261)
	at java.util.concurrent.Executors$RunnableAdapter.call(Executors.java:511)
	at java.util.concurrent.FutureTask.run(FutureTask.java:266)
	at java.util.concurrent.ThreadPoolExecutor.runWorker(ThreadPoolExecutor.java:1149)
	at java.util.concurrent.ThreadPoolExecutor$Worker.run(ThreadPoolExecutor.java:624)
	at java.lang.Thread.run(Thread.java:748)
Caused by: org.openqa.selenium.NoSuchElementException: Unable to locate element: {"method":"id","selector":"Static001"}
For documentation on this error, please visit: http://seleniumhq.org/exceptions/no_such_element.html
Build info: version: '3.8.1', revision: '6e95a6684b', time: '2017-12-01T19:05:32.194Z'
System info: host: 'localhost.localdomain', ip: '127.0.0.1', os.name: 'Linux', os.arch: 'amd64', os.version: '3.10.0-862.3.2.el7.x86_64', java.version: '1.8.0_171'
Driver info: driver.version: unknown
	at <anonymous class>.FirefoxDriver.prototype.findElementInternal_(file:///tmp/anonymous3396790572219169379webdriver-profile/extensions/fxdriver@googlecode.com/components/driver-component.js:11870)
	at <anonymous class>.FirefoxDriver.prototype.findElement(file:///tmp/anonymous3396790572219169379webdriver-profile/extensions/fxdriver@googlecode.com/components/driver-component.js:11879)
	at <anonymous class>.DelayedCommand.prototype.executeInternal_/k(file:///tmp/anonymous3396790572219169379webdriver-profile/extensions/fxdriver@googlecode.com/components/command-processor.js:13364)
	at <anonymous class>.DelayedCommand.prototype.executeInternal_(file:///tmp/anonymous3396790572219169379webdriver-profile/extensions/fxdriver@googlecode.com/components/command-processor.js:13369)
	at <anonymous class>.DelayedCommand.prototype.execute/<(file:///tmp/anonymous3396790572219169379webdriver-profile/extensions/fxdriver@googlecode.com/components/command-processor.js:13311)
14:14:09.299 WARN - Exception: Unable to locate element: {"method":"id","selector":"Static001"}
For documentation on this error, please visit: http://seleniumhq.org/exceptions/no_such_element.html
Build info: version: '3.8.1', revision: '6e95a6684b', time: '2017-12-01T19:05:32.194Z'
System info: host: 'localhost.localdomain', ip: '127.0.0.1', os.name: 'Linux', os.arch: 'amd64', os.version: '3.10.0-862.3.2.el7.x86_64', java.version: '1.8.0_171'
Driver info: driver.version: unknown
14:14:09.314 INFO - Executing: [find element: By.id: DIL])
14:14:09.341 INFO - Done: [find element: By.id: DIL]
14:14:09.345 INFO - Executing: [get text: 61 [[FirefoxDriver: firefox on LINUX (5fc04f1a-17e0-4f5c-918f-9272a7fa7e16)] -> id: DIL]])
14:14:09.358 INFO - Done: [get text: 61 [[FirefoxDriver: firefox on LINUX (5fc04f1a-17e0-4f5c-918f-9272a7fa7e16)] -> id: DIL]]
14:14:09.360 INFO - Executing: [get text: 61 [[FirefoxDriver: firefox on LINUX (5fc04f1a-17e0-4f5c-918f-9272a7fa7e16)] -> id: DIL]])
14:14:09.388 INFO - Done: [get text: 61 [[FirefoxDriver: firefox on LINUX (5fc04f1a-17e0-4f5c-918f-9272a7fa7e16)] -> id: DIL]]
14:14:09.412 INFO - Executing: [is displayed: 61 [[FirefoxDriver: firefox on LINUX (5fc04f1a-17e0-4f5c-918f-9272a7fa7e16)] -> id: DIL]])
14:14:09.434 INFO - Done: [is displayed: 61 [[FirefoxDriver: firefox on LINUX (5fc04f1a-17e0-4f5c-918f-9272a7fa7e16)] -> id: DIL]]
14:14:09.435 INFO - Executing: [find element: By.name: txt_SDFSITAFI_ayuda])
14:14:09.478 INFO - Done: [find element: By.name: txt_SDFSITAFI_ayuda]
14:14:09.490 INFO - Executing: [send keys: 60 [[FirefoxDriver: firefox on LINUX (5fc04f1a-17e0-4f5c-918f-9272a7fa7e16)] -> id: SDFSITAFI_ayuda], [1]])
14:14:09.558 INFO - Done: [send keys: 60 [[FirefoxDriver: firefox on LINUX (5fc04f1a-17e0-4f5c-918f-9272a7fa7e16)] -> id: SDFSITAFI_ayuda], [1]]
14:14:09.559 INFO - Executing: [find element: By.name: txt_SDFFREALDD])
14:14:09.613 INFO - Done: [find element: By.name: txt_SDFFREALDD]
14:14:09.619 INFO - Executing: [send keys: 62 [[FirefoxDriver: firefox on LINUX (5fc04f1a-17e0-4f5c-918f-9272a7fa7e16)] -> name: txt_SDFFREALDD], [30]])
14:14:09.764 INFO - Done: [send keys: 62 [[FirefoxDriver: firefox on LINUX (5fc04f1a-17e0-4f5c-918f-9272a7fa7e16)] -> name: txt_SDFFREALDD], [30]]
14:14:09.766 INFO - Executing: [find element: By.name: txt_SDFFREALMM])
14:14:09.852 INFO - Done: [find element: By.name: txt_SDFFREALMM]
14:14:09.854 INFO - Executing: [send keys: 63 [[FirefoxDriver: firefox on LINUX (5fc04f1a-17e0-4f5c-918f-9272a7fa7e16)] -> name: txt_SDFFREALMM], [09]])
14:14:09.961 INFO - Done: [send keys: 63 [[FirefoxDriver: firefox on LINUX (5fc04f1a-17e0-4f5c-918f-9272a7fa7e16)] -> name: txt_SDFFREALMM], [09]]
14:14:09.962 INFO - Executing: [find element: By.name: txt_SDFFREALAA])
14:14:10.002 INFO - Done: [find element: By.name: txt_SDFFREALAA]
14:14:10.004 INFO - Executing: [send keys: 64 [[FirefoxDriver: firefox on LINUX (5fc04f1a-17e0-4f5c-918f-9272a7fa7e16)] -> name: txt_SDFFREALAA], [2018]])
14:14:10.115 INFO - Done: [send keys: 64 [[FirefoxDriver: firefox on LINUX (5fc04f1a-17e0-4f5c-918f-9272a7fa7e16)] -> name: txt_SDFFREALAA], [2018]]
14:14:10.118 INFO - Executing: [find element: By.name: txt_SDFGRUCOT_ayuda])
14:14:10.155 INFO - Done: [find element: By.name: txt_SDFGRUCOT_ayuda]
14:14:10.156 INFO - Executing: [send keys: 65 [[FirefoxDriver: firefox on LINUX (5fc04f1a-17e0-4f5c-918f-9272a7fa7e16)] -> name: txt_SDFGRUCOT_ayuda], [1]])
14:14:10.209 INFO - Done: [send keys: 65 [[FirefoxDriver: firefox on LINUX (5fc04f1a-17e0-4f5c-918f-9272a7fa7e16)] -> name: txt_SDFGRUCOT_ayuda], [1]]
14:14:10.213 INFO - Executing: [find element: By.name: txt_SDFTICO_ayuda])
14:14:10.448 INFO - Done: [find element: By.name: txt_SDFTICO_ayuda]
14:14:10.453 INFO - Executing: [send keys: 66 [[FirefoxDriver: firefox on LINUX (5fc04f1a-17e0-4f5c-918f-9272a7fa7e16)] -> name: txt_SDFTICO_ayuda], [402]])
14:14:10.630 INFO - Done: [send keys: 66 [[FirefoxDriver: firefox on LINUX (5fc04f1a-17e0-4f5c-918f-9272a7fa7e16)] -> name: txt_SDFTICO_ayuda], [402]]
14:14:10.636 INFO - Executing: [take screenshot])
14:14:10.833 INFO - Done: [take screenshot]
14:14:10.866 INFO - Executing: [find element: By.name: btn_Sub2207401004])
14:14:10.901 INFO - Done: [find element: By.name: btn_Sub2207401004]
14:14:10.903 INFO - Executing: [click: 67 [[FirefoxDriver: firefox on LINUX (5fc04f1a-17e0-4f5c-918f-9272a7fa7e16)] -> name: btn_Sub2207401004]])
14:14:12.047 INFO - Done: [click: 67 [[FirefoxDriver: firefox on LINUX (5fc04f1a-17e0-4f5c-918f-9272a7fa7e16)] -> name: btn_Sub2207401004]]
14:14:12.109 INFO - Executing: [find element: By.id: SDFSITAFI_ayuda])
14:14:12.122 INFO - Done: [find element: By.id: SDFSITAFI_ayuda]
14:14:12.124 INFO - Executing: [is displayed: 68 [[FirefoxDriver: firefox on LINUX (5fc04f1a-17e0-4f5c-918f-9272a7fa7e16)] -> id: SDFSITAFI_ayuda]])
14:14:12.148 INFO - Done: [is displayed: 68 [[FirefoxDriver: firefox on LINUX (5fc04f1a-17e0-4f5c-918f-9272a7fa7e16)] -> id: SDFSITAFI_ayuda]]
14:14:12.205 INFO - Executing: [find element: By.id: Static001])
14:14:12.690 WARN - Exception thrown
org.openqa.selenium.NoSuchElementException: Unable to locate element: {"method":"id","selector":"Static001"}
Command duration or timeout: 0 milliseconds
	at sun.reflect.GeneratedConstructorAccessor14.newInstance(Unknown Source)
	at sun.reflect.DelegatingConstructorAccessorImpl.newInstance(DelegatingConstructorAccessorImpl.java:45)
	at java.lang.reflect.Constructor.newInstance(Constructor.java:423)
	at org.openqa.selenium.remote.ErrorHandler.createThrowable(ErrorHandler.java:214)
	at org.openqa.selenium.remote.ErrorHandler.throwIfResponseFailed(ErrorHandler.java:166)
	at org.openqa.selenium.remote.http.JsonHttpResponseCodec.reconstructValue(JsonHttpResponseCodec.java:40)
	at org.openqa.selenium.remote.http.AbstractHttpResponseCodec.decode(AbstractHttpResponseCodec.java:80)
	at org.openqa.selenium.remote.http.AbstractHttpResponseCodec.decode(AbstractHttpResponseCodec.java:44)
	at org.openqa.selenium.remote.HttpCommandExecutor.execute(HttpCommandExecutor.java:164)
	at org.openqa.selenium.remote.service.DriverCommandExecutor.execute(DriverCommandExecutor.java:83)
	at org.openqa.selenium.remote.RemoteWebDriver.execute(RemoteWebDriver.java:601)
	at org.openqa.selenium.remote.RemoteWebDriver.findElement(RemoteWebDriver.java:371)
	at org.openqa.selenium.remote.RemoteWebDriver.findElementById(RemoteWebDriver.java:417)
	at org.openqa.selenium.By$ById.findElement(By.java:218)
	at org.openqa.selenium.remote.RemoteWebDriver.findElement(RemoteWebDriver.java:363)
	at sun.reflect.GeneratedMethodAccessor10.invoke(Unknown Source)
	at sun.reflect.DelegatingMethodAccessorImpl.invoke(DelegatingMethodAccessorImpl.java:43)
	at java.lang.reflect.Method.invoke(Method.java:498)
	at org.openqa.selenium.support.events.EventFiringWebDriver$2.invoke(EventFiringWebDriver.java:108)
	at com.sun.proxy.$Proxy6.findElement(Unknown Source)
	at org.openqa.selenium.support.events.EventFiringWebDriver.findElement(EventFiringWebDriver.java:192)
	at org.openqa.selenium.remote.server.handler.FindElement.call(FindElement.java:48)
	at org.openqa.selenium.remote.server.handler.FindElement.call(FindElement.java:33)
	at org.openqa.selenium.remote.server.handler.WebDriverHandler.handle(WebDriverHandler.java:41)
	at org.openqa.selenium.remote.server.rest.ResultConfig.handle(ResultConfig.java:112)
	at org.openqa.selenium.remote.server.JsonHttpCommandHandler.handleRequest(JsonHttpCommandHandler.java:191)
	at org.openqa.selenium.remote.server.DriverServlet.lambda$handleRequest$0(DriverServlet.java:261)
	at java.util.concurrent.Executors$RunnableAdapter.call(Executors.java:511)
	at java.util.concurrent.FutureTask.run(FutureTask.java:266)
	at java.util.concurrent.ThreadPoolExecutor.runWorker(ThreadPoolExecutor.java:1149)
	at java.util.concurrent.ThreadPoolExecutor$Worker.run(ThreadPoolExecutor.java:624)
	at java.lang.Thread.run(Thread.java:748)
Caused by: org.openqa.selenium.NoSuchElementException: Unable to locate element: {"method":"id","selector":"Static001"}
For documentation on this error, please visit: http://seleniumhq.org/exceptions/no_such_element.html
Build info: version: '3.8.1', revision: '6e95a6684b', time: '2017-12-01T19:05:32.194Z'
System info: host: 'localhost.localdomain', ip: '127.0.0.1', os.name: 'Linux', os.arch: 'amd64', os.version: '3.10.0-862.3.2.el7.x86_64', java.version: '1.8.0_171'
Driver info: driver.version: unknown
	at <anonymous class>.FirefoxDriver.prototype.findElementInternal_(file:///tmp/anonymous3396790572219169379webdriver-profile/extensions/fxdriver@googlecode.com/components/driver-component.js:11870)
	at <anonymous class>.FirefoxDriver.prototype.findElement(file:///tmp/anonymous3396790572219169379webdriver-profile/extensions/fxdriver@googlecode.com/components/driver-component.js:11879)
	at <anonymous class>.DelayedCommand.prototype.executeInternal_/k(file:///tmp/anonymous3396790572219169379webdriver-profile/extensions/fxdriver@googlecode.com/components/command-processor.js:13364)
	at <anonymous class>.DelayedCommand.prototype.executeInternal_(file:///tmp/anonymous3396790572219169379webdriver-profile/extensions/fxdriver@googlecode.com/components/command-processor.js:13369)
	at <anonymous class>.DelayedCommand.prototype.execute/<(file:///tmp/anonymous3396790572219169379webdriver-profile/extensions/fxdriver@googlecode.com/components/command-processor.js:13311)
14:14:12.690 WARN - Exception: Unable to locate element: {"method":"id","selector":"Static001"}
For documentation on this error, please visit: http://seleniumhq.org/exceptions/no_such_element.html
Build info: version: '3.8.1', revision: '6e95a6684b', time: '2017-12-01T19:05:32.194Z'
System info: host: 'localhost.localdomain', ip: '127.0.0.1', os.name: 'Linux', os.arch: 'amd64', os.version: '3.10.0-862.3.2.el7.x86_64', java.version: '1.8.0_171'
Driver info: driver.version: unknown
14:14:12.701 INFO - Executing: [find element: By.id: DIL])
14:14:12.711 INFO - Done: [find element: By.id: DIL]
14:14:12.725 INFO - Executing: [get text: 69 [[FirefoxDriver: firefox on LINUX (5fc04f1a-17e0-4f5c-918f-9272a7fa7e16)] -> id: DIL]])
14:14:12.753 INFO - Done: [get text: 69 [[FirefoxDriver: firefox on LINUX (5fc04f1a-17e0-4f5c-918f-9272a7fa7e16)] -> id: DIL]]
14:14:12.762 INFO - Executing: [get text: 69 [[FirefoxDriver: firefox on LINUX (5fc04f1a-17e0-4f5c-918f-9272a7fa7e16)] -> id: DIL]])
14:14:12.789 INFO - Done: [get text: 69 [[FirefoxDriver: firefox on LINUX (5fc04f1a-17e0-4f5c-918f-9272a7fa7e16)] -> id: DIL]]
14:14:12.825 INFO - Executing: [is displayed: 69 [[FirefoxDriver: firefox on LINUX (5fc04f1a-17e0-4f5c-918f-9272a7fa7e16)] -> id: DIL]])
14:14:12.838 INFO - Done: [is displayed: 69 [[FirefoxDriver: firefox on LINUX (5fc04f1a-17e0-4f5c-918f-9272a7fa7e16)] -> id: DIL]]
14:14:12.864 INFO - Executing: [get text: 69 [[FirefoxDriver: firefox on LINUX (5fc04f1a-17e0-4f5c-918f-9272a7fa7e16)] -> id: DIL]])
14:14:12.880 INFO - Done: [get text: 69 [[FirefoxDriver: firefox on LINUX (5fc04f1a-17e0-4f5c-918f-9272a7fa7e16)] -> id: DIL]]
14:14:12.957 INFO - Executing: [get text: 69 [[FirefoxDriver: firefox on LINUX (5fc04f1a-17e0-4f5c-918f-9272a7fa7e16)] -> id: DIL]])
14:14:13.100 INFO - Done: [get text: 69 [[FirefoxDriver: firefox on LINUX (5fc04f1a-17e0-4f5c-918f-9272a7fa7e16)] -> id: DIL]]
14:14:13.381 INFO - Executing: [get: https://w2.seg-social.es/Xhtml?JacadaApplicationName=SGIRED&TRANSACCION=ATR01&E=I&AP=AFIR])
14:14:14.136 INFO - Done: [get: https://w2.seg-social.es/Xhtml?JacadaApplicationName=SGIRED&TRANSACCION=ATR01&E=I&AP=AFIR]
14:14:14.164 INFO - Executing: [find element: By.name: txt_SDFPROAFI])
14:14:14.197 INFO - Done: [find element: By.name: txt_SDFPROAFI]
14:14:14.198 INFO - Executing: [send keys: 70 [[FirefoxDriver: firefox on LINUX (5fc04f1a-17e0-4f5c-918f-9272a7fa7e16)] -> name: txt_SDFPROAFI], [12]])
14:14:14.327 INFO - Done: [send keys: 70 [[FirefoxDriver: firefox on LINUX (5fc04f1a-17e0-4f5c-918f-9272a7fa7e16)] -> name: txt_SDFPROAFI], [12]]
14:14:14.329 INFO - Executing: [find element: By.name: txt_SDFCODAFI])
14:14:14.362 INFO - Done: [find element: By.name: txt_SDFCODAFI]
14:14:14.366 INFO - Executing: [send keys: 71 [[FirefoxDriver: firefox on LINUX (5fc04f1a-17e0-4f5c-918f-9272a7fa7e16)] -> name: txt_SDFCODAFI], [1030655213]])
14:14:14.696 INFO - Done: [send keys: 71 [[FirefoxDriver: firefox on LINUX (5fc04f1a-17e0-4f5c-918f-9272a7fa7e16)] -> name: txt_SDFCODAFI], [1030655213]]
14:14:14.698 INFO - Executing: [find element: By.name: txt_SDFTIPPFI_ayuda])
14:14:14.750 INFO - Done: [find element: By.name: txt_SDFTIPPFI_ayuda]
14:14:14.752 INFO - Executing: [send keys: 72 [[FirefoxDriver: firefox on LINUX (5fc04f1a-17e0-4f5c-918f-9272a7fa7e16)] -> name: txt_SDFTIPPFI_ayuda], [1]])
14:14:14.853 INFO - Done: [send keys: 72 [[FirefoxDriver: firefox on LINUX (5fc04f1a-17e0-4f5c-918f-9272a7fa7e16)] -> name: txt_SDFTIPPFI_ayuda], [1]]
14:14:14.854 INFO - Executing: [find element: By.name: txt_SDFNUMPFI])
14:14:14.933 INFO - Done: [find element: By.name: txt_SDFNUMPFI]
14:14:14.934 INFO - Executing: [send keys: 73 [[FirefoxDriver: firefox on LINUX (5fc04f1a-17e0-4f5c-918f-9272a7fa7e16)] -> name: txt_SDFNUMPFI], [53791636H]])
14:14:15.117 INFO - Done: [send keys: 73 [[FirefoxDriver: firefox on LINUX (5fc04f1a-17e0-4f5c-918f-9272a7fa7e16)] -> name: txt_SDFNUMPFI], [53791636H]]
14:14:15.121 INFO - Executing: [find element: By.name: txt_SDFREGAFI_ayuda])
14:14:15.226 INFO - Done: [find element: By.name: txt_SDFREGAFI_ayuda]
14:14:15.227 INFO - Executing: [send keys: 74 [[FirefoxDriver: firefox on LINUX (5fc04f1a-17e0-4f5c-918f-9272a7fa7e16)] -> name: txt_SDFREGAFI_ayuda], [111]])
14:14:15.430 INFO - Done: [send keys: 74 [[FirefoxDriver: firefox on LINUX (5fc04f1a-17e0-4f5c-918f-9272a7fa7e16)] -> name: txt_SDFREGAFI_ayuda], [111]]
14:14:15.433 INFO - Executing: [find element: By.name: txt_SDFTESCTACOT])
14:14:15.553 INFO - Done: [find element: By.name: txt_SDFTESCTACOT]
14:14:15.555 INFO - Executing: [send keys: 75 [[FirefoxDriver: firefox on LINUX (5fc04f1a-17e0-4f5c-918f-9272a7fa7e16)] -> name: txt_SDFTESCTACOT], [28]])
14:14:15.712 INFO - Done: [send keys: 75 [[FirefoxDriver: firefox on LINUX (5fc04f1a-17e0-4f5c-918f-9272a7fa7e16)] -> name: txt_SDFTESCTACOT], [28]]
14:14:15.714 INFO - Executing: [find element: By.name: txt_SDFCTACOT])
14:14:15.824 INFO - Done: [find element: By.name: txt_SDFCTACOT]
14:14:15.826 INFO - Executing: [send keys: 76 [[FirefoxDriver: firefox on LINUX (5fc04f1a-17e0-4f5c-918f-9272a7fa7e16)] -> name: txt_SDFCTACOT], [149794464]])
14:14:16.059 INFO - Done: [send keys: 76 [[FirefoxDriver: firefox on LINUX (5fc04f1a-17e0-4f5c-918f-9272a7fa7e16)] -> name: txt_SDFCTACOT], [149794464]]
14:14:16.061 INFO - Executing: [take screenshot])
14:14:16.199 INFO - Done: [take screenshot]
14:14:16.229 INFO - Executing: [find element: By.name: btn_Sub2207401004])
14:14:16.243 INFO - Done: [find element: By.name: btn_Sub2207401004]
14:14:16.245 INFO - Executing: [click: 77 [[FirefoxDriver: firefox on LINUX (5fc04f1a-17e0-4f5c-918f-9272a7fa7e16)] -> name: btn_Sub2207401004]])
14:14:17.475 INFO - Done: [click: 77 [[FirefoxDriver: firefox on LINUX (5fc04f1a-17e0-4f5c-918f-9272a7fa7e16)] -> name: btn_Sub2207401004]]
14:14:17.559 INFO - Executing: [find element: By.id: SDFSITAFI_ayuda])
14:14:17.574 INFO - Done: [find element: By.id: SDFSITAFI_ayuda]
14:14:17.579 INFO - Executing: [is displayed: 78 [[FirefoxDriver: firefox on LINUX (5fc04f1a-17e0-4f5c-918f-9272a7fa7e16)] -> id: SDFSITAFI_ayuda]])
14:14:17.605 INFO - Done: [is displayed: 78 [[FirefoxDriver: firefox on LINUX (5fc04f1a-17e0-4f5c-918f-9272a7fa7e16)] -> id: SDFSITAFI_ayuda]]
14:14:17.674 INFO - Executing: [find element: By.id: Static001])
14:14:18.438 WARN - Exception thrown
org.openqa.selenium.NoSuchElementException: Unable to locate element: {"method":"id","selector":"Static001"}
Command duration or timeout: 0 milliseconds
	at sun.reflect.GeneratedConstructorAccessor14.newInstance(Unknown Source)
	at sun.reflect.DelegatingConstructorAccessorImpl.newInstance(DelegatingConstructorAccessorImpl.java:45)
	at java.lang.reflect.Constructor.newInstance(Constructor.java:423)
	at org.openqa.selenium.remote.ErrorHandler.createThrowable(ErrorHandler.java:214)
	at org.openqa.selenium.remote.ErrorHandler.throwIfResponseFailed(ErrorHandler.java:166)
	at org.openqa.selenium.remote.http.JsonHttpResponseCodec.reconstructValue(JsonHttpResponseCodec.java:40)
	at org.openqa.selenium.remote.http.AbstractHttpResponseCodec.decode(AbstractHttpResponseCodec.java:80)
	at org.openqa.selenium.remote.http.AbstractHttpResponseCodec.decode(AbstractHttpResponseCodec.java:44)
	at org.openqa.selenium.remote.HttpCommandExecutor.execute(HttpCommandExecutor.java:164)
	at org.openqa.selenium.remote.service.DriverCommandExecutor.execute(DriverCommandExecutor.java:83)
	at org.openqa.selenium.remote.RemoteWebDriver.execute(RemoteWebDriver.java:601)
	at org.openqa.selenium.remote.RemoteWebDriver.findElement(RemoteWebDriver.java:371)
	at org.openqa.selenium.remote.RemoteWebDriver.findElementById(RemoteWebDriver.java:417)
	at org.openqa.selenium.By$ById.findElement(By.java:218)
	at org.openqa.selenium.remote.RemoteWebDriver.findElement(RemoteWebDriver.java:363)
	at sun.reflect.GeneratedMethodAccessor10.invoke(Unknown Source)
	at sun.reflect.DelegatingMethodAccessorImpl.invoke(DelegatingMethodAccessorImpl.java:43)
	at java.lang.reflect.Method.invoke(Method.java:498)
	at org.openqa.selenium.support.events.EventFiringWebDriver$2.invoke(EventFiringWebDriver.java:108)
	at com.sun.proxy.$Proxy6.findElement(Unknown Source)
	at org.openqa.selenium.support.events.EventFiringWebDriver.findElement(EventFiringWebDriver.java:192)
	at org.openqa.selenium.remote.server.handler.FindElement.call(FindElement.java:48)
	at org.openqa.selenium.remote.server.handler.FindElement.call(FindElement.java:33)
	at org.openqa.selenium.remote.server.handler.WebDriverHandler.handle(WebDriverHandler.java:41)
	at org.openqa.selenium.remote.server.rest.ResultConfig.handle(ResultConfig.java:112)
	at org.openqa.selenium.remote.server.JsonHttpCommandHandler.handleRequest(JsonHttpCommandHandler.java:191)
	at org.openqa.selenium.remote.server.DriverServlet.lambda$handleRequest$0(DriverServlet.java:261)
	at java.util.concurrent.Executors$RunnableAdapter.call(Executors.java:511)
	at java.util.concurrent.FutureTask.run(FutureTask.java:266)
	at java.util.concurrent.ThreadPoolExecutor.runWorker(ThreadPoolExecutor.java:1149)
	at java.util.concurrent.ThreadPoolExecutor$Worker.run(ThreadPoolExecutor.java:624)
	at java.lang.Thread.run(Thread.java:748)
Caused by: org.openqa.selenium.NoSuchElementException: Unable to locate element: {"method":"id","selector":"Static001"}
For documentation on this error, please visit: http://seleniumhq.org/exceptions/no_such_element.html
Build info: version: '3.8.1', revision: '6e95a6684b', time: '2017-12-01T19:05:32.194Z'
System info: host: 'localhost.localdomain', ip: '127.0.0.1', os.name: 'Linux', os.arch: 'amd64', os.version: '3.10.0-862.3.2.el7.x86_64', java.version: '1.8.0_171'
Driver info: driver.version: unknown
	at <anonymous class>.FirefoxDriver.prototype.findElementInternal_(file:///tmp/anonymous3396790572219169379webdriver-profile/extensions/fxdriver@googlecode.com/components/driver-component.js:11870)
	at <anonymous class>.FirefoxDriver.prototype.findElement(file:///tmp/anonymous3396790572219169379webdriver-profile/extensions/fxdriver@googlecode.com/components/driver-component.js:11879)
	at <anonymous class>.DelayedCommand.prototype.executeInternal_/k(file:///tmp/anonymous3396790572219169379webdriver-profile/extensions/fxdriver@googlecode.com/components/command-processor.js:13364)
	at <anonymous class>.DelayedCommand.prototype.executeInternal_(file:///tmp/anonymous3396790572219169379webdriver-profile/extensions/fxdriver@googlecode.com/components/command-processor.js:13369)
	at <anonymous class>.DelayedCommand.prototype.execute/<(file:///tmp/anonymous3396790572219169379webdriver-profile/extensions/fxdriver@googlecode.com/components/command-processor.js:13311)
14:14:18.438 WARN - Exception: Unable to locate element: {"method":"id","selector":"Static001"}
For documentation on this error, please visit: http://seleniumhq.org/exceptions/no_such_element.html
Build info: version: '3.8.1', revision: '6e95a6684b', time: '2017-12-01T19:05:32.194Z'
System info: host: 'localhost.localdomain', ip: '127.0.0.1', os.name: 'Linux', os.arch: 'amd64', os.version: '3.10.0-862.3.2.el7.x86_64', java.version: '1.8.0_171'
Driver info: driver.version: unknown
14:14:18.465 INFO - Executing: [find element: By.id: DIL])
14:14:18.487 INFO - Done: [find element: By.id: DIL]
14:14:18.489 INFO - Executing: [get text: 79 [[FirefoxDriver: firefox on LINUX (5fc04f1a-17e0-4f5c-918f-9272a7fa7e16)] -> id: DIL]])
14:14:18.521 INFO - Done: [get text: 79 [[FirefoxDriver: firefox on LINUX (5fc04f1a-17e0-4f5c-918f-9272a7fa7e16)] -> id: DIL]]
14:14:18.526 INFO - Executing: [get text: 79 [[FirefoxDriver: firefox on LINUX (5fc04f1a-17e0-4f5c-918f-9272a7fa7e16)] -> id: DIL]])
14:14:18.562 INFO - Done: [get text: 79 [[FirefoxDriver: firefox on LINUX (5fc04f1a-17e0-4f5c-918f-9272a7fa7e16)] -> id: DIL]]
14:14:18.585 INFO - Executing: [is displayed: 79 [[FirefoxDriver: firefox on LINUX (5fc04f1a-17e0-4f5c-918f-9272a7fa7e16)] -> id: DIL]])
14:14:18.598 INFO - Done: [is displayed: 79 [[FirefoxDriver: firefox on LINUX (5fc04f1a-17e0-4f5c-918f-9272a7fa7e16)] -> id: DIL]]
14:14:18.600 INFO - Executing: [find element: By.name: txt_SDFSITAFI_ayuda])
14:14:18.640 INFO - Done: [find element: By.name: txt_SDFSITAFI_ayuda]
14:14:18.643 INFO - Executing: [send keys: 78 [[FirefoxDriver: firefox on LINUX (5fc04f1a-17e0-4f5c-918f-9272a7fa7e16)] -> id: SDFSITAFI_ayuda], [1]])
14:14:18.689 INFO - Done: [send keys: 78 [[FirefoxDriver: firefox on LINUX (5fc04f1a-17e0-4f5c-918f-9272a7fa7e16)] -> id: SDFSITAFI_ayuda], [1]]
14:14:18.691 INFO - Executing: [find element: By.name: txt_SDFFREALDD])
14:14:18.736 INFO - Done: [find element: By.name: txt_SDFFREALDD]
14:14:18.738 INFO - Executing: [send keys: 80 [[FirefoxDriver: firefox on LINUX (5fc04f1a-17e0-4f5c-918f-9272a7fa7e16)] -> name: txt_SDFFREALDD], [30]])
14:14:18.867 INFO - Done: [send keys: 80 [[FirefoxDriver: firefox on LINUX (5fc04f1a-17e0-4f5c-918f-9272a7fa7e16)] -> name: txt_SDFFREALDD], [30]]
14:14:18.870 INFO - Executing: [find element: By.name: txt_SDFFREALMM])
14:14:18.903 INFO - Done: [find element: By.name: txt_SDFFREALMM]
14:14:18.910 INFO - Executing: [send keys: 81 [[FirefoxDriver: firefox on LINUX (5fc04f1a-17e0-4f5c-918f-9272a7fa7e16)] -> name: txt_SDFFREALMM], [09]])
14:14:19.008 INFO - Done: [send keys: 81 [[FirefoxDriver: firefox on LINUX (5fc04f1a-17e0-4f5c-918f-9272a7fa7e16)] -> name: txt_SDFFREALMM], [09]]
14:14:19.010 INFO - Executing: [find element: By.name: txt_SDFFREALAA])
14:14:19.042 INFO - Done: [find element: By.name: txt_SDFFREALAA]
14:14:19.044 INFO - Executing: [send keys: 82 [[FirefoxDriver: firefox on LINUX (5fc04f1a-17e0-4f5c-918f-9272a7fa7e16)] -> name: txt_SDFFREALAA], [2018]])
14:14:19.125 INFO - Done: [send keys: 82 [[FirefoxDriver: firefox on LINUX (5fc04f1a-17e0-4f5c-918f-9272a7fa7e16)] -> name: txt_SDFFREALAA], [2018]]
14:14:19.127 INFO - Executing: [find element: By.name: txt_SDFGRUCOT_ayuda])
14:14:19.150 INFO - Done: [find element: By.name: txt_SDFGRUCOT_ayuda]
14:14:19.151 INFO - Executing: [send keys: 83 [[FirefoxDriver: firefox on LINUX (5fc04f1a-17e0-4f5c-918f-9272a7fa7e16)] -> name: txt_SDFGRUCOT_ayuda], [1]])
14:14:19.188 INFO - Done: [send keys: 83 [[FirefoxDriver: firefox on LINUX (5fc04f1a-17e0-4f5c-918f-9272a7fa7e16)] -> name: txt_SDFGRUCOT_ayuda], [1]]
14:14:19.190 INFO - Executing: [find element: By.name: txt_SDFTICO_ayuda])
14:14:19.206 INFO - Done: [find element: By.name: txt_SDFTICO_ayuda]
14:14:19.208 INFO - Executing: [send keys: 84 [[FirefoxDriver: firefox on LINUX (5fc04f1a-17e0-4f5c-918f-9272a7fa7e16)] -> name: txt_SDFTICO_ayuda], [402]])
14:14:19.282 INFO - Done: [send keys: 84 [[FirefoxDriver: firefox on LINUX (5fc04f1a-17e0-4f5c-918f-9272a7fa7e16)] -> name: txt_SDFTICO_ayuda], [402]]
14:14:19.285 INFO - Executing: [take screenshot])
14:14:19.440 INFO - Done: [take screenshot]
14:14:19.479 INFO - Executing: [find element: By.name: btn_Sub2207401004])
14:14:19.494 INFO - Done: [find element: By.name: btn_Sub2207401004]
14:14:19.495 INFO - Executing: [click: 85 [[FirefoxDriver: firefox on LINUX (5fc04f1a-17e0-4f5c-918f-9272a7fa7e16)] -> name: btn_Sub2207401004]])
14:14:20.583 INFO - Done: [click: 85 [[FirefoxDriver: firefox on LINUX (5fc04f1a-17e0-4f5c-918f-9272a7fa7e16)] -> name: btn_Sub2207401004]]
14:14:20.639 INFO - Executing: [find element: By.id: SDFSITAFI_ayuda])
14:14:20.661 INFO - Done: [find element: By.id: SDFSITAFI_ayuda]
14:14:20.663 INFO - Executing: [is displayed: 86 [[FirefoxDriver: firefox on LINUX (5fc04f1a-17e0-4f5c-918f-9272a7fa7e16)] -> id: SDFSITAFI_ayuda]])
14:14:20.707 INFO - Done: [is displayed: 86 [[FirefoxDriver: firefox on LINUX (5fc04f1a-17e0-4f5c-918f-9272a7fa7e16)] -> id: SDFSITAFI_ayuda]]
14:14:20.752 INFO - Executing: [find element: By.id: Static001])
14:14:21.237 WARN - Exception thrown
org.openqa.selenium.NoSuchElementException: Unable to locate element: {"method":"id","selector":"Static001"}
Command duration or timeout: 0 milliseconds
	at sun.reflect.GeneratedConstructorAccessor14.newInstance(Unknown Source)
	at sun.reflect.DelegatingConstructorAccessorImpl.newInstance(DelegatingConstructorAccessorImpl.java:45)
	at java.lang.reflect.Constructor.newInstance(Constructor.java:423)
	at org.openqa.selenium.remote.ErrorHandler.createThrowable(ErrorHandler.java:214)
	at org.openqa.selenium.remote.ErrorHandler.throwIfResponseFailed(ErrorHandler.java:166)
	at org.openqa.selenium.remote.http.JsonHttpResponseCodec.reconstructValue(JsonHttpResponseCodec.java:40)
	at org.openqa.selenium.remote.http.AbstractHttpResponseCodec.decode(AbstractHttpResponseCodec.java:80)
	at org.openqa.selenium.remote.http.AbstractHttpResponseCodec.decode(AbstractHttpResponseCodec.java:44)
	at org.openqa.selenium.remote.HttpCommandExecutor.execute(HttpCommandExecutor.java:164)
	at org.openqa.selenium.remote.service.DriverCommandExecutor.execute(DriverCommandExecutor.java:83)
	at org.openqa.selenium.remote.RemoteWebDriver.execute(RemoteWebDriver.java:601)
	at org.openqa.selenium.remote.RemoteWebDriver.findElement(RemoteWebDriver.java:371)
	at org.openqa.selenium.remote.RemoteWebDriver.findElementById(RemoteWebDriver.java:417)
	at org.openqa.selenium.By$ById.findElement(By.java:218)
	at org.openqa.selenium.remote.RemoteWebDriver.findElement(RemoteWebDriver.java:363)
	at sun.reflect.GeneratedMethodAccessor10.invoke(Unknown Source)
	at sun.reflect.DelegatingMethodAccessorImpl.invoke(DelegatingMethodAccessorImpl.java:43)
	at java.lang.reflect.Method.invoke(Method.java:498)
	at org.openqa.selenium.support.events.EventFiringWebDriver$2.invoke(EventFiringWebDriver.java:108)
	at com.sun.proxy.$Proxy6.findElement(Unknown Source)
	at org.openqa.selenium.support.events.EventFiringWebDriver.findElement(EventFiringWebDriver.java:192)
	at org.openqa.selenium.remote.server.handler.FindElement.call(FindElement.java:48)
	at org.openqa.selenium.remote.server.handler.FindElement.call(FindElement.java:33)
	at org.openqa.selenium.remote.server.handler.WebDriverHandler.handle(WebDriverHandler.java:41)
	at org.openqa.selenium.remote.server.rest.ResultConfig.handle(ResultConfig.java:112)
	at org.openqa.selenium.remote.server.JsonHttpCommandHandler.handleRequest(JsonHttpCommandHandler.java:191)
	at org.openqa.selenium.remote.server.DriverServlet.lambda$handleRequest$0(DriverServlet.java:261)
	at java.util.concurrent.Executors$RunnableAdapter.call(Executors.java:511)
	at java.util.concurrent.FutureTask.run(FutureTask.java:266)
	at java.util.concurrent.ThreadPoolExecutor.runWorker(ThreadPoolExecutor.java:1149)
	at java.util.concurrent.ThreadPoolExecutor$Worker.run(ThreadPoolExecutor.java:624)
	at java.lang.Thread.run(Thread.java:748)
Caused by: org.openqa.selenium.NoSuchElementException: Unable to locate element: {"method":"id","selector":"Static001"}
For documentation on this error, please visit: http://seleniumhq.org/exceptions/no_such_element.html
Build info: version: '3.8.1', revision: '6e95a6684b', time: '2017-12-01T19:05:32.194Z'
System info: host: 'localhost.localdomain', ip: '127.0.0.1', os.name: 'Linux', os.arch: 'amd64', os.version: '3.10.0-862.3.2.el7.x86_64', java.version: '1.8.0_171'
Driver info: driver.version: unknown
	at <anonymous class>.FirefoxDriver.prototype.findElementInternal_(file:///tmp/anonymous3396790572219169379webdriver-profile/extensions/fxdriver@googlecode.com/components/driver-component.js:11870)
	at <anonymous class>.FirefoxDriver.prototype.findElement(file:///tmp/anonymous3396790572219169379webdriver-profile/extensions/fxdriver@googlecode.com/components/driver-component.js:11879)
	at <anonymous class>.DelayedCommand.prototype.executeInternal_/k(file:///tmp/anonymous3396790572219169379webdriver-profile/extensions/fxdriver@googlecode.com/components/command-processor.js:13364)
	at <anonymous class>.DelayedCommand.prototype.executeInternal_(file:///tmp/anonymous3396790572219169379webdriver-profile/extensions/fxdriver@googlecode.com/components/command-processor.js:13369)
	at <anonymous class>.DelayedCommand.prototype.execute/<(file:///tmp/anonymous3396790572219169379webdriver-profile/extensions/fxdriver@googlecode.com/components/command-processor.js:13311)
14:14:21.237 WARN - Exception: Unable to locate element: {"method":"id","selector":"Static001"}
For documentation on this error, please visit: http://seleniumhq.org/exceptions/no_such_element.html
Build info: version: '3.8.1', revision: '6e95a6684b', time: '2017-12-01T19:05:32.194Z'
System info: host: 'localhost.localdomain', ip: '127.0.0.1', os.name: 'Linux', os.arch: 'amd64', os.version: '3.10.0-862.3.2.el7.x86_64', java.version: '1.8.0_171'
Driver info: driver.version: unknown
14:14:21.241 INFO - Executing: [find element: By.id: DIL])
14:14:21.265 INFO - Done: [find element: By.id: DIL]
14:14:21.267 INFO - Executing: [get text: 87 [[FirefoxDriver: firefox on LINUX (5fc04f1a-17e0-4f5c-918f-9272a7fa7e16)] -> id: DIL]])
14:14:21.309 INFO - Done: [get text: 87 [[FirefoxDriver: firefox on LINUX (5fc04f1a-17e0-4f5c-918f-9272a7fa7e16)] -> id: DIL]]
14:14:21.322 INFO - Executing: [get text: 87 [[FirefoxDriver: firefox on LINUX (5fc04f1a-17e0-4f5c-918f-9272a7fa7e16)] -> id: DIL]])
14:14:21.395 INFO - Done: [get text: 87 [[FirefoxDriver: firefox on LINUX (5fc04f1a-17e0-4f5c-918f-9272a7fa7e16)] -> id: DIL]]
14:14:21.423 INFO - Executing: [is displayed: 87 [[FirefoxDriver: firefox on LINUX (5fc04f1a-17e0-4f5c-918f-9272a7fa7e16)] -> id: DIL]])
14:14:21.466 INFO - Done: [is displayed: 87 [[FirefoxDriver: firefox on LINUX (5fc04f1a-17e0-4f5c-918f-9272a7fa7e16)] -> id: DIL]]
14:14:21.498 INFO - Executing: [get text: 87 [[FirefoxDriver: firefox on LINUX (5fc04f1a-17e0-4f5c-918f-9272a7fa7e16)] -> id: DIL]])
14:14:21.526 INFO - Done: [get text: 87 [[FirefoxDriver: firefox on LINUX (5fc04f1a-17e0-4f5c-918f-9272a7fa7e16)] -> id: DIL]]
14:14:21.572 INFO - Executing: [get text: 87 [[FirefoxDriver: firefox on LINUX (5fc04f1a-17e0-4f5c-918f-9272a7fa7e16)] -> id: DIL]])
14:14:21.627 INFO - Done: [get text: 87 [[FirefoxDriver: firefox on LINUX (5fc04f1a-17e0-4f5c-918f-9272a7fa7e16)] -> id: DIL]]
