13:30:51.938 INFO - Selenium build info: version: '3.8.1', revision: '6e95a6684b'
13:30:51.940 INFO - Launching a standalone Selenium Server
2018-09-24 13:30:52.456:INFO::main: Logging initialized @1543ms to org.seleniumhq.jetty9.util.log.StdErrLog
13:30:52.615 INFO - Using `new FirefoxOptions()` is preferred to `DesiredCapabilities.firefox()`
13:30:52.691 INFO - Using `new ChromeOptions()` is preferred to `DesiredCapabilities.chrome()`
13:30:52.704 INFO - Using `new EdgeOptions()` is preferred to `DesiredCapabilities.edge()`
13:30:52.705 INFO - Driver class not found: com.opera.core.systems.OperaDriver
13:30:52.705 INFO - Using `new OperaOptions()` is preferred to `DesiredCapabilities.operaBlink()`
13:30:52.706 INFO - Using `new SafariOptions()` is preferred to `DesiredCapabilities.safari()`
13:30:52.708 INFO - Driver class not found: org.openqa.selenium.phantomjs.PhantomJSDriver
13:30:52.885 INFO - Driver provider class org.openqa.selenium.ie.InternetExplorerDriver registration is skipped:
 registration capabilities Capabilities {browserName: internet explorer, ensureCleanSession: true, platform: WINDOWS, version: } does not match the current platform LINUX
13:30:52.886 INFO - Driver provider class org.openqa.selenium.edge.EdgeDriver registration is skipped:
 registration capabilities Capabilities {browserName: MicrosoftEdge, platform: WINDOWS, version: } does not match the current platform LINUX
13:30:52.887 INFO - Driver provider class org.openqa.selenium.safari.SafariDriver registration is skipped:
 registration capabilities Capabilities {browserName: safari, platform: MAC, version: } does not match the current platform LINUX
13:30:53.027 INFO - Using `new ChromeOptions()` is preferred to `DesiredCapabilities.chrome()`
13:30:53.028 INFO - Using `new EdgeOptions()` is preferred to `DesiredCapabilities.edge()`
13:30:53.028 INFO - Using `new FirefoxOptions()` is preferred to `DesiredCapabilities.firefox()`
13:30:53.029 INFO - Using `new OperaOptions()` is preferred to `DesiredCapabilities.operaBlink()`
13:30:53.029 INFO - Using `new SafariOptions()` is preferred to `DesiredCapabilities.safari()`
2018-09-24 13:30:53.130:INFO:osjs.Server:main: jetty-9.4.7.v20170914
2018-09-24 13:30:53.255:WARN:osjs.SecurityHandler:main: ServletContext@o.s.j.s.ServletContextHandler@1d371b2d{/,null,STARTING} has uncovered http methods for path: /
2018-09-24 13:30:53.270:INFO:osjsh.ContextHandler:main: Started o.s.j.s.ServletContextHandler@1d371b2d{/,null,AVAILABLE}
2018-09-24 13:30:53.341:INFO:osjs.AbstractConnector:main: Started ServerConnector@16f7c8c1{HTTP/1.1,[http/1.1]}{0.0.0.0:4444}
2018-09-24 13:30:53.343:INFO:osjs.Server:main: Started @2430ms
13:30:53.343 INFO - Selenium Server is up and running
13:31:04.147 INFO - Executing: [new session: Capabilities {browserName: firefox, firefox_profile: UEsDBAoAAAAAAF1ksEytG51BHQA..., platform: LINUX}])
13:31:04.186 INFO - Creating a new session for Capabilities {browserName: firefox, firefox_profile: UEsDBAoAAAAAAF1ksEytG51BHQA..., platform: LINUX}
13:31:15.242 INFO - Detected dialect: OSS
13:31:15.264 INFO - Done: [new session: Capabilities {browserName: firefox, firefox_profile: UEsDBAoAAAAAAF1ksEytG51BHQA..., platform: LINUX}]
13:31:15.544 INFO - Executing: [get: https://w2.seg-social.es/Xhtml?JacadaApplicationName=SGIRED&TRANSACCION=ATR01&E=I&AP=AFIR])
13:31:17.342 INFO - Done: [get: https://w2.seg-social.es/Xhtml?JacadaApplicationName=SGIRED&TRANSACCION=ATR01&E=I&AP=AFIR]
13:31:17.377 INFO - Executing: [find element: By.name: txt_SDFPROAFI])
13:31:17.563 INFO - Done: [find element: By.name: txt_SDFPROAFI]
13:31:17.609 INFO - Executing: [send keys: 0 [[FirefoxDriver: firefox on LINUX (7eb3b229-760e-48fb-a447-b4f260647360)] -> name: txt_SDFPROAFI], [33]])
13:31:17.708 INFO - Done: [send keys: 0 [[FirefoxDriver: firefox on LINUX (7eb3b229-760e-48fb-a447-b4f260647360)] -> name: txt_SDFPROAFI], [33]]
13:31:17.715 INFO - Executing: [find element: By.name: txt_SDFCODAFI])
13:31:17.740 INFO - Done: [find element: By.name: txt_SDFCODAFI]
13:31:17.746 INFO - Executing: [send keys: 1 [[FirefoxDriver: firefox on LINUX (7eb3b229-760e-48fb-a447-b4f260647360)] -> name: txt_SDFCODAFI], [1035838196]])
13:31:17.834 INFO - Done: [send keys: 1 [[FirefoxDriver: firefox on LINUX (7eb3b229-760e-48fb-a447-b4f260647360)] -> name: txt_SDFCODAFI], [1035838196]]
13:31:17.840 INFO - Executing: [find element: By.name: txt_SDFTIPPFI_ayuda])
13:31:17.856 INFO - Done: [find element: By.name: txt_SDFTIPPFI_ayuda]
13:31:17.861 INFO - Executing: [send keys: 2 [[FirefoxDriver: firefox on LINUX (7eb3b229-760e-48fb-a447-b4f260647360)] -> name: txt_SDFTIPPFI_ayuda], [1]])
13:31:17.899 INFO - Done: [send keys: 2 [[FirefoxDriver: firefox on LINUX (7eb3b229-760e-48fb-a447-b4f260647360)] -> name: txt_SDFTIPPFI_ayuda], [1]]
13:31:17.905 INFO - Executing: [find element: By.name: txt_SDFNUMPFI])
13:31:17.922 INFO - Done: [find element: By.name: txt_SDFNUMPFI]
13:31:17.926 INFO - Executing: [send keys: 3 [[FirefoxDriver: firefox on LINUX (7eb3b229-760e-48fb-a447-b4f260647360)] -> name: txt_SDFNUMPFI], [53645439D]])
13:31:17.979 INFO - Done: [send keys: 3 [[FirefoxDriver: firefox on LINUX (7eb3b229-760e-48fb-a447-b4f260647360)] -> name: txt_SDFNUMPFI], [53645439D]]
13:31:17.984 INFO - Executing: [find element: By.name: txt_SDFREGAFI_ayuda])
13:31:18.008 INFO - Done: [find element: By.name: txt_SDFREGAFI_ayuda]
13:31:18.020 INFO - Executing: [send keys: 4 [[FirefoxDriver: firefox on LINUX (7eb3b229-760e-48fb-a447-b4f260647360)] -> name: txt_SDFREGAFI_ayuda], [111]])
13:31:18.091 INFO - Done: [send keys: 4 [[FirefoxDriver: firefox on LINUX (7eb3b229-760e-48fb-a447-b4f260647360)] -> name: txt_SDFREGAFI_ayuda], [111]]
13:31:18.096 INFO - Executing: [find element: By.name: txt_SDFTESCTACOT])
13:31:18.128 INFO - Done: [find element: By.name: txt_SDFTESCTACOT]
13:31:18.133 INFO - Executing: [send keys: 5 [[FirefoxDriver: firefox on LINUX (7eb3b229-760e-48fb-a447-b4f260647360)] -> name: txt_SDFTESCTACOT], [28]])
13:31:18.224 INFO - Done: [send keys: 5 [[FirefoxDriver: firefox on LINUX (7eb3b229-760e-48fb-a447-b4f260647360)] -> name: txt_SDFTESCTACOT], [28]]
13:31:18.229 INFO - Executing: [find element: By.name: txt_SDFCTACOT])
13:31:18.251 INFO - Done: [find element: By.name: txt_SDFCTACOT]
13:31:18.256 INFO - Executing: [send keys: 6 [[FirefoxDriver: firefox on LINUX (7eb3b229-760e-48fb-a447-b4f260647360)] -> name: txt_SDFCTACOT], [149794464]])
13:31:18.345 INFO - Done: [send keys: 6 [[FirefoxDriver: firefox on LINUX (7eb3b229-760e-48fb-a447-b4f260647360)] -> name: txt_SDFCTACOT], [149794464]]
13:31:18.385 INFO - Executing: [take screenshot])
13:31:18.446 INFO - Done: [take screenshot]
13:31:18.498 INFO - Executing: [find element: By.name: btn_Sub2207401004])
13:31:18.513 INFO - Done: [find element: By.name: btn_Sub2207401004]
13:31:18.516 INFO - Executing: [click: 7 [[FirefoxDriver: firefox on LINUX (7eb3b229-760e-48fb-a447-b4f260647360)] -> name: btn_Sub2207401004]])
13:31:19.411 INFO - Done: [click: 7 [[FirefoxDriver: firefox on LINUX (7eb3b229-760e-48fb-a447-b4f260647360)] -> name: btn_Sub2207401004]]
13:31:19.437 INFO - Executing: [find element: By.id: SDFSITAFI_ayuda])
13:31:19.476 INFO - Done: [find element: By.id: SDFSITAFI_ayuda]
13:31:19.490 INFO - Executing: [is displayed: 8 [[FirefoxDriver: firefox on LINUX (7eb3b229-760e-48fb-a447-b4f260647360)] -> id: SDFSITAFI_ayuda]])
13:31:19.546 INFO - Done: [is displayed: 8 [[FirefoxDriver: firefox on LINUX (7eb3b229-760e-48fb-a447-b4f260647360)] -> id: SDFSITAFI_ayuda]]
13:31:19.560 INFO - Executing: [find element: By.id: Static001])
13:31:20.854 WARN - Exception thrown
org.openqa.selenium.NoSuchElementException: Unable to locate element: {"method":"id","selector":"Static001"}
Command duration or timeout: 0 milliseconds
	at sun.reflect.NativeConstructorAccessorImpl.newInstance0(Native Method)
	at sun.reflect.NativeConstructorAccessorImpl.newInstance(NativeConstructorAccessorImpl.java:62)
	at sun.reflect.DelegatingConstructorAccessorImpl.newInstance(DelegatingConstructorAccessorImpl.java:45)
	at java.lang.reflect.Constructor.newInstance(Constructor.java:423)
	at org.openqa.selenium.remote.ErrorHandler.createThrowable(ErrorHandler.java:214)
	at org.openqa.selenium.remote.ErrorHandler.throwIfResponseFailed(ErrorHandler.java:166)
	at org.openqa.selenium.remote.http.JsonHttpResponseCodec.reconstructValue(JsonHttpResponseCodec.java:40)
	at org.openqa.selenium.remote.http.AbstractHttpResponseCodec.decode(AbstractHttpResponseCodec.java:80)
	at org.openqa.selenium.remote.http.AbstractHttpResponseCodec.decode(AbstractHttpResponseCodec.java:44)
	at org.openqa.selenium.remote.HttpCommandExecutor.execute(HttpCommandExecutor.java:164)
	at org.openqa.selenium.remote.service.DriverCommandExecutor.execute(DriverCommandExecutor.java:83)
	at org.openqa.selenium.remote.RemoteWebDriver.execute(RemoteWebDriver.java:601)
	at org.openqa.selenium.remote.RemoteWebDriver.findElement(RemoteWebDriver.java:371)
	at org.openqa.selenium.remote.RemoteWebDriver.findElementById(RemoteWebDriver.java:417)
	at org.openqa.selenium.By$ById.findElement(By.java:218)
	at org.openqa.selenium.remote.RemoteWebDriver.findElement(RemoteWebDriver.java:363)
	at sun.reflect.NativeMethodAccessorImpl.invoke0(Native Method)
	at sun.reflect.NativeMethodAccessorImpl.invoke(NativeMethodAccessorImpl.java:62)
	at sun.reflect.DelegatingMethodAccessorImpl.invoke(DelegatingMethodAccessorImpl.java:43)
	at java.lang.reflect.Method.invoke(Method.java:498)
	at org.openqa.selenium.support.events.EventFiringWebDriver$2.invoke(EventFiringWebDriver.java:108)
	at com.sun.proxy.$Proxy6.findElement(Unknown Source)
	at org.openqa.selenium.support.events.EventFiringWebDriver.findElement(EventFiringWebDriver.java:192)
	at org.openqa.selenium.remote.server.handler.FindElement.call(FindElement.java:48)
	at org.openqa.selenium.remote.server.handler.FindElement.call(FindElement.java:33)
	at org.openqa.selenium.remote.server.handler.WebDriverHandler.handle(WebDriverHandler.java:41)
	at org.openqa.selenium.remote.server.rest.ResultConfig.handle(ResultConfig.java:112)
	at org.openqa.selenium.remote.server.JsonHttpCommandHandler.handleRequest(JsonHttpCommandHandler.java:191)
	at org.openqa.selenium.remote.server.DriverServlet.lambda$handleRequest$0(DriverServlet.java:261)
	at java.util.concurrent.Executors$RunnableAdapter.call(Executors.java:511)
	at java.util.concurrent.FutureTask.run(FutureTask.java:266)
	at java.util.concurrent.ThreadPoolExecutor.runWorker(ThreadPoolExecutor.java:1149)
	at java.util.concurrent.ThreadPoolExecutor$Worker.run(ThreadPoolExecutor.java:624)
	at java.lang.Thread.run(Thread.java:748)
Caused by: org.openqa.selenium.NoSuchElementException: Unable to locate element: {"method":"id","selector":"Static001"}
For documentation on this error, please visit: http://seleniumhq.org/exceptions/no_such_element.html
Build info: version: '3.8.1', revision: '6e95a6684b', time: '2017-12-01T19:05:32.194Z'
System info: host: 'localhost.localdomain', ip: '127.0.0.1', os.name: 'Linux', os.arch: 'amd64', os.version: '3.10.0-862.3.2.el7.x86_64', java.version: '1.8.0_171'
Driver info: driver.version: unknown
	at <anonymous class>.FirefoxDriver.prototype.findElementInternal_(file:///tmp/anonymous1198641776970707869webdriver-profile/extensions/fxdriver@googlecode.com/components/driver-component.js:11870)
	at <anonymous class>.FirefoxDriver.prototype.findElement(file:///tmp/anonymous1198641776970707869webdriver-profile/extensions/fxdriver@googlecode.com/components/driver-component.js:11879)
	at <anonymous class>.DelayedCommand.prototype.executeInternal_/k(file:///tmp/anonymous1198641776970707869webdriver-profile/extensions/fxdriver@googlecode.com/components/command-processor.js:13364)
	at <anonymous class>.DelayedCommand.prototype.executeInternal_(file:///tmp/anonymous1198641776970707869webdriver-profile/extensions/fxdriver@googlecode.com/components/command-processor.js:13369)
	at <anonymous class>.DelayedCommand.prototype.execute/<(file:///tmp/anonymous1198641776970707869webdriver-profile/extensions/fxdriver@googlecode.com/components/command-processor.js:13311)
13:31:20.858 WARN - Exception: Unable to locate element: {"method":"id","selector":"Static001"}
For documentation on this error, please visit: http://seleniumhq.org/exceptions/no_such_element.html
Build info: version: '3.8.1', revision: '6e95a6684b', time: '2017-12-01T19:05:32.194Z'
System info: host: 'localhost.localdomain', ip: '127.0.0.1', os.name: 'Linux', os.arch: 'amd64', os.version: '3.10.0-862.3.2.el7.x86_64', java.version: '1.8.0_171'
Driver info: driver.version: unknown
13:31:20.876 INFO - Executing: [find element: By.id: DIL])
13:31:20.903 INFO - Done: [find element: By.id: DIL]
13:31:20.908 INFO - Executing: [get text: 9 [[FirefoxDriver: firefox on LINUX (7eb3b229-760e-48fb-a447-b4f260647360)] -> id: DIL]])
13:31:20.941 INFO - Done: [get text: 9 [[FirefoxDriver: firefox on LINUX (7eb3b229-760e-48fb-a447-b4f260647360)] -> id: DIL]]
13:31:20.945 INFO - Executing: [get text: 9 [[FirefoxDriver: firefox on LINUX (7eb3b229-760e-48fb-a447-b4f260647360)] -> id: DIL]])
13:31:20.984 INFO - Done: [get text: 9 [[FirefoxDriver: firefox on LINUX (7eb3b229-760e-48fb-a447-b4f260647360)] -> id: DIL]]
13:31:20.991 INFO - Executing: [is displayed: 9 [[FirefoxDriver: firefox on LINUX (7eb3b229-760e-48fb-a447-b4f260647360)] -> id: DIL]])
13:31:21.005 INFO - Done: [is displayed: 9 [[FirefoxDriver: firefox on LINUX (7eb3b229-760e-48fb-a447-b4f260647360)] -> id: DIL]]
13:31:21.007 INFO - Executing: [find element: By.name: txt_SDFSITAFI_ayuda])
13:31:21.023 INFO - Done: [find element: By.name: txt_SDFSITAFI_ayuda]
13:31:21.037 INFO - Executing: [send keys: 8 [[FirefoxDriver: firefox on LINUX (7eb3b229-760e-48fb-a447-b4f260647360)] -> id: SDFSITAFI_ayuda], [1]])
13:31:21.084 INFO - Done: [send keys: 8 [[FirefoxDriver: firefox on LINUX (7eb3b229-760e-48fb-a447-b4f260647360)] -> id: SDFSITAFI_ayuda], [1]]
13:31:21.088 INFO - Executing: [find element: By.name: txt_SDFFREALDD])
13:31:21.140 INFO - Done: [find element: By.name: txt_SDFFREALDD]
13:31:21.147 INFO - Executing: [send keys: 10 [[FirefoxDriver: firefox on LINUX (7eb3b229-760e-48fb-a447-b4f260647360)] -> name: txt_SDFFREALDD], [25]])
13:31:21.209 INFO - Done: [send keys: 10 [[FirefoxDriver: firefox on LINUX (7eb3b229-760e-48fb-a447-b4f260647360)] -> name: txt_SDFFREALDD], [25]]
13:31:21.211 INFO - Executing: [find element: By.name: txt_SDFFREALMM])
13:31:21.241 INFO - Done: [find element: By.name: txt_SDFFREALMM]
13:31:21.260 INFO - Executing: [send keys: 11 [[FirefoxDriver: firefox on LINUX (7eb3b229-760e-48fb-a447-b4f260647360)] -> name: txt_SDFFREALMM], [09]])
13:31:21.316 INFO - Done: [send keys: 11 [[FirefoxDriver: firefox on LINUX (7eb3b229-760e-48fb-a447-b4f260647360)] -> name: txt_SDFFREALMM], [09]]
13:31:21.322 INFO - Executing: [find element: By.name: txt_SDFFREALAA])
13:31:21.338 INFO - Done: [find element: By.name: txt_SDFFREALAA]
13:31:21.345 INFO - Executing: [send keys: 12 [[FirefoxDriver: firefox on LINUX (7eb3b229-760e-48fb-a447-b4f260647360)] -> name: txt_SDFFREALAA], [2018]])
13:31:21.387 INFO - Done: [send keys: 12 [[FirefoxDriver: firefox on LINUX (7eb3b229-760e-48fb-a447-b4f260647360)] -> name: txt_SDFFREALAA], [2018]]
13:31:21.390 INFO - Executing: [find element: By.name: txt_SDFGRUCOT_ayuda])
13:31:21.414 INFO - Done: [find element: By.name: txt_SDFGRUCOT_ayuda]
13:31:21.417 INFO - Executing: [send keys: 13 [[FirefoxDriver: firefox on LINUX (7eb3b229-760e-48fb-a447-b4f260647360)] -> name: txt_SDFGRUCOT_ayuda], [1]])
13:31:21.449 INFO - Done: [send keys: 13 [[FirefoxDriver: firefox on LINUX (7eb3b229-760e-48fb-a447-b4f260647360)] -> name: txt_SDFGRUCOT_ayuda], [1]]
13:31:21.458 INFO - Executing: [find element: By.name: txt_SDFTICO_ayuda])
13:31:21.479 INFO - Done: [find element: By.name: txt_SDFTICO_ayuda]
13:31:21.493 INFO - Executing: [send keys: 14 [[FirefoxDriver: firefox on LINUX (7eb3b229-760e-48fb-a447-b4f260647360)] -> name: txt_SDFTICO_ayuda], [502]])
13:31:21.553 INFO - Done: [send keys: 14 [[FirefoxDriver: firefox on LINUX (7eb3b229-760e-48fb-a447-b4f260647360)] -> name: txt_SDFTICO_ayuda], [502]]
13:31:21.561 INFO - Executing: [find element: By.name: txt_SDFCOEFCO_ayuda])
13:31:21.581 INFO - Done: [find element: By.name: txt_SDFCOEFCO_ayuda]
13:31:21.585 INFO - Executing: [send keys: 15 [[FirefoxDriver: firefox on LINUX (7eb3b229-760e-48fb-a447-b4f260647360)] -> name: txt_SDFCOEFCO_ayuda], [500]])
13:31:21.625 INFO - Done: [send keys: 15 [[FirefoxDriver: firefox on LINUX (7eb3b229-760e-48fb-a447-b4f260647360)] -> name: txt_SDFCOEFCO_ayuda], [500]]
13:31:21.633 INFO - Executing: [take screenshot])
13:31:21.768 INFO - Done: [take screenshot]
13:31:21.779 INFO - Executing: [find element: By.name: btn_Sub2207401004])
13:31:21.805 INFO - Done: [find element: By.name: btn_Sub2207401004]
13:31:21.812 INFO - Executing: [click: 16 [[FirefoxDriver: firefox on LINUX (7eb3b229-760e-48fb-a447-b4f260647360)] -> name: btn_Sub2207401004]])
13:31:22.649 INFO - Done: [click: 16 [[FirefoxDriver: firefox on LINUX (7eb3b229-760e-48fb-a447-b4f260647360)] -> name: btn_Sub2207401004]]
13:31:22.664 INFO - Executing: [find element: By.id: SDFSITAFI_ayuda])
13:31:22.690 INFO - Done: [find element: By.id: SDFSITAFI_ayuda]
13:31:22.697 INFO - Executing: [is displayed: 17 [[FirefoxDriver: firefox on LINUX (7eb3b229-760e-48fb-a447-b4f260647360)] -> id: SDFSITAFI_ayuda]])
13:31:22.752 INFO - Done: [is displayed: 17 [[FirefoxDriver: firefox on LINUX (7eb3b229-760e-48fb-a447-b4f260647360)] -> id: SDFSITAFI_ayuda]]
13:31:22.763 INFO - Executing: [find element: By.id: Static001])
13:31:23.214 WARN - Exception thrown
org.openqa.selenium.NoSuchElementException: Unable to locate element: {"method":"id","selector":"Static001"}
Command duration or timeout: 0 milliseconds
	at sun.reflect.NativeConstructorAccessorImpl.newInstance0(Native Method)
	at sun.reflect.NativeConstructorAccessorImpl.newInstance(NativeConstructorAccessorImpl.java:62)
	at sun.reflect.DelegatingConstructorAccessorImpl.newInstance(DelegatingConstructorAccessorImpl.java:45)
	at java.lang.reflect.Constructor.newInstance(Constructor.java:423)
	at org.openqa.selenium.remote.ErrorHandler.createThrowable(ErrorHandler.java:214)
	at org.openqa.selenium.remote.ErrorHandler.throwIfResponseFailed(ErrorHandler.java:166)
	at org.openqa.selenium.remote.http.JsonHttpResponseCodec.reconstructValue(JsonHttpResponseCodec.java:40)
	at org.openqa.selenium.remote.http.AbstractHttpResponseCodec.decode(AbstractHttpResponseCodec.java:80)
	at org.openqa.selenium.remote.http.AbstractHttpResponseCodec.decode(AbstractHttpResponseCodec.java:44)
	at org.openqa.selenium.remote.HttpCommandExecutor.execute(HttpCommandExecutor.java:164)
	at org.openqa.selenium.remote.service.DriverCommandExecutor.execute(DriverCommandExecutor.java:83)
	at org.openqa.selenium.remote.RemoteWebDriver.execute(RemoteWebDriver.java:601)
	at org.openqa.selenium.remote.RemoteWebDriver.findElement(RemoteWebDriver.java:371)
	at org.openqa.selenium.remote.RemoteWebDriver.findElementById(RemoteWebDriver.java:417)
	at org.openqa.selenium.By$ById.findElement(By.java:218)
	at org.openqa.selenium.remote.RemoteWebDriver.findElement(RemoteWebDriver.java:363)
	at sun.reflect.GeneratedMethodAccessor10.invoke(Unknown Source)
	at sun.reflect.DelegatingMethodAccessorImpl.invoke(DelegatingMethodAccessorImpl.java:43)
	at java.lang.reflect.Method.invoke(Method.java:498)
	at org.openqa.selenium.support.events.EventFiringWebDriver$2.invoke(EventFiringWebDriver.java:108)
	at com.sun.proxy.$Proxy6.findElement(Unknown Source)
	at org.openqa.selenium.support.events.EventFiringWebDriver.findElement(EventFiringWebDriver.java:192)
	at org.openqa.selenium.remote.server.handler.FindElement.call(FindElement.java:48)
	at org.openqa.selenium.remote.server.handler.FindElement.call(FindElement.java:33)
	at org.openqa.selenium.remote.server.handler.WebDriverHandler.handle(WebDriverHandler.java:41)
	at org.openqa.selenium.remote.server.rest.ResultConfig.handle(ResultConfig.java:112)
	at org.openqa.selenium.remote.server.JsonHttpCommandHandler.handleRequest(JsonHttpCommandHandler.java:191)
	at org.openqa.selenium.remote.server.DriverServlet.lambda$handleRequest$0(DriverServlet.java:261)
	at java.util.concurrent.Executors$RunnableAdapter.call(Executors.java:511)
	at java.util.concurrent.FutureTask.run(FutureTask.java:266)
	at java.util.concurrent.ThreadPoolExecutor.runWorker(ThreadPoolExecutor.java:1149)
	at java.util.concurrent.ThreadPoolExecutor$Worker.run(ThreadPoolExecutor.java:624)
	at java.lang.Thread.run(Thread.java:748)
Caused by: org.openqa.selenium.NoSuchElementException: Unable to locate element: {"method":"id","selector":"Static001"}
For documentation on this error, please visit: http://seleniumhq.org/exceptions/no_such_element.html
Build info: version: '3.8.1', revision: '6e95a6684b', time: '2017-12-01T19:05:32.194Z'
System info: host: 'localhost.localdomain', ip: '127.0.0.1', os.name: 'Linux', os.arch: 'amd64', os.version: '3.10.0-862.3.2.el7.x86_64', java.version: '1.8.0_171'
Driver info: driver.version: unknown
	at <anonymous class>.FirefoxDriver.prototype.findElementInternal_(file:///tmp/anonymous1198641776970707869webdriver-profile/extensions/fxdriver@googlecode.com/components/driver-component.js:11870)
	at <anonymous class>.FirefoxDriver.prototype.findElement(file:///tmp/anonymous1198641776970707869webdriver-profile/extensions/fxdriver@googlecode.com/components/driver-component.js:11879)
	at <anonymous class>.DelayedCommand.prototype.executeInternal_/k(file:///tmp/anonymous1198641776970707869webdriver-profile/extensions/fxdriver@googlecode.com/components/command-processor.js:13364)
	at <anonymous class>.DelayedCommand.prototype.executeInternal_(file:///tmp/anonymous1198641776970707869webdriver-profile/extensions/fxdriver@googlecode.com/components/command-processor.js:13369)
	at <anonymous class>.DelayedCommand.prototype.execute/<(file:///tmp/anonymous1198641776970707869webdriver-profile/extensions/fxdriver@googlecode.com/components/command-processor.js:13311)
13:31:23.215 WARN - Exception: Unable to locate element: {"method":"id","selector":"Static001"}
For documentation on this error, please visit: http://seleniumhq.org/exceptions/no_such_element.html
Build info: version: '3.8.1', revision: '6e95a6684b', time: '2017-12-01T19:05:32.194Z'
System info: host: 'localhost.localdomain', ip: '127.0.0.1', os.name: 'Linux', os.arch: 'amd64', os.version: '3.10.0-862.3.2.el7.x86_64', java.version: '1.8.0_171'
Driver info: driver.version: unknown
13:31:23.238 INFO - Executing: [find element: By.id: DIL])
13:31:23.281 INFO - Done: [find element: By.id: DIL]
13:31:23.284 INFO - Executing: [get text: 18 [[FirefoxDriver: firefox on LINUX (7eb3b229-760e-48fb-a447-b4f260647360)] -> id: DIL]])
13:31:23.324 INFO - Done: [get text: 18 [[FirefoxDriver: firefox on LINUX (7eb3b229-760e-48fb-a447-b4f260647360)] -> id: DIL]]
13:31:23.332 INFO - Executing: [get text: 18 [[FirefoxDriver: firefox on LINUX (7eb3b229-760e-48fb-a447-b4f260647360)] -> id: DIL]])
13:31:23.363 INFO - Done: [get text: 18 [[FirefoxDriver: firefox on LINUX (7eb3b229-760e-48fb-a447-b4f260647360)] -> id: DIL]]
13:31:23.373 INFO - Executing: [is displayed: 18 [[FirefoxDriver: firefox on LINUX (7eb3b229-760e-48fb-a447-b4f260647360)] -> id: DIL]])
13:31:23.403 INFO - Done: [is displayed: 18 [[FirefoxDriver: firefox on LINUX (7eb3b229-760e-48fb-a447-b4f260647360)] -> id: DIL]]
13:31:23.418 INFO - Executing: [get text: 18 [[FirefoxDriver: firefox on LINUX (7eb3b229-760e-48fb-a447-b4f260647360)] -> id: DIL]])
13:31:23.454 INFO - Done: [get text: 18 [[FirefoxDriver: firefox on LINUX (7eb3b229-760e-48fb-a447-b4f260647360)] -> id: DIL]]
13:31:23.474 INFO - Executing: [get text: 18 [[FirefoxDriver: firefox on LINUX (7eb3b229-760e-48fb-a447-b4f260647360)] -> id: DIL]])
13:31:23.514 INFO - Done: [get text: 18 [[FirefoxDriver: firefox on LINUX (7eb3b229-760e-48fb-a447-b4f260647360)] -> id: DIL]]
13:57:30.692 INFO - Executing: [get: https://w2.seg-social.es/Xhtml?JacadaApplicationName=SGIRED&TRANSACCION=ATR01&E=I&AP=AFIR])
13:57:31.252 WARN - Exception thrown
org.openqa.selenium.UnhandledAlertException: Unexpected modal dialog (text: Session closed: Failed to locate the session for 'SessionId' parameter (-456834619). Either the session has timed out or your 'SessionId' parameter is invalid.): Session closed: Failed to locate the session for 'SessionId' parameter (-456834619). Either the session has timed out or your 'SessionId' parameter is invalid.
Build info: version: '3.8.1', revision: '6e95a6684b', time: '2017-12-01T19:05:32.194Z'
System info: host: 'localhost.localdomain', ip: '127.0.0.1', os.name: 'Linux', os.arch: 'amd64', os.version: '3.10.0-862.3.2.el7.x86_64', java.version: '1.8.0_171'
Driver info: org.openqa.selenium.firefox.FirefoxDriver
Capabilities {acceptSslCerts: true, applicationCacheEnabled: true, browserName: firefox, cssSelectorsEnabled: true, databaseEnabled: true, handlesAlerts: true, javascriptEnabled: true, locationContextEnabled: true, nativeEvents: false, platform: LINUX, platformName: LINUX, rotatable: false, takesScreenshot: true, version: 52.8.0, webStorageEnabled: true}
Session ID: 7eb3b229-760e-48fb-a447-b4f260647360
	at sun.reflect.NativeConstructorAccessorImpl.newInstance0(Native Method)
	at sun.reflect.NativeConstructorAccessorImpl.newInstance(NativeConstructorAccessorImpl.java:62)
	at sun.reflect.DelegatingConstructorAccessorImpl.newInstance(DelegatingConstructorAccessorImpl.java:45)
	at java.lang.reflect.Constructor.newInstance(Constructor.java:423)
	at org.openqa.selenium.remote.ErrorHandler.createThrowable(ErrorHandler.java:214)
	at org.openqa.selenium.remote.ErrorHandler.createUnhandledAlertException(ErrorHandler.java:195)
	at org.openqa.selenium.remote.ErrorHandler.throwIfResponseFailed(ErrorHandler.java:156)
	at org.openqa.selenium.remote.http.JsonHttpResponseCodec.reconstructValue(JsonHttpResponseCodec.java:40)
	at org.openqa.selenium.remote.http.AbstractHttpResponseCodec.decode(AbstractHttpResponseCodec.java:80)
	at org.openqa.selenium.remote.http.AbstractHttpResponseCodec.decode(AbstractHttpResponseCodec.java:44)
	at org.openqa.selenium.remote.HttpCommandExecutor.execute(HttpCommandExecutor.java:164)
	at org.openqa.selenium.remote.service.DriverCommandExecutor.execute(DriverCommandExecutor.java:83)
	at org.openqa.selenium.remote.RemoteWebDriver.execute(RemoteWebDriver.java:601)
	at org.openqa.selenium.remote.RemoteWebDriver.get(RemoteWebDriver.java:325)
	at sun.reflect.NativeMethodAccessorImpl.invoke0(Native Method)
	at sun.reflect.NativeMethodAccessorImpl.invoke(NativeMethodAccessorImpl.java:62)
	at sun.reflect.DelegatingMethodAccessorImpl.invoke(DelegatingMethodAccessorImpl.java:43)
	at java.lang.reflect.Method.invoke(Method.java:498)
	at org.openqa.selenium.support.events.EventFiringWebDriver$2.invoke(EventFiringWebDriver.java:108)
	at com.sun.proxy.$Proxy6.get(Unknown Source)
	at org.openqa.selenium.support.events.EventFiringWebDriver.get(EventFiringWebDriver.java:167)
	at org.openqa.selenium.remote.server.handler.ChangeUrl.call(ChangeUrl.java:40)
	at org.openqa.selenium.remote.server.handler.ChangeUrl.call(ChangeUrl.java:25)
	at org.openqa.selenium.remote.server.handler.WebDriverHandler.handle(WebDriverHandler.java:41)
	at org.openqa.selenium.remote.server.rest.ResultConfig.handle(ResultConfig.java:112)
	at org.openqa.selenium.remote.server.JsonHttpCommandHandler.handleRequest(JsonHttpCommandHandler.java:191)
	at org.openqa.selenium.remote.server.DriverServlet.lambda$handleRequest$0(DriverServlet.java:261)
	at java.util.concurrent.Executors$RunnableAdapter.call(Executors.java:511)
	at java.util.concurrent.FutureTask.run(FutureTask.java:266)
	at java.util.concurrent.ThreadPoolExecutor.runWorker(ThreadPoolExecutor.java:1149)
	at java.util.concurrent.ThreadPoolExecutor$Worker.run(ThreadPoolExecutor.java:624)
	at java.lang.Thread.run(Thread.java:748)
13:57:31.253 WARN - Exception: Unexpected modal dialog (text: Session closed: Failed to locate the session for 'SessionId' parameter (-456834619). Either the session has timed out or your 'SessionId' parameter is invalid.): Session closed: Failed to locate the session for 'SessionId' parameter (-456834619). Either the session has timed out or your 'SessionId' parameter is invalid.
Build info: version: '3.8.1', revision: '6e95a6684b', time: '2017-12-01T19:05:32.194Z'
System info: host: 'localhost.localdomain', ip: '127.0.0.1', os.name: 'Linux', os.arch: 'amd64', os.version: '3.10.0-862.3.2.el7.x86_64', java.version: '1.8.0_171'
Driver info: org.openqa.selenium.firefox.FirefoxDriver
Capabilities {acceptSslCerts: true, applicationCacheEnabled: true, browserName: firefox, cssSelectorsEnabled: true, databaseEnabled: true, handlesAlerts: true, javascriptEnabled: true, locationContextEnabled: true, nativeEvents: false, platform: LINUX, platformName: LINUX, rotatable: false, takesScreenshot: true, version: 52.8.0, webStorageEnabled: true}
Session ID: 7eb3b229-760e-48fb-a447-b4f260647360
