13:47:00.691 INFO - Selenium build info: version: '3.8.1', revision: '6e95a6684b'
13:47:00.692 INFO - Launching a standalone Selenium Server
2018-09-28 13:47:00.856:INFO::main: Logging initialized @874ms to org.seleniumhq.jetty9.util.log.StdErrLog
13:47:00.931 INFO - Using `new FirefoxOptions()` is preferred to `DesiredCapabilities.firefox()`
13:47:00.964 INFO - Using `new ChromeOptions()` is preferred to `DesiredCapabilities.chrome()`
13:47:00.967 INFO - Using `new EdgeOptions()` is preferred to `DesiredCapabilities.edge()`
13:47:00.968 INFO - Driver class not found: com.opera.core.systems.OperaDriver
13:47:00.968 INFO - Using `new OperaOptions()` is preferred to `DesiredCapabilities.operaBlink()`
13:47:00.968 INFO - Using `new SafariOptions()` is preferred to `DesiredCapabilities.safari()`
13:47:00.969 INFO - Driver class not found: org.openqa.selenium.phantomjs.PhantomJSDriver
13:47:01.047 INFO - Driver provider class org.openqa.selenium.ie.InternetExplorerDriver registration is skipped:
 registration capabilities Capabilities {browserName: internet explorer, ensureCleanSession: true, platform: WINDOWS, version: } does not match the current platform LINUX
13:47:01.047 INFO - Driver provider class org.openqa.selenium.edge.EdgeDriver registration is skipped:
 registration capabilities Capabilities {browserName: MicrosoftEdge, platform: WINDOWS, version: } does not match the current platform LINUX
13:47:01.048 INFO - Driver provider class org.openqa.selenium.safari.SafariDriver registration is skipped:
 registration capabilities Capabilities {browserName: safari, platform: MAC, version: } does not match the current platform LINUX
13:47:01.122 INFO - Using `new ChromeOptions()` is preferred to `DesiredCapabilities.chrome()`
13:47:01.123 INFO - Using `new EdgeOptions()` is preferred to `DesiredCapabilities.edge()`
13:47:01.123 INFO - Using `new FirefoxOptions()` is preferred to `DesiredCapabilities.firefox()`
13:47:01.123 INFO - Using `new OperaOptions()` is preferred to `DesiredCapabilities.operaBlink()`
13:47:01.123 INFO - Using `new SafariOptions()` is preferred to `DesiredCapabilities.safari()`
2018-09-28 13:47:01.178:INFO:osjs.Server:main: jetty-9.4.7.v20170914
2018-09-28 13:47:01.262:WARN:osjs.SecurityHandler:main: ServletContext@o.s.j.s.ServletContextHandler@1d371b2d{/,null,STARTING} has uncovered http methods for path: /
2018-09-28 13:47:01.267:INFO:osjsh.ContextHandler:main: Started o.s.j.s.ServletContextHandler@1d371b2d{/,null,AVAILABLE}
2018-09-28 13:47:01.295:INFO:osjs.AbstractConnector:main: Started ServerConnector@16f7c8c1{HTTP/1.1,[http/1.1]}{0.0.0.0:4444}
2018-09-28 13:47:01.295:INFO:osjs.Server:main: Started @1313ms
13:47:01.295 INFO - Selenium Server is up and running
13:47:11.282 INFO - Executing: [new session: Capabilities {browserName: firefox, firefox_profile: UEsDBAoAAAAAAF1ksEytG51BHQA..., platform: LINUX}])
13:47:11.326 INFO - Creating a new session for Capabilities {browserName: firefox, firefox_profile: UEsDBAoAAAAAAF1ksEytG51BHQA..., platform: LINUX}
13:47:20.971 INFO - Detected dialect: OSS
13:47:21.087 INFO - Done: [new session: Capabilities {browserName: firefox, firefox_profile: UEsDBAoAAAAAAF1ksEytG51BHQA..., platform: LINUX}]
13:47:25.044 INFO - Executing: [new session: Capabilities {browserName: firefox, firefox_profile: UEsDBAoAAAAAAF1ksEytG51BHQA..., platform: LINUX}])
13:47:25.046 INFO - Creating a new session for Capabilities {browserName: firefox, firefox_profile: UEsDBAoAAAAAAF1ksEytG51BHQA..., platform: LINUX}
13:47:34.309 INFO - Detected dialect: OSS
13:47:34.314 INFO - Done: [new session: Capabilities {browserName: firefox, firefox_profile: UEsDBAoAAAAAAF1ksEytG51BHQA..., platform: LINUX}]
13:48:25.920 INFO - Executing: [new session: Capabilities {browserName: firefox, firefox_profile: UEsDBAoAAAAAAF1ksEytG51BHQA..., platform: LINUX}])
13:48:25.921 INFO - Creating a new session for Capabilities {browserName: firefox, firefox_profile: UEsDBAoAAAAAAF1ksEytG51BHQA..., platform: LINUX}
13:48:34.277 INFO - Detected dialect: OSS
13:48:34.280 INFO - Done: [new session: Capabilities {browserName: firefox, firefox_profile: UEsDBAoAAAAAAF1ksEytG51BHQA..., platform: LINUX}]
13:48:34.655 INFO - Executing: [get: https://w2.seg-social.es/Xhtml?JacadaApplicationName=SGIRED&TRANSACCION=ATR01&E=I&AP=AFIR])
13:48:35.734 INFO - Done: [get: https://w2.seg-social.es/Xhtml?JacadaApplicationName=SGIRED&TRANSACCION=ATR01&E=I&AP=AFIR]
13:48:35.759 INFO - Executing: [find element: By.name: txt_SDFPROAFI])
13:48:35.944 INFO - Done: [find element: By.name: txt_SDFPROAFI]
13:48:35.955 INFO - Executing: [send keys: 0 [[FirefoxDriver: firefox on LINUX (3eae94fd-5d05-4e7a-b1bf-279b01461fe0)] -> name: txt_SDFPROAFI], [46]])
13:48:36.099 INFO - Done: [send keys: 0 [[FirefoxDriver: firefox on LINUX (3eae94fd-5d05-4e7a-b1bf-279b01461fe0)] -> name: txt_SDFPROAFI], [46]]
13:48:36.112 INFO - Executing: [find element: By.name: txt_SDFCODAFI])
13:48:36.140 INFO - Done: [find element: By.name: txt_SDFCODAFI]
13:48:36.145 INFO - Executing: [send keys: 1 [[FirefoxDriver: firefox on LINUX (3eae94fd-5d05-4e7a-b1bf-279b01461fe0)] -> name: txt_SDFCODAFI], [1093846307]])
13:48:36.240 INFO - Done: [send keys: 1 [[FirefoxDriver: firefox on LINUX (3eae94fd-5d05-4e7a-b1bf-279b01461fe0)] -> name: txt_SDFCODAFI], [1093846307]]
13:48:36.244 INFO - Executing: [find element: By.name: txt_SDFTIPPFI_ayuda])
13:48:36.257 INFO - Done: [find element: By.name: txt_SDFTIPPFI_ayuda]
13:48:36.260 INFO - Executing: [send keys: 2 [[FirefoxDriver: firefox on LINUX (3eae94fd-5d05-4e7a-b1bf-279b01461fe0)] -> name: txt_SDFTIPPFI_ayuda], [1]])
13:48:36.297 INFO - Done: [send keys: 2 [[FirefoxDriver: firefox on LINUX (3eae94fd-5d05-4e7a-b1bf-279b01461fe0)] -> name: txt_SDFTIPPFI_ayuda], [1]]
13:48:36.301 INFO - Executing: [find element: By.name: txt_SDFNUMPFI])
13:48:36.325 INFO - Done: [find element: By.name: txt_SDFNUMPFI]
13:48:36.328 INFO - Executing: [send keys: 3 [[FirefoxDriver: firefox on LINUX (3eae94fd-5d05-4e7a-b1bf-279b01461fe0)] -> name: txt_SDFNUMPFI], [48687756E]])
13:48:36.380 INFO - Done: [send keys: 3 [[FirefoxDriver: firefox on LINUX (3eae94fd-5d05-4e7a-b1bf-279b01461fe0)] -> name: txt_SDFNUMPFI], [48687756E]]
13:48:36.383 INFO - Executing: [find element: By.name: txt_SDFREGAFI_ayuda])
13:48:36.405 INFO - Done: [find element: By.name: txt_SDFREGAFI_ayuda]
13:48:36.415 INFO - Executing: [send keys: 4 [[FirefoxDriver: firefox on LINUX (3eae94fd-5d05-4e7a-b1bf-279b01461fe0)] -> name: txt_SDFREGAFI_ayuda], [111]])
13:48:36.511 INFO - Done: [send keys: 4 [[FirefoxDriver: firefox on LINUX (3eae94fd-5d05-4e7a-b1bf-279b01461fe0)] -> name: txt_SDFREGAFI_ayuda], [111]]
13:48:36.514 INFO - Executing: [find element: By.name: txt_SDFTESCTACOT])
13:48:36.533 INFO - Done: [find element: By.name: txt_SDFTESCTACOT]
13:48:36.537 INFO - Executing: [send keys: 5 [[FirefoxDriver: firefox on LINUX (3eae94fd-5d05-4e7a-b1bf-279b01461fe0)] -> name: txt_SDFTESCTACOT], [28]])
13:48:36.621 INFO - Done: [send keys: 5 [[FirefoxDriver: firefox on LINUX (3eae94fd-5d05-4e7a-b1bf-279b01461fe0)] -> name: txt_SDFTESCTACOT], [28]]
13:48:36.627 INFO - Executing: [find element: By.name: txt_SDFCTACOT])
13:48:36.663 INFO - Done: [find element: By.name: txt_SDFCTACOT]
13:48:36.667 INFO - Executing: [send keys: 6 [[FirefoxDriver: firefox on LINUX (3eae94fd-5d05-4e7a-b1bf-279b01461fe0)] -> name: txt_SDFCTACOT], [149794464]])
13:48:36.751 INFO - Done: [send keys: 6 [[FirefoxDriver: firefox on LINUX (3eae94fd-5d05-4e7a-b1bf-279b01461fe0)] -> name: txt_SDFCTACOT], [149794464]]
13:48:36.773 INFO - Executing: [take screenshot])
13:48:36.907 INFO - Done: [take screenshot]
13:48:36.938 INFO - Executing: [find element: By.name: btn_Sub2207401004])
13:48:36.953 INFO - Done: [find element: By.name: btn_Sub2207401004]
13:48:36.957 INFO - Executing: [click: 7 [[FirefoxDriver: firefox on LINUX (3eae94fd-5d05-4e7a-b1bf-279b01461fe0)] -> name: btn_Sub2207401004]])
13:48:38.467 INFO - Done: [click: 7 [[FirefoxDriver: firefox on LINUX (3eae94fd-5d05-4e7a-b1bf-279b01461fe0)] -> name: btn_Sub2207401004]]
13:48:38.490 INFO - Executing: [find element: By.id: SDFSITAFI_ayuda])
13:48:38.511 INFO - Done: [find element: By.id: SDFSITAFI_ayuda]
13:48:38.515 INFO - Executing: [is displayed: 8 [[FirefoxDriver: firefox on LINUX (3eae94fd-5d05-4e7a-b1bf-279b01461fe0)] -> id: SDFSITAFI_ayuda]])
13:48:38.551 INFO - Done: [is displayed: 8 [[FirefoxDriver: firefox on LINUX (3eae94fd-5d05-4e7a-b1bf-279b01461fe0)] -> id: SDFSITAFI_ayuda]]
13:48:38.575 INFO - Executing: [find element: By.id: Static001])
13:48:40.365 WARN - Exception thrown
org.openqa.selenium.NoSuchElementException: Unable to locate element: {"method":"id","selector":"Static001"}
Command duration or timeout: 0 milliseconds
	at sun.reflect.NativeConstructorAccessorImpl.newInstance0(Native Method)
	at sun.reflect.NativeConstructorAccessorImpl.newInstance(NativeConstructorAccessorImpl.java:62)
	at sun.reflect.DelegatingConstructorAccessorImpl.newInstance(DelegatingConstructorAccessorImpl.java:45)
	at java.lang.reflect.Constructor.newInstance(Constructor.java:423)
	at org.openqa.selenium.remote.ErrorHandler.createThrowable(ErrorHandler.java:214)
	at org.openqa.selenium.remote.ErrorHandler.throwIfResponseFailed(ErrorHandler.java:166)
	at org.openqa.selenium.remote.http.JsonHttpResponseCodec.reconstructValue(JsonHttpResponseCodec.java:40)
	at org.openqa.selenium.remote.http.AbstractHttpResponseCodec.decode(AbstractHttpResponseCodec.java:80)
	at org.openqa.selenium.remote.http.AbstractHttpResponseCodec.decode(AbstractHttpResponseCodec.java:44)
	at org.openqa.selenium.remote.HttpCommandExecutor.execute(HttpCommandExecutor.java:164)
	at org.openqa.selenium.remote.service.DriverCommandExecutor.execute(DriverCommandExecutor.java:83)
	at org.openqa.selenium.remote.RemoteWebDriver.execute(RemoteWebDriver.java:601)
	at org.openqa.selenium.remote.RemoteWebDriver.findElement(RemoteWebDriver.java:371)
	at org.openqa.selenium.remote.RemoteWebDriver.findElementById(RemoteWebDriver.java:417)
	at org.openqa.selenium.By$ById.findElement(By.java:218)
	at org.openqa.selenium.remote.RemoteWebDriver.findElement(RemoteWebDriver.java:363)
	at sun.reflect.NativeMethodAccessorImpl.invoke0(Native Method)
	at sun.reflect.NativeMethodAccessorImpl.invoke(NativeMethodAccessorImpl.java:62)
	at sun.reflect.DelegatingMethodAccessorImpl.invoke(DelegatingMethodAccessorImpl.java:43)
	at java.lang.reflect.Method.invoke(Method.java:498)
	at org.openqa.selenium.support.events.EventFiringWebDriver$2.invoke(EventFiringWebDriver.java:108)
	at com.sun.proxy.$Proxy6.findElement(Unknown Source)
	at org.openqa.selenium.support.events.EventFiringWebDriver.findElement(EventFiringWebDriver.java:192)
	at org.openqa.selenium.remote.server.handler.FindElement.call(FindElement.java:48)
	at org.openqa.selenium.remote.server.handler.FindElement.call(FindElement.java:33)
	at org.openqa.selenium.remote.server.handler.WebDriverHandler.handle(WebDriverHandler.java:41)
	at org.openqa.selenium.remote.server.rest.ResultConfig.handle(ResultConfig.java:112)
	at org.openqa.selenium.remote.server.JsonHttpCommandHandler.handleRequest(JsonHttpCommandHandler.java:191)
	at org.openqa.selenium.remote.server.DriverServlet.lambda$handleRequest$0(DriverServlet.java:261)
	at java.util.concurrent.Executors$RunnableAdapter.call(Executors.java:511)
	at java.util.concurrent.FutureTask.run(FutureTask.java:266)
	at java.util.concurrent.ThreadPoolExecutor.runWorker(ThreadPoolExecutor.java:1149)
	at java.util.concurrent.ThreadPoolExecutor$Worker.run(ThreadPoolExecutor.java:624)
	at java.lang.Thread.run(Thread.java:748)
Caused by: org.openqa.selenium.NoSuchElementException: Unable to locate element: {"method":"id","selector":"Static001"}
For documentation on this error, please visit: http://seleniumhq.org/exceptions/no_such_element.html
Build info: version: '3.8.1', revision: '6e95a6684b', time: '2017-12-01T19:05:32.194Z'
System info: host: 'localhost.localdomain', ip: '127.0.0.1', os.name: 'Linux', os.arch: 'amd64', os.version: '3.10.0-862.3.2.el7.x86_64', java.version: '1.8.0_171'
Driver info: driver.version: unknown
	at <anonymous class>.FirefoxDriver.prototype.findElementInternal_(file:///tmp/anonymous4633990281717337756webdriver-profile/extensions/fxdriver@googlecode.com/components/driver-component.js:11870)
	at <anonymous class>.FirefoxDriver.prototype.findElement(file:///tmp/anonymous4633990281717337756webdriver-profile/extensions/fxdriver@googlecode.com/components/driver-component.js:11879)
	at <anonymous class>.DelayedCommand.prototype.executeInternal_/k(file:///tmp/anonymous4633990281717337756webdriver-profile/extensions/fxdriver@googlecode.com/components/command-processor.js:13364)
	at <anonymous class>.DelayedCommand.prototype.executeInternal_(file:///tmp/anonymous4633990281717337756webdriver-profile/extensions/fxdriver@googlecode.com/components/command-processor.js:13369)
	at <anonymous class>.DelayedCommand.prototype.execute/<(file:///tmp/anonymous4633990281717337756webdriver-profile/extensions/fxdriver@googlecode.com/components/command-processor.js:13311)
13:48:40.369 WARN - Exception: Unable to locate element: {"method":"id","selector":"Static001"}
For documentation on this error, please visit: http://seleniumhq.org/exceptions/no_such_element.html
Build info: version: '3.8.1', revision: '6e95a6684b', time: '2017-12-01T19:05:32.194Z'
System info: host: 'localhost.localdomain', ip: '127.0.0.1', os.name: 'Linux', os.arch: 'amd64', os.version: '3.10.0-862.3.2.el7.x86_64', java.version: '1.8.0_171'
Driver info: driver.version: unknown
13:48:40.392 INFO - Executing: [find element: By.id: DIL])
13:48:40.410 INFO - Done: [find element: By.id: DIL]
13:48:40.414 INFO - Executing: [get text: 9 [[FirefoxDriver: firefox on LINUX (3eae94fd-5d05-4e7a-b1bf-279b01461fe0)] -> id: DIL]])
13:48:40.440 INFO - Done: [get text: 9 [[FirefoxDriver: firefox on LINUX (3eae94fd-5d05-4e7a-b1bf-279b01461fe0)] -> id: DIL]]
13:48:40.444 INFO - Executing: [get text: 9 [[FirefoxDriver: firefox on LINUX (3eae94fd-5d05-4e7a-b1bf-279b01461fe0)] -> id: DIL]])
13:48:40.475 INFO - Done: [get text: 9 [[FirefoxDriver: firefox on LINUX (3eae94fd-5d05-4e7a-b1bf-279b01461fe0)] -> id: DIL]]
13:48:40.481 INFO - Executing: [is displayed: 9 [[FirefoxDriver: firefox on LINUX (3eae94fd-5d05-4e7a-b1bf-279b01461fe0)] -> id: DIL]])
13:48:40.502 INFO - Done: [is displayed: 9 [[FirefoxDriver: firefox on LINUX (3eae94fd-5d05-4e7a-b1bf-279b01461fe0)] -> id: DIL]]
13:48:40.506 INFO - Executing: [find element: By.name: txt_SDFSITAFI_ayuda])
13:48:40.525 INFO - Done: [find element: By.name: txt_SDFSITAFI_ayuda]
13:48:40.529 INFO - Executing: [send keys: 8 [[FirefoxDriver: firefox on LINUX (3eae94fd-5d05-4e7a-b1bf-279b01461fe0)] -> id: SDFSITAFI_ayuda], [1]])
13:48:40.576 INFO - Done: [send keys: 8 [[FirefoxDriver: firefox on LINUX (3eae94fd-5d05-4e7a-b1bf-279b01461fe0)] -> id: SDFSITAFI_ayuda], [1]]
13:48:40.588 INFO - Executing: [find element: By.name: txt_SDFFREALDD])
13:48:40.626 INFO - Done: [find element: By.name: txt_SDFFREALDD]
13:48:40.641 INFO - Executing: [send keys: 10 [[FirefoxDriver: firefox on LINUX (3eae94fd-5d05-4e7a-b1bf-279b01461fe0)] -> name: txt_SDFFREALDD], [30]])
13:48:40.736 INFO - Done: [send keys: 10 [[FirefoxDriver: firefox on LINUX (3eae94fd-5d05-4e7a-b1bf-279b01461fe0)] -> name: txt_SDFFREALDD], [30]]
13:48:40.744 INFO - Executing: [find element: By.name: txt_SDFFREALMM])
13:48:40.776 INFO - Done: [find element: By.name: txt_SDFFREALMM]
13:48:40.780 INFO - Executing: [send keys: 11 [[FirefoxDriver: firefox on LINUX (3eae94fd-5d05-4e7a-b1bf-279b01461fe0)] -> name: txt_SDFFREALMM], [09]])
13:48:40.934 INFO - Done: [send keys: 11 [[FirefoxDriver: firefox on LINUX (3eae94fd-5d05-4e7a-b1bf-279b01461fe0)] -> name: txt_SDFFREALMM], [09]]
13:48:40.948 INFO - Executing: [find element: By.name: txt_SDFFREALAA])
13:48:41.045 INFO - Done: [find element: By.name: txt_SDFFREALAA]
13:48:41.049 INFO - Executing: [send keys: 12 [[FirefoxDriver: firefox on LINUX (3eae94fd-5d05-4e7a-b1bf-279b01461fe0)] -> name: txt_SDFFREALAA], [2018]])
13:48:41.132 INFO - Done: [send keys: 12 [[FirefoxDriver: firefox on LINUX (3eae94fd-5d05-4e7a-b1bf-279b01461fe0)] -> name: txt_SDFFREALAA], [2018]]
13:48:41.137 INFO - Executing: [find element: By.name: txt_SDFGRUCOT_ayuda])
13:48:41.170 INFO - Done: [find element: By.name: txt_SDFGRUCOT_ayuda]
13:48:41.180 INFO - Executing: [send keys: 13 [[FirefoxDriver: firefox on LINUX (3eae94fd-5d05-4e7a-b1bf-279b01461fe0)] -> name: txt_SDFGRUCOT_ayuda], [1]])
13:48:41.229 INFO - Done: [send keys: 13 [[FirefoxDriver: firefox on LINUX (3eae94fd-5d05-4e7a-b1bf-279b01461fe0)] -> name: txt_SDFGRUCOT_ayuda], [1]]
13:48:41.233 INFO - Executing: [find element: By.name: txt_SDFTICO_ayuda])
13:48:41.271 INFO - Done: [find element: By.name: txt_SDFTICO_ayuda]
13:48:41.281 INFO - Executing: [send keys: 14 [[FirefoxDriver: firefox on LINUX (3eae94fd-5d05-4e7a-b1bf-279b01461fe0)] -> name: txt_SDFTICO_ayuda], [402]])
13:48:41.419 INFO - Done: [send keys: 14 [[FirefoxDriver: firefox on LINUX (3eae94fd-5d05-4e7a-b1bf-279b01461fe0)] -> name: txt_SDFTICO_ayuda], [402]]
13:48:41.426 INFO - Executing: [take screenshot])
13:48:41.670 INFO - Done: [take screenshot]
13:48:41.681 INFO - Executing: [find element: By.name: btn_Sub2207401004])
13:48:41.697 INFO - Done: [find element: By.name: btn_Sub2207401004]
13:48:41.700 INFO - Executing: [click: 15 [[FirefoxDriver: firefox on LINUX (3eae94fd-5d05-4e7a-b1bf-279b01461fe0)] -> name: btn_Sub2207401004]])
13:48:42.480 INFO - Done: [click: 15 [[FirefoxDriver: firefox on LINUX (3eae94fd-5d05-4e7a-b1bf-279b01461fe0)] -> name: btn_Sub2207401004]]
13:48:42.494 INFO - Executing: [find element: By.id: SDFSITAFI_ayuda])
13:48:43.182 WARN - Exception thrown
org.openqa.selenium.NoSuchElementException: Unable to locate element: {"method":"id","selector":"SDFSITAFI_ayuda"}
Command duration or timeout: 0 milliseconds
	at sun.reflect.NativeConstructorAccessorImpl.newInstance0(Native Method)
	at sun.reflect.NativeConstructorAccessorImpl.newInstance(NativeConstructorAccessorImpl.java:62)
	at sun.reflect.DelegatingConstructorAccessorImpl.newInstance(DelegatingConstructorAccessorImpl.java:45)
	at java.lang.reflect.Constructor.newInstance(Constructor.java:423)
	at org.openqa.selenium.remote.ErrorHandler.createThrowable(ErrorHandler.java:214)
	at org.openqa.selenium.remote.ErrorHandler.throwIfResponseFailed(ErrorHandler.java:166)
	at org.openqa.selenium.remote.http.JsonHttpResponseCodec.reconstructValue(JsonHttpResponseCodec.java:40)
	at org.openqa.selenium.remote.http.AbstractHttpResponseCodec.decode(AbstractHttpResponseCodec.java:80)
	at org.openqa.selenium.remote.http.AbstractHttpResponseCodec.decode(AbstractHttpResponseCodec.java:44)
	at org.openqa.selenium.remote.HttpCommandExecutor.execute(HttpCommandExecutor.java:164)
	at org.openqa.selenium.remote.service.DriverCommandExecutor.execute(DriverCommandExecutor.java:83)
	at org.openqa.selenium.remote.RemoteWebDriver.execute(RemoteWebDriver.java:601)
	at org.openqa.selenium.remote.RemoteWebDriver.findElement(RemoteWebDriver.java:371)
	at org.openqa.selenium.remote.RemoteWebDriver.findElementById(RemoteWebDriver.java:417)
	at org.openqa.selenium.By$ById.findElement(By.java:218)
	at org.openqa.selenium.remote.RemoteWebDriver.findElement(RemoteWebDriver.java:363)
	at sun.reflect.GeneratedMethodAccessor10.invoke(Unknown Source)
	at sun.reflect.DelegatingMethodAccessorImpl.invoke(DelegatingMethodAccessorImpl.java:43)
	at java.lang.reflect.Method.invoke(Method.java:498)
	at org.openqa.selenium.support.events.EventFiringWebDriver$2.invoke(EventFiringWebDriver.java:108)
	at com.sun.proxy.$Proxy6.findElement(Unknown Source)
	at org.openqa.selenium.support.events.EventFiringWebDriver.findElement(EventFiringWebDriver.java:192)
	at org.openqa.selenium.remote.server.handler.FindElement.call(FindElement.java:48)
	at org.openqa.selenium.remote.server.handler.FindElement.call(FindElement.java:33)
	at org.openqa.selenium.remote.server.handler.WebDriverHandler.handle(WebDriverHandler.java:41)
	at org.openqa.selenium.remote.server.rest.ResultConfig.handle(ResultConfig.java:112)
	at org.openqa.selenium.remote.server.JsonHttpCommandHandler.handleRequest(JsonHttpCommandHandler.java:191)
	at org.openqa.selenium.remote.server.DriverServlet.lambda$handleRequest$0(DriverServlet.java:261)
	at java.util.concurrent.Executors$RunnableAdapter.call(Executors.java:511)
	at java.util.concurrent.FutureTask.run(FutureTask.java:266)
	at java.util.concurrent.ThreadPoolExecutor.runWorker(ThreadPoolExecutor.java:1149)
	at java.util.concurrent.ThreadPoolExecutor$Worker.run(ThreadPoolExecutor.java:624)
	at java.lang.Thread.run(Thread.java:748)
Caused by: org.openqa.selenium.NoSuchElementException: Unable to locate element: {"method":"id","selector":"SDFSITAFI_ayuda"}
For documentation on this error, please visit: http://seleniumhq.org/exceptions/no_such_element.html
Build info: version: '3.8.1', revision: '6e95a6684b', time: '2017-12-01T19:05:32.194Z'
System info: host: 'localhost.localdomain', ip: '127.0.0.1', os.name: 'Linux', os.arch: 'amd64', os.version: '3.10.0-862.3.2.el7.x86_64', java.version: '1.8.0_171'
Driver info: driver.version: unknown
	at <anonymous class>.FirefoxDriver.prototype.findElementInternal_(file:///tmp/anonymous4633990281717337756webdriver-profile/extensions/fxdriver@googlecode.com/components/driver-component.js:11870)
	at <anonymous class>.FirefoxDriver.prototype.findElement(file:///tmp/anonymous4633990281717337756webdriver-profile/extensions/fxdriver@googlecode.com/components/driver-component.js:11879)
	at <anonymous class>.DelayedCommand.prototype.executeInternal_/k(file:///tmp/anonymous4633990281717337756webdriver-profile/extensions/fxdriver@googlecode.com/components/command-processor.js:13364)
	at <anonymous class>.DelayedCommand.prototype.executeInternal_(file:///tmp/anonymous4633990281717337756webdriver-profile/extensions/fxdriver@googlecode.com/components/command-processor.js:13369)
	at <anonymous class>.DelayedCommand.prototype.execute/<(file:///tmp/anonymous4633990281717337756webdriver-profile/extensions/fxdriver@googlecode.com/components/command-processor.js:13311)
13:48:43.183 WARN - Exception: Unable to locate element: {"method":"id","selector":"SDFSITAFI_ayuda"}
For documentation on this error, please visit: http://seleniumhq.org/exceptions/no_such_element.html
Build info: version: '3.8.1', revision: '6e95a6684b', time: '2017-12-01T19:05:32.194Z'
System info: host: 'localhost.localdomain', ip: '127.0.0.1', os.name: 'Linux', os.arch: 'amd64', os.version: '3.10.0-862.3.2.el7.x86_64', java.version: '1.8.0_171'
Driver info: driver.version: unknown
13:48:43.534 INFO - Executing: [find element: By.id: SDFSITAFI_ayuda])
13:48:44.303 WARN - Exception thrown
org.openqa.selenium.NoSuchElementException: Unable to locate element: {"method":"id","selector":"SDFSITAFI_ayuda"}
Command duration or timeout: 0 milliseconds
	at sun.reflect.NativeConstructorAccessorImpl.newInstance0(Native Method)
	at sun.reflect.NativeConstructorAccessorImpl.newInstance(NativeConstructorAccessorImpl.java:62)
	at sun.reflect.DelegatingConstructorAccessorImpl.newInstance(DelegatingConstructorAccessorImpl.java:45)
	at java.lang.reflect.Constructor.newInstance(Constructor.java:423)
	at org.openqa.selenium.remote.ErrorHandler.createThrowable(ErrorHandler.java:214)
	at org.openqa.selenium.remote.ErrorHandler.throwIfResponseFailed(ErrorHandler.java:166)
	at org.openqa.selenium.remote.http.JsonHttpResponseCodec.reconstructValue(JsonHttpResponseCodec.java:40)
	at org.openqa.selenium.remote.http.AbstractHttpResponseCodec.decode(AbstractHttpResponseCodec.java:80)
	at org.openqa.selenium.remote.http.AbstractHttpResponseCodec.decode(AbstractHttpResponseCodec.java:44)
	at org.openqa.selenium.remote.HttpCommandExecutor.execute(HttpCommandExecutor.java:164)
	at org.openqa.selenium.remote.service.DriverCommandExecutor.execute(DriverCommandExecutor.java:83)
	at org.openqa.selenium.remote.RemoteWebDriver.execute(RemoteWebDriver.java:601)
	at org.openqa.selenium.remote.RemoteWebDriver.findElement(RemoteWebDriver.java:371)
	at org.openqa.selenium.remote.RemoteWebDriver.findElementById(RemoteWebDriver.java:417)
	at org.openqa.selenium.By$ById.findElement(By.java:218)
	at org.openqa.selenium.remote.RemoteWebDriver.findElement(RemoteWebDriver.java:363)
	at sun.reflect.GeneratedMethodAccessor10.invoke(Unknown Source)
	at sun.reflect.DelegatingMethodAccessorImpl.invoke(DelegatingMethodAccessorImpl.java:43)
	at java.lang.reflect.Method.invoke(Method.java:498)
	at org.openqa.selenium.support.events.EventFiringWebDriver$2.invoke(EventFiringWebDriver.java:108)
	at com.sun.proxy.$Proxy6.findElement(Unknown Source)
	at org.openqa.selenium.support.events.EventFiringWebDriver.findElement(EventFiringWebDriver.java:192)
	at org.openqa.selenium.remote.server.handler.FindElement.call(FindElement.java:48)
	at org.openqa.selenium.remote.server.handler.FindElement.call(FindElement.java:33)
	at org.openqa.selenium.remote.server.handler.WebDriverHandler.handle(WebDriverHandler.java:41)
	at org.openqa.selenium.remote.server.rest.ResultConfig.handle(ResultConfig.java:112)
	at org.openqa.selenium.remote.server.JsonHttpCommandHandler.handleRequest(JsonHttpCommandHandler.java:191)
	at org.openqa.selenium.remote.server.DriverServlet.lambda$handleRequest$0(DriverServlet.java:261)
	at java.util.concurrent.Executors$RunnableAdapter.call(Executors.java:511)
	at java.util.concurrent.FutureTask.run(FutureTask.java:266)
	at java.util.concurrent.ThreadPoolExecutor.runWorker(ThreadPoolExecutor.java:1149)
	at java.util.concurrent.ThreadPoolExecutor$Worker.run(ThreadPoolExecutor.java:624)
	at java.lang.Thread.run(Thread.java:748)
Caused by: org.openqa.selenium.NoSuchElementException: Unable to locate element: {"method":"id","selector":"SDFSITAFI_ayuda"}
For documentation on this error, please visit: http://seleniumhq.org/exceptions/no_such_element.html
Build info: version: '3.8.1', revision: '6e95a6684b', time: '2017-12-01T19:05:32.194Z'
System info: host: 'localhost.localdomain', ip: '127.0.0.1', os.name: 'Linux', os.arch: 'amd64', os.version: '3.10.0-862.3.2.el7.x86_64', java.version: '1.8.0_171'
Driver info: driver.version: unknown
	at <anonymous class>.FirefoxDriver.prototype.findElementInternal_(file:///tmp/anonymous4633990281717337756webdriver-profile/extensions/fxdriver@googlecode.com/components/driver-component.js:11870)
	at <anonymous class>.FirefoxDriver.prototype.findElement(file:///tmp/anonymous4633990281717337756webdriver-profile/extensions/fxdriver@googlecode.com/components/driver-component.js:11879)
	at <anonymous class>.DelayedCommand.prototype.executeInternal_/k(file:///tmp/anonymous4633990281717337756webdriver-profile/extensions/fxdriver@googlecode.com/components/command-processor.js:13364)
	at <anonymous class>.DelayedCommand.prototype.executeInternal_(file:///tmp/anonymous4633990281717337756webdriver-profile/extensions/fxdriver@googlecode.com/components/command-processor.js:13369)
	at <anonymous class>.DelayedCommand.prototype.execute/<(file:///tmp/anonymous4633990281717337756webdriver-profile/extensions/fxdriver@googlecode.com/components/command-processor.js:13311)
13:48:44.304 WARN - Exception: Unable to locate element: {"method":"id","selector":"SDFSITAFI_ayuda"}
For documentation on this error, please visit: http://seleniumhq.org/exceptions/no_such_element.html
Build info: version: '3.8.1', revision: '6e95a6684b', time: '2017-12-01T19:05:32.194Z'
System info: host: 'localhost.localdomain', ip: '127.0.0.1', os.name: 'Linux', os.arch: 'amd64', os.version: '3.10.0-862.3.2.el7.x86_64', java.version: '1.8.0_171'
Driver info: driver.version: unknown
13:48:44.638 INFO - Executing: [find element: By.id: SDFSITAFI_ayuda])
13:48:45.072 WARN - Exception thrown
org.openqa.selenium.NoSuchElementException: Unable to locate element: {"method":"id","selector":"SDFSITAFI_ayuda"}
Command duration or timeout: 0 milliseconds
	at sun.reflect.NativeConstructorAccessorImpl.newInstance0(Native Method)
	at sun.reflect.NativeConstructorAccessorImpl.newInstance(NativeConstructorAccessorImpl.java:62)
	at sun.reflect.DelegatingConstructorAccessorImpl.newInstance(DelegatingConstructorAccessorImpl.java:45)
	at java.lang.reflect.Constructor.newInstance(Constructor.java:423)
	at org.openqa.selenium.remote.ErrorHandler.createThrowable(ErrorHandler.java:214)
	at org.openqa.selenium.remote.ErrorHandler.throwIfResponseFailed(ErrorHandler.java:166)
	at org.openqa.selenium.remote.http.JsonHttpResponseCodec.reconstructValue(JsonHttpResponseCodec.java:40)
	at org.openqa.selenium.remote.http.AbstractHttpResponseCodec.decode(AbstractHttpResponseCodec.java:80)
	at org.openqa.selenium.remote.http.AbstractHttpResponseCodec.decode(AbstractHttpResponseCodec.java:44)
	at org.openqa.selenium.remote.HttpCommandExecutor.execute(HttpCommandExecutor.java:164)
	at org.openqa.selenium.remote.service.DriverCommandExecutor.execute(DriverCommandExecutor.java:83)
	at org.openqa.selenium.remote.RemoteWebDriver.execute(RemoteWebDriver.java:601)
	at org.openqa.selenium.remote.RemoteWebDriver.findElement(RemoteWebDriver.java:371)
	at org.openqa.selenium.remote.RemoteWebDriver.findElementById(RemoteWebDriver.java:417)
	at org.openqa.selenium.By$ById.findElement(By.java:218)
	at org.openqa.selenium.remote.RemoteWebDriver.findElement(RemoteWebDriver.java:363)
	at sun.reflect.GeneratedMethodAccessor10.invoke(Unknown Source)
	at sun.reflect.DelegatingMethodAccessorImpl.invoke(DelegatingMethodAccessorImpl.java:43)
	at java.lang.reflect.Method.invoke(Method.java:498)
	at org.openqa.selenium.support.events.EventFiringWebDriver$2.invoke(EventFiringWebDriver.java:108)
	at com.sun.proxy.$Proxy6.findElement(Unknown Source)
	at org.openqa.selenium.support.events.EventFiringWebDriver.findElement(EventFiringWebDriver.java:192)
	at org.openqa.selenium.remote.server.handler.FindElement.call(FindElement.java:48)
	at org.openqa.selenium.remote.server.handler.FindElement.call(FindElement.java:33)
	at org.openqa.selenium.remote.server.handler.WebDriverHandler.handle(WebDriverHandler.java:41)
	at org.openqa.selenium.remote.server.rest.ResultConfig.handle(ResultConfig.java:112)
	at org.openqa.selenium.remote.server.JsonHttpCommandHandler.handleRequest(JsonHttpCommandHandler.java:191)
	at org.openqa.selenium.remote.server.DriverServlet.lambda$handleRequest$0(DriverServlet.java:261)
	at java.util.concurrent.Executors$RunnableAdapter.call(Executors.java:511)
	at java.util.concurrent.FutureTask.run(FutureTask.java:266)
	at java.util.concurrent.ThreadPoolExecutor.runWorker(ThreadPoolExecutor.java:1149)
	at java.util.concurrent.ThreadPoolExecutor$Worker.run(ThreadPoolExecutor.java:624)
	at java.lang.Thread.run(Thread.java:748)
Caused by: org.openqa.selenium.NoSuchElementException: Unable to locate element: {"method":"id","selector":"SDFSITAFI_ayuda"}
For documentation on this error, please visit: http://seleniumhq.org/exceptions/no_such_element.html
Build info: version: '3.8.1', revision: '6e95a6684b', time: '2017-12-01T19:05:32.194Z'
System info: host: 'localhost.localdomain', ip: '127.0.0.1', os.name: 'Linux', os.arch: 'amd64', os.version: '3.10.0-862.3.2.el7.x86_64', java.version: '1.8.0_171'
Driver info: driver.version: unknown
	at <anonymous class>.FirefoxDriver.prototype.findElementInternal_(file:///tmp/anonymous4633990281717337756webdriver-profile/extensions/fxdriver@googlecode.com/components/driver-component.js:11870)
	at <anonymous class>.FirefoxDriver.prototype.findElement(file:///tmp/anonymous4633990281717337756webdriver-profile/extensions/fxdriver@googlecode.com/components/driver-component.js:11879)
	at <anonymous class>.DelayedCommand.prototype.executeInternal_/k(file:///tmp/anonymous4633990281717337756webdriver-profile/extensions/fxdriver@googlecode.com/components/command-processor.js:13364)
	at <anonymous class>.DelayedCommand.prototype.executeInternal_(file:///tmp/anonymous4633990281717337756webdriver-profile/extensions/fxdriver@googlecode.com/components/command-processor.js:13369)
	at <anonymous class>.DelayedCommand.prototype.execute/<(file:///tmp/anonymous4633990281717337756webdriver-profile/extensions/fxdriver@googlecode.com/components/command-processor.js:13311)
13:48:45.073 WARN - Exception: Unable to locate element: {"method":"id","selector":"SDFSITAFI_ayuda"}
For documentation on this error, please visit: http://seleniumhq.org/exceptions/no_such_element.html
Build info: version: '3.8.1', revision: '6e95a6684b', time: '2017-12-01T19:05:32.194Z'
System info: host: 'localhost.localdomain', ip: '127.0.0.1', os.name: 'Linux', os.arch: 'amd64', os.version: '3.10.0-862.3.2.el7.x86_64', java.version: '1.8.0_171'
Driver info: driver.version: unknown
13:48:45.398 INFO - Executing: [find element: By.id: SDFSITAFI_ayuda])
13:48:45.940 WARN - Exception thrown
org.openqa.selenium.NoSuchElementException: Unable to locate element: {"method":"id","selector":"SDFSITAFI_ayuda"}
Command duration or timeout: 0 milliseconds
	at sun.reflect.NativeConstructorAccessorImpl.newInstance0(Native Method)
	at sun.reflect.NativeConstructorAccessorImpl.newInstance(NativeConstructorAccessorImpl.java:62)
	at sun.reflect.DelegatingConstructorAccessorImpl.newInstance(DelegatingConstructorAccessorImpl.java:45)
	at java.lang.reflect.Constructor.newInstance(Constructor.java:423)
	at org.openqa.selenium.remote.ErrorHandler.createThrowable(ErrorHandler.java:214)
	at org.openqa.selenium.remote.ErrorHandler.throwIfResponseFailed(ErrorHandler.java:166)
	at org.openqa.selenium.remote.http.JsonHttpResponseCodec.reconstructValue(JsonHttpResponseCodec.java:40)
	at org.openqa.selenium.remote.http.AbstractHttpResponseCodec.decode(AbstractHttpResponseCodec.java:80)
	at org.openqa.selenium.remote.http.AbstractHttpResponseCodec.decode(AbstractHttpResponseCodec.java:44)
	at org.openqa.selenium.remote.HttpCommandExecutor.execute(HttpCommandExecutor.java:164)
	at org.openqa.selenium.remote.service.DriverCommandExecutor.execute(DriverCommandExecutor.java:83)
	at org.openqa.selenium.remote.RemoteWebDriver.execute(RemoteWebDriver.java:601)
	at org.openqa.selenium.remote.RemoteWebDriver.findElement(RemoteWebDriver.java:371)
	at org.openqa.selenium.remote.RemoteWebDriver.findElementById(RemoteWebDriver.java:417)
	at org.openqa.selenium.By$ById.findElement(By.java:218)
	at org.openqa.selenium.remote.RemoteWebDriver.findElement(RemoteWebDriver.java:363)
	at sun.reflect.GeneratedMethodAccessor10.invoke(Unknown Source)
	at sun.reflect.DelegatingMethodAccessorImpl.invoke(DelegatingMethodAccessorImpl.java:43)
	at java.lang.reflect.Method.invoke(Method.java:498)
	at org.openqa.selenium.support.events.EventFiringWebDriver$2.invoke(EventFiringWebDriver.java:108)
	at com.sun.proxy.$Proxy6.findElement(Unknown Source)
	at org.openqa.selenium.support.events.EventFiringWebDriver.findElement(EventFiringWebDriver.java:192)
	at org.openqa.selenium.remote.server.handler.FindElement.call(FindElement.java:48)
	at org.openqa.selenium.remote.server.handler.FindElement.call(FindElement.java:33)
	at org.openqa.selenium.remote.server.handler.WebDriverHandler.handle(WebDriverHandler.java:41)
	at org.openqa.selenium.remote.server.rest.ResultConfig.handle(ResultConfig.java:112)
	at org.openqa.selenium.remote.server.JsonHttpCommandHandler.handleRequest(JsonHttpCommandHandler.java:191)
	at org.openqa.selenium.remote.server.DriverServlet.lambda$handleRequest$0(DriverServlet.java:261)
	at java.util.concurrent.Executors$RunnableAdapter.call(Executors.java:511)
	at java.util.concurrent.FutureTask.run(FutureTask.java:266)
	at java.util.concurrent.ThreadPoolExecutor.runWorker(ThreadPoolExecutor.java:1149)
	at java.util.concurrent.ThreadPoolExecutor$Worker.run(ThreadPoolExecutor.java:624)
	at java.lang.Thread.run(Thread.java:748)
Caused by: org.openqa.selenium.NoSuchElementException: Unable to locate element: {"method":"id","selector":"SDFSITAFI_ayuda"}
For documentation on this error, please visit: http://seleniumhq.org/exceptions/no_such_element.html
Build info: version: '3.8.1', revision: '6e95a6684b', time: '2017-12-01T19:05:32.194Z'
System info: host: 'localhost.localdomain', ip: '127.0.0.1', os.name: 'Linux', os.arch: 'amd64', os.version: '3.10.0-862.3.2.el7.x86_64', java.version: '1.8.0_171'
Driver info: driver.version: unknown
	at <anonymous class>.FirefoxDriver.prototype.findElementInternal_(file:///tmp/anonymous4633990281717337756webdriver-profile/extensions/fxdriver@googlecode.com/components/driver-component.js:11870)
	at <anonymous class>.FirefoxDriver.prototype.findElement(file:///tmp/anonymous4633990281717337756webdriver-profile/extensions/fxdriver@googlecode.com/components/driver-component.js:11879)
	at <anonymous class>.DelayedCommand.prototype.executeInternal_/k(file:///tmp/anonymous4633990281717337756webdriver-profile/extensions/fxdriver@googlecode.com/components/command-processor.js:13364)
	at <anonymous class>.DelayedCommand.prototype.executeInternal_(file:///tmp/anonymous4633990281717337756webdriver-profile/extensions/fxdriver@googlecode.com/components/command-processor.js:13369)
	at <anonymous class>.DelayedCommand.prototype.execute/<(file:///tmp/anonymous4633990281717337756webdriver-profile/extensions/fxdriver@googlecode.com/components/command-processor.js:13311)
13:48:45.940 WARN - Exception: Unable to locate element: {"method":"id","selector":"SDFSITAFI_ayuda"}
For documentation on this error, please visit: http://seleniumhq.org/exceptions/no_such_element.html
Build info: version: '3.8.1', revision: '6e95a6684b', time: '2017-12-01T19:05:32.194Z'
System info: host: 'localhost.localdomain', ip: '127.0.0.1', os.name: 'Linux', os.arch: 'amd64', os.version: '3.10.0-862.3.2.el7.x86_64', java.version: '1.8.0_171'
Driver info: driver.version: unknown
13:48:46.264 INFO - Executing: [find element: By.id: SDFSITAFI_ayuda])
13:48:46.842 WARN - Exception thrown
org.openqa.selenium.NoSuchElementException: Unable to locate element: {"method":"id","selector":"SDFSITAFI_ayuda"}
Command duration or timeout: 0 milliseconds
	at sun.reflect.NativeConstructorAccessorImpl.newInstance0(Native Method)
	at sun.reflect.NativeConstructorAccessorImpl.newInstance(NativeConstructorAccessorImpl.java:62)
	at sun.reflect.DelegatingConstructorAccessorImpl.newInstance(DelegatingConstructorAccessorImpl.java:45)
	at java.lang.reflect.Constructor.newInstance(Constructor.java:423)
	at org.openqa.selenium.remote.ErrorHandler.createThrowable(ErrorHandler.java:214)
	at org.openqa.selenium.remote.ErrorHandler.throwIfResponseFailed(ErrorHandler.java:166)
	at org.openqa.selenium.remote.http.JsonHttpResponseCodec.reconstructValue(JsonHttpResponseCodec.java:40)
	at org.openqa.selenium.remote.http.AbstractHttpResponseCodec.decode(AbstractHttpResponseCodec.java:80)
	at org.openqa.selenium.remote.http.AbstractHttpResponseCodec.decode(AbstractHttpResponseCodec.java:44)
	at org.openqa.selenium.remote.HttpCommandExecutor.execute(HttpCommandExecutor.java:164)
	at org.openqa.selenium.remote.service.DriverCommandExecutor.execute(DriverCommandExecutor.java:83)
	at org.openqa.selenium.remote.RemoteWebDriver.execute(RemoteWebDriver.java:601)
	at org.openqa.selenium.remote.RemoteWebDriver.findElement(RemoteWebDriver.java:371)
	at org.openqa.selenium.remote.RemoteWebDriver.findElementById(RemoteWebDriver.java:417)
	at org.openqa.selenium.By$ById.findElement(By.java:218)
	at org.openqa.selenium.remote.RemoteWebDriver.findElement(RemoteWebDriver.java:363)
	at sun.reflect.GeneratedMethodAccessor10.invoke(Unknown Source)
	at sun.reflect.DelegatingMethodAccessorImpl.invoke(DelegatingMethodAccessorImpl.java:43)
	at java.lang.reflect.Method.invoke(Method.java:498)
	at org.openqa.selenium.support.events.EventFiringWebDriver$2.invoke(EventFiringWebDriver.java:108)
	at com.sun.proxy.$Proxy6.findElement(Unknown Source)
	at org.openqa.selenium.support.events.EventFiringWebDriver.findElement(EventFiringWebDriver.java:192)
	at org.openqa.selenium.remote.server.handler.FindElement.call(FindElement.java:48)
	at org.openqa.selenium.remote.server.handler.FindElement.call(FindElement.java:33)
	at org.openqa.selenium.remote.server.handler.WebDriverHandler.handle(WebDriverHandler.java:41)
	at org.openqa.selenium.remote.server.rest.ResultConfig.handle(ResultConfig.java:112)
	at org.openqa.selenium.remote.server.JsonHttpCommandHandler.handleRequest(JsonHttpCommandHandler.java:191)
	at org.openqa.selenium.remote.server.DriverServlet.lambda$handleRequest$0(DriverServlet.java:261)
	at java.util.concurrent.Executors$RunnableAdapter.call(Executors.java:511)
	at java.util.concurrent.FutureTask.run(FutureTask.java:266)
	at java.util.concurrent.ThreadPoolExecutor.runWorker(ThreadPoolExecutor.java:1149)
	at java.util.concurrent.ThreadPoolExecutor$Worker.run(ThreadPoolExecutor.java:624)
	at java.lang.Thread.run(Thread.java:748)
Caused by: org.openqa.selenium.NoSuchElementException: Unable to locate element: {"method":"id","selector":"SDFSITAFI_ayuda"}
For documentation on this error, please visit: http://seleniumhq.org/exceptions/no_such_element.html
Build info: version: '3.8.1', revision: '6e95a6684b', time: '2017-12-01T19:05:32.194Z'
System info: host: 'localhost.localdomain', ip: '127.0.0.1', os.name: 'Linux', os.arch: 'amd64', os.version: '3.10.0-862.3.2.el7.x86_64', java.version: '1.8.0_171'
Driver info: driver.version: unknown
	at <anonymous class>.FirefoxDriver.prototype.findElementInternal_(file:///tmp/anonymous4633990281717337756webdriver-profile/extensions/fxdriver@googlecode.com/components/driver-component.js:11870)
	at <anonymous class>.FirefoxDriver.prototype.findElement(file:///tmp/anonymous4633990281717337756webdriver-profile/extensions/fxdriver@googlecode.com/components/driver-component.js:11879)
	at <anonymous class>.DelayedCommand.prototype.executeInternal_/k(file:///tmp/anonymous4633990281717337756webdriver-profile/extensions/fxdriver@googlecode.com/components/command-processor.js:13364)
	at <anonymous class>.DelayedCommand.prototype.executeInternal_(file:///tmp/anonymous4633990281717337756webdriver-profile/extensions/fxdriver@googlecode.com/components/command-processor.js:13369)
	at <anonymous class>.DelayedCommand.prototype.execute/<(file:///tmp/anonymous4633990281717337756webdriver-profile/extensions/fxdriver@googlecode.com/components/command-processor.js:13311)
13:48:46.843 WARN - Exception: Unable to locate element: {"method":"id","selector":"SDFSITAFI_ayuda"}
For documentation on this error, please visit: http://seleniumhq.org/exceptions/no_such_element.html
Build info: version: '3.8.1', revision: '6e95a6684b', time: '2017-12-01T19:05:32.194Z'
System info: host: 'localhost.localdomain', ip: '127.0.0.1', os.name: 'Linux', os.arch: 'amd64', os.version: '3.10.0-862.3.2.el7.x86_64', java.version: '1.8.0_171'
Driver info: driver.version: unknown
13:48:47.154 INFO - Executing: [find element: By.id: SDFSITAFI_ayuda])
13:48:47.814 WARN - Exception thrown
org.openqa.selenium.NoSuchElementException: Unable to locate element: {"method":"id","selector":"SDFSITAFI_ayuda"}
Command duration or timeout: 0 milliseconds
	at sun.reflect.NativeConstructorAccessorImpl.newInstance0(Native Method)
	at sun.reflect.NativeConstructorAccessorImpl.newInstance(NativeConstructorAccessorImpl.java:62)
	at sun.reflect.DelegatingConstructorAccessorImpl.newInstance(DelegatingConstructorAccessorImpl.java:45)
	at java.lang.reflect.Constructor.newInstance(Constructor.java:423)
	at org.openqa.selenium.remote.ErrorHandler.createThrowable(ErrorHandler.java:214)
	at org.openqa.selenium.remote.ErrorHandler.throwIfResponseFailed(ErrorHandler.java:166)
	at org.openqa.selenium.remote.http.JsonHttpResponseCodec.reconstructValue(JsonHttpResponseCodec.java:40)
	at org.openqa.selenium.remote.http.AbstractHttpResponseCodec.decode(AbstractHttpResponseCodec.java:80)
	at org.openqa.selenium.remote.http.AbstractHttpResponseCodec.decode(AbstractHttpResponseCodec.java:44)
	at org.openqa.selenium.remote.HttpCommandExecutor.execute(HttpCommandExecutor.java:164)
	at org.openqa.selenium.remote.service.DriverCommandExecutor.execute(DriverCommandExecutor.java:83)
	at org.openqa.selenium.remote.RemoteWebDriver.execute(RemoteWebDriver.java:601)
	at org.openqa.selenium.remote.RemoteWebDriver.findElement(RemoteWebDriver.java:371)
	at org.openqa.selenium.remote.RemoteWebDriver.findElementById(RemoteWebDriver.java:417)
	at org.openqa.selenium.By$ById.findElement(By.java:218)
	at org.openqa.selenium.remote.RemoteWebDriver.findElement(RemoteWebDriver.java:363)
	at sun.reflect.GeneratedMethodAccessor10.invoke(Unknown Source)
	at sun.reflect.DelegatingMethodAccessorImpl.invoke(DelegatingMethodAccessorImpl.java:43)
	at java.lang.reflect.Method.invoke(Method.java:498)
	at org.openqa.selenium.support.events.EventFiringWebDriver$2.invoke(EventFiringWebDriver.java:108)
	at com.sun.proxy.$Proxy6.findElement(Unknown Source)
	at org.openqa.selenium.support.events.EventFiringWebDriver.findElement(EventFiringWebDriver.java:192)
	at org.openqa.selenium.remote.server.handler.FindElement.call(FindElement.java:48)
	at org.openqa.selenium.remote.server.handler.FindElement.call(FindElement.java:33)
	at org.openqa.selenium.remote.server.handler.WebDriverHandler.handle(WebDriverHandler.java:41)
	at org.openqa.selenium.remote.server.rest.ResultConfig.handle(ResultConfig.java:112)
	at org.openqa.selenium.remote.server.JsonHttpCommandHandler.handleRequest(JsonHttpCommandHandler.java:191)
	at org.openqa.selenium.remote.server.DriverServlet.lambda$handleRequest$0(DriverServlet.java:261)
	at java.util.concurrent.Executors$RunnableAdapter.call(Executors.java:511)
	at java.util.concurrent.FutureTask.run(FutureTask.java:266)
	at java.util.concurrent.ThreadPoolExecutor.runWorker(ThreadPoolExecutor.java:1149)
	at java.util.concurrent.ThreadPoolExecutor$Worker.run(ThreadPoolExecutor.java:624)
	at java.lang.Thread.run(Thread.java:748)
Caused by: org.openqa.selenium.NoSuchElementException: Unable to locate element: {"method":"id","selector":"SDFSITAFI_ayuda"}
For documentation on this error, please visit: http://seleniumhq.org/exceptions/no_such_element.html
Build info: version: '3.8.1', revision: '6e95a6684b', time: '2017-12-01T19:05:32.194Z'
System info: host: 'localhost.localdomain', ip: '127.0.0.1', os.name: 'Linux', os.arch: 'amd64', os.version: '3.10.0-862.3.2.el7.x86_64', java.version: '1.8.0_171'
Driver info: driver.version: unknown
	at <anonymous class>.FirefoxDriver.prototype.findElementInternal_(file:///tmp/anonymous4633990281717337756webdriver-profile/extensions/fxdriver@googlecode.com/components/driver-component.js:11870)
	at <anonymous class>.FirefoxDriver.prototype.findElement(file:///tmp/anonymous4633990281717337756webdriver-profile/extensions/fxdriver@googlecode.com/components/driver-component.js:11879)
	at <anonymous class>.DelayedCommand.prototype.executeInternal_/k(file:///tmp/anonymous4633990281717337756webdriver-profile/extensions/fxdriver@googlecode.com/components/command-processor.js:13364)
	at <anonymous class>.DelayedCommand.prototype.executeInternal_(file:///tmp/anonymous4633990281717337756webdriver-profile/extensions/fxdriver@googlecode.com/components/command-processor.js:13369)
	at <anonymous class>.DelayedCommand.prototype.execute/<(file:///tmp/anonymous4633990281717337756webdriver-profile/extensions/fxdriver@googlecode.com/components/command-processor.js:13311)
13:48:47.815 WARN - Exception: Unable to locate element: {"method":"id","selector":"SDFSITAFI_ayuda"}
For documentation on this error, please visit: http://seleniumhq.org/exceptions/no_such_element.html
Build info: version: '3.8.1', revision: '6e95a6684b', time: '2017-12-01T19:05:32.194Z'
System info: host: 'localhost.localdomain', ip: '127.0.0.1', os.name: 'Linux', os.arch: 'amd64', os.version: '3.10.0-862.3.2.el7.x86_64', java.version: '1.8.0_171'
Driver info: driver.version: unknown
13:48:48.123 INFO - Executing: [find element: By.id: SDFSITAFI_ayuda])
13:48:48.583 WARN - Exception thrown
org.openqa.selenium.NoSuchElementException: Unable to locate element: {"method":"id","selector":"SDFSITAFI_ayuda"}
Command duration or timeout: 0 milliseconds
	at sun.reflect.NativeConstructorAccessorImpl.newInstance0(Native Method)
	at sun.reflect.NativeConstructorAccessorImpl.newInstance(NativeConstructorAccessorImpl.java:62)
	at sun.reflect.DelegatingConstructorAccessorImpl.newInstance(DelegatingConstructorAccessorImpl.java:45)
	at java.lang.reflect.Constructor.newInstance(Constructor.java:423)
	at org.openqa.selenium.remote.ErrorHandler.createThrowable(ErrorHandler.java:214)
	at org.openqa.selenium.remote.ErrorHandler.throwIfResponseFailed(ErrorHandler.java:166)
	at org.openqa.selenium.remote.http.JsonHttpResponseCodec.reconstructValue(JsonHttpResponseCodec.java:40)
	at org.openqa.selenium.remote.http.AbstractHttpResponseCodec.decode(AbstractHttpResponseCodec.java:80)
	at org.openqa.selenium.remote.http.AbstractHttpResponseCodec.decode(AbstractHttpResponseCodec.java:44)
	at org.openqa.selenium.remote.HttpCommandExecutor.execute(HttpCommandExecutor.java:164)
	at org.openqa.selenium.remote.service.DriverCommandExecutor.execute(DriverCommandExecutor.java:83)
	at org.openqa.selenium.remote.RemoteWebDriver.execute(RemoteWebDriver.java:601)
	at org.openqa.selenium.remote.RemoteWebDriver.findElement(RemoteWebDriver.java:371)
	at org.openqa.selenium.remote.RemoteWebDriver.findElementById(RemoteWebDriver.java:417)
	at org.openqa.selenium.By$ById.findElement(By.java:218)
	at org.openqa.selenium.remote.RemoteWebDriver.findElement(RemoteWebDriver.java:363)
	at sun.reflect.GeneratedMethodAccessor10.invoke(Unknown Source)
	at sun.reflect.DelegatingMethodAccessorImpl.invoke(DelegatingMethodAccessorImpl.java:43)
	at java.lang.reflect.Method.invoke(Method.java:498)
	at org.openqa.selenium.support.events.EventFiringWebDriver$2.invoke(EventFiringWebDriver.java:108)
	at com.sun.proxy.$Proxy6.findElement(Unknown Source)
	at org.openqa.selenium.support.events.EventFiringWebDriver.findElement(EventFiringWebDriver.java:192)
	at org.openqa.selenium.remote.server.handler.FindElement.call(FindElement.java:48)
	at org.openqa.selenium.remote.server.handler.FindElement.call(FindElement.java:33)
	at org.openqa.selenium.remote.server.handler.WebDriverHandler.handle(WebDriverHandler.java:41)
	at org.openqa.selenium.remote.server.rest.ResultConfig.handle(ResultConfig.java:112)
	at org.openqa.selenium.remote.server.JsonHttpCommandHandler.handleRequest(JsonHttpCommandHandler.java:191)
	at org.openqa.selenium.remote.server.DriverServlet.lambda$handleRequest$0(DriverServlet.java:261)
	at java.util.concurrent.Executors$RunnableAdapter.call(Executors.java:511)
	at java.util.concurrent.FutureTask.run(FutureTask.java:266)
	at java.util.concurrent.ThreadPoolExecutor.runWorker(ThreadPoolExecutor.java:1149)
	at java.util.concurrent.ThreadPoolExecutor$Worker.run(ThreadPoolExecutor.java:624)
	at java.lang.Thread.run(Thread.java:748)
Caused by: org.openqa.selenium.NoSuchElementException: Unable to locate element: {"method":"id","selector":"SDFSITAFI_ayuda"}
For documentation on this error, please visit: http://seleniumhq.org/exceptions/no_such_element.html
Build info: version: '3.8.1', revision: '6e95a6684b', time: '2017-12-01T19:05:32.194Z'
System info: host: 'localhost.localdomain', ip: '127.0.0.1', os.name: 'Linux', os.arch: 'amd64', os.version: '3.10.0-862.3.2.el7.x86_64', java.version: '1.8.0_171'
Driver info: driver.version: unknown
	at <anonymous class>.FirefoxDriver.prototype.findElementInternal_(file:///tmp/anonymous4633990281717337756webdriver-profile/extensions/fxdriver@googlecode.com/components/driver-component.js:11870)
	at <anonymous class>.FirefoxDriver.prototype.findElement(file:///tmp/anonymous4633990281717337756webdriver-profile/extensions/fxdriver@googlecode.com/components/driver-component.js:11879)
	at <anonymous class>.DelayedCommand.prototype.executeInternal_/k(file:///tmp/anonymous4633990281717337756webdriver-profile/extensions/fxdriver@googlecode.com/components/command-processor.js:13364)
	at <anonymous class>.DelayedCommand.prototype.executeInternal_(file:///tmp/anonymous4633990281717337756webdriver-profile/extensions/fxdriver@googlecode.com/components/command-processor.js:13369)
	at <anonymous class>.DelayedCommand.prototype.execute/<(file:///tmp/anonymous4633990281717337756webdriver-profile/extensions/fxdriver@googlecode.com/components/command-processor.js:13311)
13:48:48.583 WARN - Exception: Unable to locate element: {"method":"id","selector":"SDFSITAFI_ayuda"}
For documentation on this error, please visit: http://seleniumhq.org/exceptions/no_such_element.html
Build info: version: '3.8.1', revision: '6e95a6684b', time: '2017-12-01T19:05:32.194Z'
System info: host: 'localhost.localdomain', ip: '127.0.0.1', os.name: 'Linux', os.arch: 'amd64', os.version: '3.10.0-862.3.2.el7.x86_64', java.version: '1.8.0_171'
Driver info: driver.version: unknown
13:48:48.950 INFO - Executing: [find element: By.id: Static001])
13:48:49.358 WARN - Exception thrown
org.openqa.selenium.NoSuchElementException: Unable to locate element: {"method":"id","selector":"Static001"}
Command duration or timeout: 0 milliseconds
	at sun.reflect.NativeConstructorAccessorImpl.newInstance0(Native Method)
	at sun.reflect.NativeConstructorAccessorImpl.newInstance(NativeConstructorAccessorImpl.java:62)
	at sun.reflect.DelegatingConstructorAccessorImpl.newInstance(DelegatingConstructorAccessorImpl.java:45)
	at java.lang.reflect.Constructor.newInstance(Constructor.java:423)
	at org.openqa.selenium.remote.ErrorHandler.createThrowable(ErrorHandler.java:214)
	at org.openqa.selenium.remote.ErrorHandler.throwIfResponseFailed(ErrorHandler.java:166)
	at org.openqa.selenium.remote.http.JsonHttpResponseCodec.reconstructValue(JsonHttpResponseCodec.java:40)
	at org.openqa.selenium.remote.http.AbstractHttpResponseCodec.decode(AbstractHttpResponseCodec.java:80)
	at org.openqa.selenium.remote.http.AbstractHttpResponseCodec.decode(AbstractHttpResponseCodec.java:44)
	at org.openqa.selenium.remote.HttpCommandExecutor.execute(HttpCommandExecutor.java:164)
	at org.openqa.selenium.remote.service.DriverCommandExecutor.execute(DriverCommandExecutor.java:83)
	at org.openqa.selenium.remote.RemoteWebDriver.execute(RemoteWebDriver.java:601)
	at org.openqa.selenium.remote.RemoteWebDriver.findElement(RemoteWebDriver.java:371)
	at org.openqa.selenium.remote.RemoteWebDriver.findElementById(RemoteWebDriver.java:417)
	at org.openqa.selenium.By$ById.findElement(By.java:218)
	at org.openqa.selenium.remote.RemoteWebDriver.findElement(RemoteWebDriver.java:363)
	at sun.reflect.GeneratedMethodAccessor10.invoke(Unknown Source)
	at sun.reflect.DelegatingMethodAccessorImpl.invoke(DelegatingMethodAccessorImpl.java:43)
	at java.lang.reflect.Method.invoke(Method.java:498)
	at org.openqa.selenium.support.events.EventFiringWebDriver$2.invoke(EventFiringWebDriver.java:108)
	at com.sun.proxy.$Proxy6.findElement(Unknown Source)
	at org.openqa.selenium.support.events.EventFiringWebDriver.findElement(EventFiringWebDriver.java:192)
	at org.openqa.selenium.remote.server.handler.FindElement.call(FindElement.java:48)
	at org.openqa.selenium.remote.server.handler.FindElement.call(FindElement.java:33)
	at org.openqa.selenium.remote.server.handler.WebDriverHandler.handle(WebDriverHandler.java:41)
	at org.openqa.selenium.remote.server.rest.ResultConfig.handle(ResultConfig.java:112)
	at org.openqa.selenium.remote.server.JsonHttpCommandHandler.handleRequest(JsonHttpCommandHandler.java:191)
	at org.openqa.selenium.remote.server.DriverServlet.lambda$handleRequest$0(DriverServlet.java:261)
	at java.util.concurrent.Executors$RunnableAdapter.call(Executors.java:511)
	at java.util.concurrent.FutureTask.run(FutureTask.java:266)
	at java.util.concurrent.ThreadPoolExecutor.runWorker(ThreadPoolExecutor.java:1149)
	at java.util.concurrent.ThreadPoolExecutor$Worker.run(ThreadPoolExecutor.java:624)
	at java.lang.Thread.run(Thread.java:748)
Caused by: org.openqa.selenium.NoSuchElementException: Unable to locate element: {"method":"id","selector":"Static001"}
For documentation on this error, please visit: http://seleniumhq.org/exceptions/no_such_element.html
Build info: version: '3.8.1', revision: '6e95a6684b', time: '2017-12-01T19:05:32.194Z'
System info: host: 'localhost.localdomain', ip: '127.0.0.1', os.name: 'Linux', os.arch: 'amd64', os.version: '3.10.0-862.3.2.el7.x86_64', java.version: '1.8.0_171'
Driver info: driver.version: unknown
	at <anonymous class>.FirefoxDriver.prototype.findElementInternal_(file:///tmp/anonymous4633990281717337756webdriver-profile/extensions/fxdriver@googlecode.com/components/driver-component.js:11870)
	at <anonymous class>.FirefoxDriver.prototype.findElement(file:///tmp/anonymous4633990281717337756webdriver-profile/extensions/fxdriver@googlecode.com/components/driver-component.js:11879)
	at <anonymous class>.DelayedCommand.prototype.executeInternal_/k(file:///tmp/anonymous4633990281717337756webdriver-profile/extensions/fxdriver@googlecode.com/components/command-processor.js:13364)
	at <anonymous class>.DelayedCommand.prototype.executeInternal_(file:///tmp/anonymous4633990281717337756webdriver-profile/extensions/fxdriver@googlecode.com/components/command-processor.js:13369)
	at <anonymous class>.DelayedCommand.prototype.execute/<(file:///tmp/anonymous4633990281717337756webdriver-profile/extensions/fxdriver@googlecode.com/components/command-processor.js:13311)
13:48:49.359 WARN - Exception: Unable to locate element: {"method":"id","selector":"Static001"}
For documentation on this error, please visit: http://seleniumhq.org/exceptions/no_such_element.html
Build info: version: '3.8.1', revision: '6e95a6684b', time: '2017-12-01T19:05:32.194Z'
System info: host: 'localhost.localdomain', ip: '127.0.0.1', os.name: 'Linux', os.arch: 'amd64', os.version: '3.10.0-862.3.2.el7.x86_64', java.version: '1.8.0_171'
Driver info: driver.version: unknown
13:48:49.374 INFO - Executing: [find element: By.id: DIL])
13:48:49.407 INFO - Done: [find element: By.id: DIL]
13:48:49.409 INFO - Executing: [get text: 16 [[FirefoxDriver: firefox on LINUX (3eae94fd-5d05-4e7a-b1bf-279b01461fe0)] -> id: DIL]])
13:48:49.443 INFO - Done: [get text: 16 [[FirefoxDriver: firefox on LINUX (3eae94fd-5d05-4e7a-b1bf-279b01461fe0)] -> id: DIL]]
13:48:49.446 INFO - Executing: [get text: 16 [[FirefoxDriver: firefox on LINUX (3eae94fd-5d05-4e7a-b1bf-279b01461fe0)] -> id: DIL]])
13:48:49.466 INFO - Done: [get text: 16 [[FirefoxDriver: firefox on LINUX (3eae94fd-5d05-4e7a-b1bf-279b01461fe0)] -> id: DIL]]
13:48:49.474 INFO - Executing: [is displayed: 16 [[FirefoxDriver: firefox on LINUX (3eae94fd-5d05-4e7a-b1bf-279b01461fe0)] -> id: DIL]])
13:48:49.491 INFO - Done: [is displayed: 16 [[FirefoxDriver: firefox on LINUX (3eae94fd-5d05-4e7a-b1bf-279b01461fe0)] -> id: DIL]]
13:50:29.582 INFO - Executing: [get: https://w2.seg-social.es/Xhtml?JacadaApplicationName=SGIRED&TRANSACCION=ATR01&E=I&AP=AFIR])
13:50:30.311 INFO - Done: [get: https://w2.seg-social.es/Xhtml?JacadaApplicationName=SGIRED&TRANSACCION=ATR01&E=I&AP=AFIR]
13:50:30.335 INFO - Executing: [find element: By.name: txt_SDFPROAFI])
13:50:30.365 INFO - Done: [find element: By.name: txt_SDFPROAFI]
13:50:30.377 INFO - Executing: [send keys: 17 [[FirefoxDriver: firefox on LINUX (3eae94fd-5d05-4e7a-b1bf-279b01461fe0)] -> name: txt_SDFPROAFI], [28]])
13:50:30.456 INFO - Done: [send keys: 17 [[FirefoxDriver: firefox on LINUX (3eae94fd-5d05-4e7a-b1bf-279b01461fe0)] -> name: txt_SDFPROAFI], [28]]
13:50:30.462 INFO - Executing: [find element: By.name: txt_SDFCODAFI])
13:50:30.494 INFO - Done: [find element: By.name: txt_SDFCODAFI]
13:50:30.498 INFO - Executing: [send keys: 18 [[FirefoxDriver: firefox on LINUX (3eae94fd-5d05-4e7a-b1bf-279b01461fe0)] -> name: txt_SDFCODAFI], [1404063115]])
13:50:30.602 INFO - Done: [send keys: 18 [[FirefoxDriver: firefox on LINUX (3eae94fd-5d05-4e7a-b1bf-279b01461fe0)] -> name: txt_SDFCODAFI], [1404063115]]
13:50:30.610 INFO - Executing: [find element: By.name: txt_SDFTIPPFI_ayuda])
13:50:30.649 INFO - Done: [find element: By.name: txt_SDFTIPPFI_ayuda]
13:50:30.665 INFO - Executing: [send keys: 19 [[FirefoxDriver: firefox on LINUX (3eae94fd-5d05-4e7a-b1bf-279b01461fe0)] -> name: txt_SDFTIPPFI_ayuda], [1]])
13:50:30.734 INFO - Done: [send keys: 19 [[FirefoxDriver: firefox on LINUX (3eae94fd-5d05-4e7a-b1bf-279b01461fe0)] -> name: txt_SDFTIPPFI_ayuda], [1]]
13:50:30.751 INFO - Executing: [find element: By.name: txt_SDFNUMPFI])
13:50:30.772 INFO - Done: [find element: By.name: txt_SDFNUMPFI]
13:50:30.776 INFO - Executing: [send keys: 20 [[FirefoxDriver: firefox on LINUX (3eae94fd-5d05-4e7a-b1bf-279b01461fe0)] -> name: txt_SDFNUMPFI], [70067427C]])
13:50:30.846 INFO - Done: [send keys: 20 [[FirefoxDriver: firefox on LINUX (3eae94fd-5d05-4e7a-b1bf-279b01461fe0)] -> name: txt_SDFNUMPFI], [70067427C]]
13:50:30.854 INFO - Executing: [find element: By.name: txt_SDFREGAFI_ayuda])
13:50:30.878 INFO - Done: [find element: By.name: txt_SDFREGAFI_ayuda]
13:50:30.881 INFO - Executing: [send keys: 21 [[FirefoxDriver: firefox on LINUX (3eae94fd-5d05-4e7a-b1bf-279b01461fe0)] -> name: txt_SDFREGAFI_ayuda], [111]])
13:50:30.959 INFO - Done: [send keys: 21 [[FirefoxDriver: firefox on LINUX (3eae94fd-5d05-4e7a-b1bf-279b01461fe0)] -> name: txt_SDFREGAFI_ayuda], [111]]
13:50:30.965 INFO - Executing: [find element: By.name: txt_SDFTESCTACOT])
13:50:30.981 INFO - Done: [find element: By.name: txt_SDFTESCTACOT]
13:50:30.986 INFO - Executing: [send keys: 22 [[FirefoxDriver: firefox on LINUX (3eae94fd-5d05-4e7a-b1bf-279b01461fe0)] -> name: txt_SDFTESCTACOT], [28]])
13:50:31.058 INFO - Done: [send keys: 22 [[FirefoxDriver: firefox on LINUX (3eae94fd-5d05-4e7a-b1bf-279b01461fe0)] -> name: txt_SDFTESCTACOT], [28]]
13:50:31.073 INFO - Executing: [find element: By.name: txt_SDFCTACOT])
13:50:31.101 INFO - Done: [find element: By.name: txt_SDFCTACOT]
13:50:31.105 INFO - Executing: [send keys: 23 [[FirefoxDriver: firefox on LINUX (3eae94fd-5d05-4e7a-b1bf-279b01461fe0)] -> name: txt_SDFCTACOT], [149794464]])
13:50:31.183 INFO - Done: [send keys: 23 [[FirefoxDriver: firefox on LINUX (3eae94fd-5d05-4e7a-b1bf-279b01461fe0)] -> name: txt_SDFCTACOT], [149794464]]
13:50:31.218 INFO - Executing: [take screenshot])
13:50:31.313 INFO - Done: [take screenshot]
13:50:31.322 INFO - Executing: [find element: By.name: btn_Sub2207401004])
13:50:31.338 INFO - Done: [find element: By.name: btn_Sub2207401004]
13:50:31.341 INFO - Executing: [click: 24 [[FirefoxDriver: firefox on LINUX (3eae94fd-5d05-4e7a-b1bf-279b01461fe0)] -> name: btn_Sub2207401004]])
13:50:32.297 INFO - Done: [click: 24 [[FirefoxDriver: firefox on LINUX (3eae94fd-5d05-4e7a-b1bf-279b01461fe0)] -> name: btn_Sub2207401004]]
13:50:32.312 INFO - Executing: [find element: By.id: SDFSITAFI_ayuda])
13:50:32.333 INFO - Done: [find element: By.id: SDFSITAFI_ayuda]
13:50:32.336 INFO - Executing: [is displayed: 25 [[FirefoxDriver: firefox on LINUX (3eae94fd-5d05-4e7a-b1bf-279b01461fe0)] -> id: SDFSITAFI_ayuda]])
13:50:32.399 INFO - Done: [is displayed: 25 [[FirefoxDriver: firefox on LINUX (3eae94fd-5d05-4e7a-b1bf-279b01461fe0)] -> id: SDFSITAFI_ayuda]]
13:50:32.418 INFO - Executing: [find element: By.id: Static001])
13:50:33.083 WARN - Exception thrown
org.openqa.selenium.NoSuchElementException: Unable to locate element: {"method":"id","selector":"Static001"}
Command duration or timeout: 0 milliseconds
	at sun.reflect.NativeConstructorAccessorImpl.newInstance0(Native Method)
	at sun.reflect.NativeConstructorAccessorImpl.newInstance(NativeConstructorAccessorImpl.java:62)
	at sun.reflect.DelegatingConstructorAccessorImpl.newInstance(DelegatingConstructorAccessorImpl.java:45)
	at java.lang.reflect.Constructor.newInstance(Constructor.java:423)
	at org.openqa.selenium.remote.ErrorHandler.createThrowable(ErrorHandler.java:214)
	at org.openqa.selenium.remote.ErrorHandler.throwIfResponseFailed(ErrorHandler.java:166)
	at org.openqa.selenium.remote.http.JsonHttpResponseCodec.reconstructValue(JsonHttpResponseCodec.java:40)
	at org.openqa.selenium.remote.http.AbstractHttpResponseCodec.decode(AbstractHttpResponseCodec.java:80)
	at org.openqa.selenium.remote.http.AbstractHttpResponseCodec.decode(AbstractHttpResponseCodec.java:44)
	at org.openqa.selenium.remote.HttpCommandExecutor.execute(HttpCommandExecutor.java:164)
	at org.openqa.selenium.remote.service.DriverCommandExecutor.execute(DriverCommandExecutor.java:83)
	at org.openqa.selenium.remote.RemoteWebDriver.execute(RemoteWebDriver.java:601)
	at org.openqa.selenium.remote.RemoteWebDriver.findElement(RemoteWebDriver.java:371)
	at org.openqa.selenium.remote.RemoteWebDriver.findElementById(RemoteWebDriver.java:417)
	at org.openqa.selenium.By$ById.findElement(By.java:218)
	at org.openqa.selenium.remote.RemoteWebDriver.findElement(RemoteWebDriver.java:363)
	at sun.reflect.GeneratedMethodAccessor10.invoke(Unknown Source)
	at sun.reflect.DelegatingMethodAccessorImpl.invoke(DelegatingMethodAccessorImpl.java:43)
	at java.lang.reflect.Method.invoke(Method.java:498)
	at org.openqa.selenium.support.events.EventFiringWebDriver$2.invoke(EventFiringWebDriver.java:108)
	at com.sun.proxy.$Proxy6.findElement(Unknown Source)
	at org.openqa.selenium.support.events.EventFiringWebDriver.findElement(EventFiringWebDriver.java:192)
	at org.openqa.selenium.remote.server.handler.FindElement.call(FindElement.java:48)
	at org.openqa.selenium.remote.server.handler.FindElement.call(FindElement.java:33)
	at org.openqa.selenium.remote.server.handler.WebDriverHandler.handle(WebDriverHandler.java:41)
	at org.openqa.selenium.remote.server.rest.ResultConfig.handle(ResultConfig.java:112)
	at org.openqa.selenium.remote.server.JsonHttpCommandHandler.handleRequest(JsonHttpCommandHandler.java:191)
	at org.openqa.selenium.remote.server.DriverServlet.lambda$handleRequest$0(DriverServlet.java:261)
	at java.util.concurrent.Executors$RunnableAdapter.call(Executors.java:511)
	at java.util.concurrent.FutureTask.run(FutureTask.java:266)
	at java.util.concurrent.ThreadPoolExecutor.runWorker(ThreadPoolExecutor.java:1149)
	at java.util.concurrent.ThreadPoolExecutor$Worker.run(ThreadPoolExecutor.java:624)
	at java.lang.Thread.run(Thread.java:748)
Caused by: org.openqa.selenium.NoSuchElementException: Unable to locate element: {"method":"id","selector":"Static001"}
For documentation on this error, please visit: http://seleniumhq.org/exceptions/no_such_element.html
Build info: version: '3.8.1', revision: '6e95a6684b', time: '2017-12-01T19:05:32.194Z'
System info: host: 'localhost.localdomain', ip: '127.0.0.1', os.name: 'Linux', os.arch: 'amd64', os.version: '3.10.0-862.3.2.el7.x86_64', java.version: '1.8.0_171'
Driver info: driver.version: unknown
	at <anonymous class>.FirefoxDriver.prototype.findElementInternal_(file:///tmp/anonymous4633990281717337756webdriver-profile/extensions/fxdriver@googlecode.com/components/driver-component.js:11870)
	at <anonymous class>.FirefoxDriver.prototype.findElement(file:///tmp/anonymous4633990281717337756webdriver-profile/extensions/fxdriver@googlecode.com/components/driver-component.js:11879)
	at <anonymous class>.DelayedCommand.prototype.executeInternal_/k(file:///tmp/anonymous4633990281717337756webdriver-profile/extensions/fxdriver@googlecode.com/components/command-processor.js:13364)
	at <anonymous class>.DelayedCommand.prototype.executeInternal_(file:///tmp/anonymous4633990281717337756webdriver-profile/extensions/fxdriver@googlecode.com/components/command-processor.js:13369)
	at <anonymous class>.DelayedCommand.prototype.execute/<(file:///tmp/anonymous4633990281717337756webdriver-profile/extensions/fxdriver@googlecode.com/components/command-processor.js:13311)
13:50:33.084 WARN - Exception: Unable to locate element: {"method":"id","selector":"Static001"}
For documentation on this error, please visit: http://seleniumhq.org/exceptions/no_such_element.html
Build info: version: '3.8.1', revision: '6e95a6684b', time: '2017-12-01T19:05:32.194Z'
System info: host: 'localhost.localdomain', ip: '127.0.0.1', os.name: 'Linux', os.arch: 'amd64', os.version: '3.10.0-862.3.2.el7.x86_64', java.version: '1.8.0_171'
Driver info: driver.version: unknown
13:50:33.101 INFO - Executing: [find element: By.id: DIL])
13:50:33.116 INFO - Done: [find element: By.id: DIL]
13:50:33.119 INFO - Executing: [get text: 26 [[FirefoxDriver: firefox on LINUX (3eae94fd-5d05-4e7a-b1bf-279b01461fe0)] -> id: DIL]])
13:50:33.147 INFO - Done: [get text: 26 [[FirefoxDriver: firefox on LINUX (3eae94fd-5d05-4e7a-b1bf-279b01461fe0)] -> id: DIL]]
13:50:33.150 INFO - Executing: [get text: 26 [[FirefoxDriver: firefox on LINUX (3eae94fd-5d05-4e7a-b1bf-279b01461fe0)] -> id: DIL]])
13:50:33.176 INFO - Done: [get text: 26 [[FirefoxDriver: firefox on LINUX (3eae94fd-5d05-4e7a-b1bf-279b01461fe0)] -> id: DIL]]
13:50:33.204 INFO - Executing: [is displayed: 26 [[FirefoxDriver: firefox on LINUX (3eae94fd-5d05-4e7a-b1bf-279b01461fe0)] -> id: DIL]])
13:50:33.216 INFO - Done: [is displayed: 26 [[FirefoxDriver: firefox on LINUX (3eae94fd-5d05-4e7a-b1bf-279b01461fe0)] -> id: DIL]]
13:50:33.219 INFO - Executing: [find element: By.name: txt_SDFSITAFI_ayuda])
13:50:33.232 INFO - Done: [find element: By.name: txt_SDFSITAFI_ayuda]
13:50:33.234 INFO - Executing: [send keys: 25 [[FirefoxDriver: firefox on LINUX (3eae94fd-5d05-4e7a-b1bf-279b01461fe0)] -> id: SDFSITAFI_ayuda], [1]])
13:50:33.297 INFO - Done: [send keys: 25 [[FirefoxDriver: firefox on LINUX (3eae94fd-5d05-4e7a-b1bf-279b01461fe0)] -> id: SDFSITAFI_ayuda], [1]]
13:50:33.299 INFO - Executing: [find element: By.name: txt_SDFFREALDD])
13:50:33.327 INFO - Done: [find element: By.name: txt_SDFFREALDD]
13:50:33.330 INFO - Executing: [send keys: 27 [[FirefoxDriver: firefox on LINUX (3eae94fd-5d05-4e7a-b1bf-279b01461fe0)] -> name: txt_SDFFREALDD], [29]])
13:50:33.435 INFO - Done: [send keys: 27 [[FirefoxDriver: firefox on LINUX (3eae94fd-5d05-4e7a-b1bf-279b01461fe0)] -> name: txt_SDFFREALDD], [29]]
13:50:33.437 INFO - Executing: [find element: By.name: txt_SDFFREALMM])
13:50:33.462 INFO - Done: [find element: By.name: txt_SDFFREALMM]
13:50:33.469 INFO - Executing: [send keys: 28 [[FirefoxDriver: firefox on LINUX (3eae94fd-5d05-4e7a-b1bf-279b01461fe0)] -> name: txt_SDFFREALMM], [09]])
13:50:33.517 INFO - Done: [send keys: 28 [[FirefoxDriver: firefox on LINUX (3eae94fd-5d05-4e7a-b1bf-279b01461fe0)] -> name: txt_SDFFREALMM], [09]]
13:50:33.520 INFO - Executing: [find element: By.name: txt_SDFFREALAA])
13:50:33.547 INFO - Done: [find element: By.name: txt_SDFFREALAA]
13:50:33.550 INFO - Executing: [send keys: 29 [[FirefoxDriver: firefox on LINUX (3eae94fd-5d05-4e7a-b1bf-279b01461fe0)] -> name: txt_SDFFREALAA], [2018]])
13:50:33.651 INFO - Done: [send keys: 29 [[FirefoxDriver: firefox on LINUX (3eae94fd-5d05-4e7a-b1bf-279b01461fe0)] -> name: txt_SDFFREALAA], [2018]]
13:50:33.654 INFO - Executing: [find element: By.name: txt_SDFGRUCOT_ayuda])
13:50:33.681 INFO - Done: [find element: By.name: txt_SDFGRUCOT_ayuda]
13:50:33.684 INFO - Executing: [send keys: 30 [[FirefoxDriver: firefox on LINUX (3eae94fd-5d05-4e7a-b1bf-279b01461fe0)] -> name: txt_SDFGRUCOT_ayuda], [1]])
13:50:33.726 INFO - Done: [send keys: 30 [[FirefoxDriver: firefox on LINUX (3eae94fd-5d05-4e7a-b1bf-279b01461fe0)] -> name: txt_SDFGRUCOT_ayuda], [1]]
13:50:33.730 INFO - Executing: [find element: By.name: txt_SDFTICO_ayuda])
13:50:33.762 INFO - Done: [find element: By.name: txt_SDFTICO_ayuda]
13:50:33.770 INFO - Executing: [send keys: 31 [[FirefoxDriver: firefox on LINUX (3eae94fd-5d05-4e7a-b1bf-279b01461fe0)] -> name: txt_SDFTICO_ayuda], [502]])
13:50:33.879 INFO - Done: [send keys: 31 [[FirefoxDriver: firefox on LINUX (3eae94fd-5d05-4e7a-b1bf-279b01461fe0)] -> name: txt_SDFTICO_ayuda], [502]]
13:50:33.883 INFO - Executing: [find element: By.name: txt_SDFCOEFCO_ayuda])
13:50:33.906 INFO - Done: [find element: By.name: txt_SDFCOEFCO_ayuda]
13:50:33.909 INFO - Executing: [send keys: 32 [[FirefoxDriver: firefox on LINUX (3eae94fd-5d05-4e7a-b1bf-279b01461fe0)] -> name: txt_SDFCOEFCO_ayuda], [500]])
13:50:33.947 INFO - Done: [send keys: 32 [[FirefoxDriver: firefox on LINUX (3eae94fd-5d05-4e7a-b1bf-279b01461fe0)] -> name: txt_SDFCOEFCO_ayuda], [500]]
13:50:33.960 INFO - Executing: [take screenshot])
13:50:34.050 INFO - Done: [take screenshot]
13:50:34.077 INFO - Executing: [find element: By.name: btn_Sub2207401004])
13:50:34.097 INFO - Done: [find element: By.name: btn_Sub2207401004]
13:50:34.101 INFO - Executing: [click: 33 [[FirefoxDriver: firefox on LINUX (3eae94fd-5d05-4e7a-b1bf-279b01461fe0)] -> name: btn_Sub2207401004]])
13:50:34.689 INFO - Done: [click: 33 [[FirefoxDriver: firefox on LINUX (3eae94fd-5d05-4e7a-b1bf-279b01461fe0)] -> name: btn_Sub2207401004]]
13:50:34.734 INFO - Executing: [find element: By.id: SDFSITAFI_ayuda])
13:50:35.085 WARN - Exception thrown
org.openqa.selenium.NoSuchElementException: Unable to locate element: {"method":"id","selector":"SDFSITAFI_ayuda"}
Command duration or timeout: 0 milliseconds
	at sun.reflect.NativeConstructorAccessorImpl.newInstance0(Native Method)
	at sun.reflect.NativeConstructorAccessorImpl.newInstance(NativeConstructorAccessorImpl.java:62)
	at sun.reflect.DelegatingConstructorAccessorImpl.newInstance(DelegatingConstructorAccessorImpl.java:45)
	at java.lang.reflect.Constructor.newInstance(Constructor.java:423)
	at org.openqa.selenium.remote.ErrorHandler.createThrowable(ErrorHandler.java:214)
	at org.openqa.selenium.remote.ErrorHandler.throwIfResponseFailed(ErrorHandler.java:166)
	at org.openqa.selenium.remote.http.JsonHttpResponseCodec.reconstructValue(JsonHttpResponseCodec.java:40)
	at org.openqa.selenium.remote.http.AbstractHttpResponseCodec.decode(AbstractHttpResponseCodec.java:80)
	at org.openqa.selenium.remote.http.AbstractHttpResponseCodec.decode(AbstractHttpResponseCodec.java:44)
	at org.openqa.selenium.remote.HttpCommandExecutor.execute(HttpCommandExecutor.java:164)
	at org.openqa.selenium.remote.service.DriverCommandExecutor.execute(DriverCommandExecutor.java:83)
	at org.openqa.selenium.remote.RemoteWebDriver.execute(RemoteWebDriver.java:601)
	at org.openqa.selenium.remote.RemoteWebDriver.findElement(RemoteWebDriver.java:371)
	at org.openqa.selenium.remote.RemoteWebDriver.findElementById(RemoteWebDriver.java:417)
	at org.openqa.selenium.By$ById.findElement(By.java:218)
	at org.openqa.selenium.remote.RemoteWebDriver.findElement(RemoteWebDriver.java:363)
	at sun.reflect.GeneratedMethodAccessor10.invoke(Unknown Source)
	at sun.reflect.DelegatingMethodAccessorImpl.invoke(DelegatingMethodAccessorImpl.java:43)
	at java.lang.reflect.Method.invoke(Method.java:498)
	at org.openqa.selenium.support.events.EventFiringWebDriver$2.invoke(EventFiringWebDriver.java:108)
	at com.sun.proxy.$Proxy6.findElement(Unknown Source)
	at org.openqa.selenium.support.events.EventFiringWebDriver.findElement(EventFiringWebDriver.java:192)
	at org.openqa.selenium.remote.server.handler.FindElement.call(FindElement.java:48)
	at org.openqa.selenium.remote.server.handler.FindElement.call(FindElement.java:33)
	at org.openqa.selenium.remote.server.handler.WebDriverHandler.handle(WebDriverHandler.java:41)
	at org.openqa.selenium.remote.server.rest.ResultConfig.handle(ResultConfig.java:112)
	at org.openqa.selenium.remote.server.JsonHttpCommandHandler.handleRequest(JsonHttpCommandHandler.java:191)
	at org.openqa.selenium.remote.server.DriverServlet.lambda$handleRequest$0(DriverServlet.java:261)
	at java.util.concurrent.Executors$RunnableAdapter.call(Executors.java:511)
	at java.util.concurrent.FutureTask.run(FutureTask.java:266)
	at java.util.concurrent.ThreadPoolExecutor.runWorker(ThreadPoolExecutor.java:1149)
	at java.util.concurrent.ThreadPoolExecutor$Worker.run(ThreadPoolExecutor.java:624)
	at java.lang.Thread.run(Thread.java:748)
Caused by: org.openqa.selenium.NoSuchElementException: Unable to locate element: {"method":"id","selector":"SDFSITAFI_ayuda"}
For documentation on this error, please visit: http://seleniumhq.org/exceptions/no_such_element.html
Build info: version: '3.8.1', revision: '6e95a6684b', time: '2017-12-01T19:05:32.194Z'
System info: host: 'localhost.localdomain', ip: '127.0.0.1', os.name: 'Linux', os.arch: 'amd64', os.version: '3.10.0-862.3.2.el7.x86_64', java.version: '1.8.0_171'
Driver info: driver.version: unknown
	at <anonymous class>.FirefoxDriver.prototype.findElementInternal_(file:///tmp/anonymous4633990281717337756webdriver-profile/extensions/fxdriver@googlecode.com/components/driver-component.js:11870)
	at <anonymous class>.FirefoxDriver.prototype.findElement(file:///tmp/anonymous4633990281717337756webdriver-profile/extensions/fxdriver@googlecode.com/components/driver-component.js:11879)
	at <anonymous class>.DelayedCommand.prototype.executeInternal_/k(file:///tmp/anonymous4633990281717337756webdriver-profile/extensions/fxdriver@googlecode.com/components/command-processor.js:13364)
	at <anonymous class>.DelayedCommand.prototype.executeInternal_(file:///tmp/anonymous4633990281717337756webdriver-profile/extensions/fxdriver@googlecode.com/components/command-processor.js:13369)
	at <anonymous class>.DelayedCommand.prototype.execute/<(file:///tmp/anonymous4633990281717337756webdriver-profile/extensions/fxdriver@googlecode.com/components/command-processor.js:13311)
13:50:35.086 WARN - Exception: Unable to locate element: {"method":"id","selector":"SDFSITAFI_ayuda"}
For documentation on this error, please visit: http://seleniumhq.org/exceptions/no_such_element.html
Build info: version: '3.8.1', revision: '6e95a6684b', time: '2017-12-01T19:05:32.194Z'
System info: host: 'localhost.localdomain', ip: '127.0.0.1', os.name: 'Linux', os.arch: 'amd64', os.version: '3.10.0-862.3.2.el7.x86_64', java.version: '1.8.0_171'
Driver info: driver.version: unknown
13:50:35.395 INFO - Executing: [find element: By.id: SDFSITAFI_ayuda])
13:50:35.819 WARN - Exception thrown
org.openqa.selenium.NoSuchElementException: Unable to locate element: {"method":"id","selector":"SDFSITAFI_ayuda"}
Command duration or timeout: 0 milliseconds
	at sun.reflect.NativeConstructorAccessorImpl.newInstance0(Native Method)
	at sun.reflect.NativeConstructorAccessorImpl.newInstance(NativeConstructorAccessorImpl.java:62)
	at sun.reflect.DelegatingConstructorAccessorImpl.newInstance(DelegatingConstructorAccessorImpl.java:45)
	at java.lang.reflect.Constructor.newInstance(Constructor.java:423)
	at org.openqa.selenium.remote.ErrorHandler.createThrowable(ErrorHandler.java:214)
	at org.openqa.selenium.remote.ErrorHandler.throwIfResponseFailed(ErrorHandler.java:166)
	at org.openqa.selenium.remote.http.JsonHttpResponseCodec.reconstructValue(JsonHttpResponseCodec.java:40)
	at org.openqa.selenium.remote.http.AbstractHttpResponseCodec.decode(AbstractHttpResponseCodec.java:80)
	at org.openqa.selenium.remote.http.AbstractHttpResponseCodec.decode(AbstractHttpResponseCodec.java:44)
	at org.openqa.selenium.remote.HttpCommandExecutor.execute(HttpCommandExecutor.java:164)
	at org.openqa.selenium.remote.service.DriverCommandExecutor.execute(DriverCommandExecutor.java:83)
	at org.openqa.selenium.remote.RemoteWebDriver.execute(RemoteWebDriver.java:601)
	at org.openqa.selenium.remote.RemoteWebDriver.findElement(RemoteWebDriver.java:371)
	at org.openqa.selenium.remote.RemoteWebDriver.findElementById(RemoteWebDriver.java:417)
	at org.openqa.selenium.By$ById.findElement(By.java:218)
	at org.openqa.selenium.remote.RemoteWebDriver.findElement(RemoteWebDriver.java:363)
	at sun.reflect.GeneratedMethodAccessor10.invoke(Unknown Source)
	at sun.reflect.DelegatingMethodAccessorImpl.invoke(DelegatingMethodAccessorImpl.java:43)
	at java.lang.reflect.Method.invoke(Method.java:498)
	at org.openqa.selenium.support.events.EventFiringWebDriver$2.invoke(EventFiringWebDriver.java:108)
	at com.sun.proxy.$Proxy6.findElement(Unknown Source)
	at org.openqa.selenium.support.events.EventFiringWebDriver.findElement(EventFiringWebDriver.java:192)
	at org.openqa.selenium.remote.server.handler.FindElement.call(FindElement.java:48)
	at org.openqa.selenium.remote.server.handler.FindElement.call(FindElement.java:33)
	at org.openqa.selenium.remote.server.handler.WebDriverHandler.handle(WebDriverHandler.java:41)
	at org.openqa.selenium.remote.server.rest.ResultConfig.handle(ResultConfig.java:112)
	at org.openqa.selenium.remote.server.JsonHttpCommandHandler.handleRequest(JsonHttpCommandHandler.java:191)
	at org.openqa.selenium.remote.server.DriverServlet.lambda$handleRequest$0(DriverServlet.java:261)
	at java.util.concurrent.Executors$RunnableAdapter.call(Executors.java:511)
	at java.util.concurrent.FutureTask.run(FutureTask.java:266)
	at java.util.concurrent.ThreadPoolExecutor.runWorker(ThreadPoolExecutor.java:1149)
	at java.util.concurrent.ThreadPoolExecutor$Worker.run(ThreadPoolExecutor.java:624)
	at java.lang.Thread.run(Thread.java:748)
Caused by: org.openqa.selenium.NoSuchElementException: Unable to locate element: {"method":"id","selector":"SDFSITAFI_ayuda"}
For documentation on this error, please visit: http://seleniumhq.org/exceptions/no_such_element.html
Build info: version: '3.8.1', revision: '6e95a6684b', time: '2017-12-01T19:05:32.194Z'
System info: host: 'localhost.localdomain', ip: '127.0.0.1', os.name: 'Linux', os.arch: 'amd64', os.version: '3.10.0-862.3.2.el7.x86_64', java.version: '1.8.0_171'
Driver info: driver.version: unknown
	at <anonymous class>.FirefoxDriver.prototype.findElementInternal_(file:///tmp/anonymous4633990281717337756webdriver-profile/extensions/fxdriver@googlecode.com/components/driver-component.js:11870)
	at <anonymous class>.FirefoxDriver.prototype.findElement(file:///tmp/anonymous4633990281717337756webdriver-profile/extensions/fxdriver@googlecode.com/components/driver-component.js:11879)
	at <anonymous class>.DelayedCommand.prototype.executeInternal_/k(file:///tmp/anonymous4633990281717337756webdriver-profile/extensions/fxdriver@googlecode.com/components/command-processor.js:13364)
	at <anonymous class>.DelayedCommand.prototype.executeInternal_(file:///tmp/anonymous4633990281717337756webdriver-profile/extensions/fxdriver@googlecode.com/components/command-processor.js:13369)
	at <anonymous class>.DelayedCommand.prototype.execute/<(file:///tmp/anonymous4633990281717337756webdriver-profile/extensions/fxdriver@googlecode.com/components/command-processor.js:13311)
13:50:35.820 WARN - Exception: Unable to locate element: {"method":"id","selector":"SDFSITAFI_ayuda"}
For documentation on this error, please visit: http://seleniumhq.org/exceptions/no_such_element.html
Build info: version: '3.8.1', revision: '6e95a6684b', time: '2017-12-01T19:05:32.194Z'
System info: host: 'localhost.localdomain', ip: '127.0.0.1', os.name: 'Linux', os.arch: 'amd64', os.version: '3.10.0-862.3.2.el7.x86_64', java.version: '1.8.0_171'
Driver info: driver.version: unknown
13:50:36.136 INFO - Executing: [find element: By.id: SDFSITAFI_ayuda])
13:50:36.684 WARN - Exception thrown
org.openqa.selenium.NoSuchElementException: Unable to locate element: {"method":"id","selector":"SDFSITAFI_ayuda"}
Command duration or timeout: 0 milliseconds
	at sun.reflect.NativeConstructorAccessorImpl.newInstance0(Native Method)
	at sun.reflect.NativeConstructorAccessorImpl.newInstance(NativeConstructorAccessorImpl.java:62)
	at sun.reflect.DelegatingConstructorAccessorImpl.newInstance(DelegatingConstructorAccessorImpl.java:45)
	at java.lang.reflect.Constructor.newInstance(Constructor.java:423)
	at org.openqa.selenium.remote.ErrorHandler.createThrowable(ErrorHandler.java:214)
	at org.openqa.selenium.remote.ErrorHandler.throwIfResponseFailed(ErrorHandler.java:166)
	at org.openqa.selenium.remote.http.JsonHttpResponseCodec.reconstructValue(JsonHttpResponseCodec.java:40)
	at org.openqa.selenium.remote.http.AbstractHttpResponseCodec.decode(AbstractHttpResponseCodec.java:80)
	at org.openqa.selenium.remote.http.AbstractHttpResponseCodec.decode(AbstractHttpResponseCodec.java:44)
	at org.openqa.selenium.remote.HttpCommandExecutor.execute(HttpCommandExecutor.java:164)
	at org.openqa.selenium.remote.service.DriverCommandExecutor.execute(DriverCommandExecutor.java:83)
	at org.openqa.selenium.remote.RemoteWebDriver.execute(RemoteWebDriver.java:601)
	at org.openqa.selenium.remote.RemoteWebDriver.findElement(RemoteWebDriver.java:371)
	at org.openqa.selenium.remote.RemoteWebDriver.findElementById(RemoteWebDriver.java:417)
	at org.openqa.selenium.By$ById.findElement(By.java:218)
	at org.openqa.selenium.remote.RemoteWebDriver.findElement(RemoteWebDriver.java:363)
	at sun.reflect.GeneratedMethodAccessor10.invoke(Unknown Source)
	at sun.reflect.DelegatingMethodAccessorImpl.invoke(DelegatingMethodAccessorImpl.java:43)
	at java.lang.reflect.Method.invoke(Method.java:498)
	at org.openqa.selenium.support.events.EventFiringWebDriver$2.invoke(EventFiringWebDriver.java:108)
	at com.sun.proxy.$Proxy6.findElement(Unknown Source)
	at org.openqa.selenium.support.events.EventFiringWebDriver.findElement(EventFiringWebDriver.java:192)
	at org.openqa.selenium.remote.server.handler.FindElement.call(FindElement.java:48)
	at org.openqa.selenium.remote.server.handler.FindElement.call(FindElement.java:33)
	at org.openqa.selenium.remote.server.handler.WebDriverHandler.handle(WebDriverHandler.java:41)
	at org.openqa.selenium.remote.server.rest.ResultConfig.handle(ResultConfig.java:112)
	at org.openqa.selenium.remote.server.JsonHttpCommandHandler.handleRequest(JsonHttpCommandHandler.java:191)
	at org.openqa.selenium.remote.server.DriverServlet.lambda$handleRequest$0(DriverServlet.java:261)
	at java.util.concurrent.Executors$RunnableAdapter.call(Executors.java:511)
	at java.util.concurrent.FutureTask.run(FutureTask.java:266)
	at java.util.concurrent.ThreadPoolExecutor.runWorker(ThreadPoolExecutor.java:1149)
	at java.util.concurrent.ThreadPoolExecutor$Worker.run(ThreadPoolExecutor.java:624)
	at java.lang.Thread.run(Thread.java:748)
Caused by: org.openqa.selenium.NoSuchElementException: Unable to locate element: {"method":"id","selector":"SDFSITAFI_ayuda"}
For documentation on this error, please visit: http://seleniumhq.org/exceptions/no_such_element.html
Build info: version: '3.8.1', revision: '6e95a6684b', time: '2017-12-01T19:05:32.194Z'
System info: host: 'localhost.localdomain', ip: '127.0.0.1', os.name: 'Linux', os.arch: 'amd64', os.version: '3.10.0-862.3.2.el7.x86_64', java.version: '1.8.0_171'
Driver info: driver.version: unknown
	at <anonymous class>.FirefoxDriver.prototype.findElementInternal_(file:///tmp/anonymous4633990281717337756webdriver-profile/extensions/fxdriver@googlecode.com/components/driver-component.js:11870)
	at <anonymous class>.FirefoxDriver.prototype.findElement(file:///tmp/anonymous4633990281717337756webdriver-profile/extensions/fxdriver@googlecode.com/components/driver-component.js:11879)
	at <anonymous class>.DelayedCommand.prototype.executeInternal_/k(file:///tmp/anonymous4633990281717337756webdriver-profile/extensions/fxdriver@googlecode.com/components/command-processor.js:13364)
	at <anonymous class>.DelayedCommand.prototype.executeInternal_(file:///tmp/anonymous4633990281717337756webdriver-profile/extensions/fxdriver@googlecode.com/components/command-processor.js:13369)
	at <anonymous class>.DelayedCommand.prototype.execute/<(file:///tmp/anonymous4633990281717337756webdriver-profile/extensions/fxdriver@googlecode.com/components/command-processor.js:13311)
13:50:36.685 WARN - Exception: Unable to locate element: {"method":"id","selector":"SDFSITAFI_ayuda"}
For documentation on this error, please visit: http://seleniumhq.org/exceptions/no_such_element.html
Build info: version: '3.8.1', revision: '6e95a6684b', time: '2017-12-01T19:05:32.194Z'
System info: host: 'localhost.localdomain', ip: '127.0.0.1', os.name: 'Linux', os.arch: 'amd64', os.version: '3.10.0-862.3.2.el7.x86_64', java.version: '1.8.0_171'
Driver info: driver.version: unknown
13:50:37.000 INFO - Executing: [find element: By.id: SDFSITAFI_ayuda])
13:50:37.531 WARN - Exception thrown
org.openqa.selenium.NoSuchElementException: Unable to locate element: {"method":"id","selector":"SDFSITAFI_ayuda"}
Command duration or timeout: 0 milliseconds
	at sun.reflect.NativeConstructorAccessorImpl.newInstance0(Native Method)
	at sun.reflect.NativeConstructorAccessorImpl.newInstance(NativeConstructorAccessorImpl.java:62)
	at sun.reflect.DelegatingConstructorAccessorImpl.newInstance(DelegatingConstructorAccessorImpl.java:45)
	at java.lang.reflect.Constructor.newInstance(Constructor.java:423)
	at org.openqa.selenium.remote.ErrorHandler.createThrowable(ErrorHandler.java:214)
	at org.openqa.selenium.remote.ErrorHandler.throwIfResponseFailed(ErrorHandler.java:166)
	at org.openqa.selenium.remote.http.JsonHttpResponseCodec.reconstructValue(JsonHttpResponseCodec.java:40)
	at org.openqa.selenium.remote.http.AbstractHttpResponseCodec.decode(AbstractHttpResponseCodec.java:80)
	at org.openqa.selenium.remote.http.AbstractHttpResponseCodec.decode(AbstractHttpResponseCodec.java:44)
	at org.openqa.selenium.remote.HttpCommandExecutor.execute(HttpCommandExecutor.java:164)
	at org.openqa.selenium.remote.service.DriverCommandExecutor.execute(DriverCommandExecutor.java:83)
	at org.openqa.selenium.remote.RemoteWebDriver.execute(RemoteWebDriver.java:601)
	at org.openqa.selenium.remote.RemoteWebDriver.findElement(RemoteWebDriver.java:371)
	at org.openqa.selenium.remote.RemoteWebDriver.findElementById(RemoteWebDriver.java:417)
	at org.openqa.selenium.By$ById.findElement(By.java:218)
	at org.openqa.selenium.remote.RemoteWebDriver.findElement(RemoteWebDriver.java:363)
	at sun.reflect.GeneratedMethodAccessor10.invoke(Unknown Source)
	at sun.reflect.DelegatingMethodAccessorImpl.invoke(DelegatingMethodAccessorImpl.java:43)
	at java.lang.reflect.Method.invoke(Method.java:498)
	at org.openqa.selenium.support.events.EventFiringWebDriver$2.invoke(EventFiringWebDriver.java:108)
	at com.sun.proxy.$Proxy6.findElement(Unknown Source)
	at org.openqa.selenium.support.events.EventFiringWebDriver.findElement(EventFiringWebDriver.java:192)
	at org.openqa.selenium.remote.server.handler.FindElement.call(FindElement.java:48)
	at org.openqa.selenium.remote.server.handler.FindElement.call(FindElement.java:33)
	at org.openqa.selenium.remote.server.handler.WebDriverHandler.handle(WebDriverHandler.java:41)
	at org.openqa.selenium.remote.server.rest.ResultConfig.handle(ResultConfig.java:112)
	at org.openqa.selenium.remote.server.JsonHttpCommandHandler.handleRequest(JsonHttpCommandHandler.java:191)
	at org.openqa.selenium.remote.server.DriverServlet.lambda$handleRequest$0(DriverServlet.java:261)
	at java.util.concurrent.Executors$RunnableAdapter.call(Executors.java:511)
	at java.util.concurrent.FutureTask.run(FutureTask.java:266)
	at java.util.concurrent.ThreadPoolExecutor.runWorker(ThreadPoolExecutor.java:1149)
	at java.util.concurrent.ThreadPoolExecutor$Worker.run(ThreadPoolExecutor.java:624)
	at java.lang.Thread.run(Thread.java:748)
Caused by: org.openqa.selenium.NoSuchElementException: Unable to locate element: {"method":"id","selector":"SDFSITAFI_ayuda"}
For documentation on this error, please visit: http://seleniumhq.org/exceptions/no_such_element.html
Build info: version: '3.8.1', revision: '6e95a6684b', time: '2017-12-01T19:05:32.194Z'
System info: host: 'localhost.localdomain', ip: '127.0.0.1', os.name: 'Linux', os.arch: 'amd64', os.version: '3.10.0-862.3.2.el7.x86_64', java.version: '1.8.0_171'
Driver info: driver.version: unknown
	at <anonymous class>.FirefoxDriver.prototype.findElementInternal_(file:///tmp/anonymous4633990281717337756webdriver-profile/extensions/fxdriver@googlecode.com/components/driver-component.js:11870)
	at <anonymous class>.FirefoxDriver.prototype.findElement(file:///tmp/anonymous4633990281717337756webdriver-profile/extensions/fxdriver@googlecode.com/components/driver-component.js:11879)
	at <anonymous class>.DelayedCommand.prototype.executeInternal_/k(file:///tmp/anonymous4633990281717337756webdriver-profile/extensions/fxdriver@googlecode.com/components/command-processor.js:13364)
	at <anonymous class>.DelayedCommand.prototype.executeInternal_(file:///tmp/anonymous4633990281717337756webdriver-profile/extensions/fxdriver@googlecode.com/components/command-processor.js:13369)
	at <anonymous class>.DelayedCommand.prototype.execute/<(file:///tmp/anonymous4633990281717337756webdriver-profile/extensions/fxdriver@googlecode.com/components/command-processor.js:13311)
13:50:37.532 WARN - Exception: Unable to locate element: {"method":"id","selector":"SDFSITAFI_ayuda"}
For documentation on this error, please visit: http://seleniumhq.org/exceptions/no_such_element.html
Build info: version: '3.8.1', revision: '6e95a6684b', time: '2017-12-01T19:05:32.194Z'
System info: host: 'localhost.localdomain', ip: '127.0.0.1', os.name: 'Linux', os.arch: 'amd64', os.version: '3.10.0-862.3.2.el7.x86_64', java.version: '1.8.0_171'
Driver info: driver.version: unknown
13:50:37.839 INFO - Executing: [find element: By.id: SDFSITAFI_ayuda])
13:50:38.611 WARN - Exception thrown
org.openqa.selenium.NoSuchElementException: Unable to locate element: {"method":"id","selector":"SDFSITAFI_ayuda"}
Command duration or timeout: 0 milliseconds
	at sun.reflect.NativeConstructorAccessorImpl.newInstance0(Native Method)
	at sun.reflect.NativeConstructorAccessorImpl.newInstance(NativeConstructorAccessorImpl.java:62)
	at sun.reflect.DelegatingConstructorAccessorImpl.newInstance(DelegatingConstructorAccessorImpl.java:45)
	at java.lang.reflect.Constructor.newInstance(Constructor.java:423)
	at org.openqa.selenium.remote.ErrorHandler.createThrowable(ErrorHandler.java:214)
	at org.openqa.selenium.remote.ErrorHandler.throwIfResponseFailed(ErrorHandler.java:166)
	at org.openqa.selenium.remote.http.JsonHttpResponseCodec.reconstructValue(JsonHttpResponseCodec.java:40)
	at org.openqa.selenium.remote.http.AbstractHttpResponseCodec.decode(AbstractHttpResponseCodec.java:80)
	at org.openqa.selenium.remote.http.AbstractHttpResponseCodec.decode(AbstractHttpResponseCodec.java:44)
	at org.openqa.selenium.remote.HttpCommandExecutor.execute(HttpCommandExecutor.java:164)
	at org.openqa.selenium.remote.service.DriverCommandExecutor.execute(DriverCommandExecutor.java:83)
	at org.openqa.selenium.remote.RemoteWebDriver.execute(RemoteWebDriver.java:601)
	at org.openqa.selenium.remote.RemoteWebDriver.findElement(RemoteWebDriver.java:371)
	at org.openqa.selenium.remote.RemoteWebDriver.findElementById(RemoteWebDriver.java:417)
	at org.openqa.selenium.By$ById.findElement(By.java:218)
	at org.openqa.selenium.remote.RemoteWebDriver.findElement(RemoteWebDriver.java:363)
	at sun.reflect.GeneratedMethodAccessor10.invoke(Unknown Source)
	at sun.reflect.DelegatingMethodAccessorImpl.invoke(DelegatingMethodAccessorImpl.java:43)
	at java.lang.reflect.Method.invoke(Method.java:498)
	at org.openqa.selenium.support.events.EventFiringWebDriver$2.invoke(EventFiringWebDriver.java:108)
	at com.sun.proxy.$Proxy6.findElement(Unknown Source)
	at org.openqa.selenium.support.events.EventFiringWebDriver.findElement(EventFiringWebDriver.java:192)
	at org.openqa.selenium.remote.server.handler.FindElement.call(FindElement.java:48)
	at org.openqa.selenium.remote.server.handler.FindElement.call(FindElement.java:33)
	at org.openqa.selenium.remote.server.handler.WebDriverHandler.handle(WebDriverHandler.java:41)
	at org.openqa.selenium.remote.server.rest.ResultConfig.handle(ResultConfig.java:112)
	at org.openqa.selenium.remote.server.JsonHttpCommandHandler.handleRequest(JsonHttpCommandHandler.java:191)
	at org.openqa.selenium.remote.server.DriverServlet.lambda$handleRequest$0(DriverServlet.java:261)
	at java.util.concurrent.Executors$RunnableAdapter.call(Executors.java:511)
	at java.util.concurrent.FutureTask.run(FutureTask.java:266)
	at java.util.concurrent.ThreadPoolExecutor.runWorker(ThreadPoolExecutor.java:1149)
	at java.util.concurrent.ThreadPoolExecutor$Worker.run(ThreadPoolExecutor.java:624)
	at java.lang.Thread.run(Thread.java:748)
Caused by: org.openqa.selenium.NoSuchElementException: Unable to locate element: {"method":"id","selector":"SDFSITAFI_ayuda"}
For documentation on this error, please visit: http://seleniumhq.org/exceptions/no_such_element.html
Build info: version: '3.8.1', revision: '6e95a6684b', time: '2017-12-01T19:05:32.194Z'
System info: host: 'localhost.localdomain', ip: '127.0.0.1', os.name: 'Linux', os.arch: 'amd64', os.version: '3.10.0-862.3.2.el7.x86_64', java.version: '1.8.0_171'
Driver info: driver.version: unknown
	at <anonymous class>.FirefoxDriver.prototype.findElementInternal_(file:///tmp/anonymous4633990281717337756webdriver-profile/extensions/fxdriver@googlecode.com/components/driver-component.js:11870)
	at <anonymous class>.FirefoxDriver.prototype.findElement(file:///tmp/anonymous4633990281717337756webdriver-profile/extensions/fxdriver@googlecode.com/components/driver-component.js:11879)
	at <anonymous class>.DelayedCommand.prototype.executeInternal_/k(file:///tmp/anonymous4633990281717337756webdriver-profile/extensions/fxdriver@googlecode.com/components/command-processor.js:13364)
	at <anonymous class>.DelayedCommand.prototype.executeInternal_(file:///tmp/anonymous4633990281717337756webdriver-profile/extensions/fxdriver@googlecode.com/components/command-processor.js:13369)
	at <anonymous class>.DelayedCommand.prototype.execute/<(file:///tmp/anonymous4633990281717337756webdriver-profile/extensions/fxdriver@googlecode.com/components/command-processor.js:13311)
13:50:38.612 WARN - Exception: Unable to locate element: {"method":"id","selector":"SDFSITAFI_ayuda"}
For documentation on this error, please visit: http://seleniumhq.org/exceptions/no_such_element.html
Build info: version: '3.8.1', revision: '6e95a6684b', time: '2017-12-01T19:05:32.194Z'
System info: host: 'localhost.localdomain', ip: '127.0.0.1', os.name: 'Linux', os.arch: 'amd64', os.version: '3.10.0-862.3.2.el7.x86_64', java.version: '1.8.0_171'
Driver info: driver.version: unknown
13:50:38.918 INFO - Executing: [find element: By.id: SDFSITAFI_ayuda])
13:50:39.143 WARN - Exception thrown
org.openqa.selenium.NoSuchElementException: Unable to locate element: {"method":"id","selector":"SDFSITAFI_ayuda"}
Command duration or timeout: 0 milliseconds
	at sun.reflect.NativeConstructorAccessorImpl.newInstance0(Native Method)
	at sun.reflect.NativeConstructorAccessorImpl.newInstance(NativeConstructorAccessorImpl.java:62)
	at sun.reflect.DelegatingConstructorAccessorImpl.newInstance(DelegatingConstructorAccessorImpl.java:45)
	at java.lang.reflect.Constructor.newInstance(Constructor.java:423)
	at org.openqa.selenium.remote.ErrorHandler.createThrowable(ErrorHandler.java:214)
	at org.openqa.selenium.remote.ErrorHandler.throwIfResponseFailed(ErrorHandler.java:166)
	at org.openqa.selenium.remote.http.JsonHttpResponseCodec.reconstructValue(JsonHttpResponseCodec.java:40)
	at org.openqa.selenium.remote.http.AbstractHttpResponseCodec.decode(AbstractHttpResponseCodec.java:80)
	at org.openqa.selenium.remote.http.AbstractHttpResponseCodec.decode(AbstractHttpResponseCodec.java:44)
	at org.openqa.selenium.remote.HttpCommandExecutor.execute(HttpCommandExecutor.java:164)
	at org.openqa.selenium.remote.service.DriverCommandExecutor.execute(DriverCommandExecutor.java:83)
	at org.openqa.selenium.remote.RemoteWebDriver.execute(RemoteWebDriver.java:601)
	at org.openqa.selenium.remote.RemoteWebDriver.findElement(RemoteWebDriver.java:371)
	at org.openqa.selenium.remote.RemoteWebDriver.findElementById(RemoteWebDriver.java:417)
	at org.openqa.selenium.By$ById.findElement(By.java:218)
	at org.openqa.selenium.remote.RemoteWebDriver.findElement(RemoteWebDriver.java:363)
	at sun.reflect.GeneratedMethodAccessor10.invoke(Unknown Source)
	at sun.reflect.DelegatingMethodAccessorImpl.invoke(DelegatingMethodAccessorImpl.java:43)
	at java.lang.reflect.Method.invoke(Method.java:498)
	at org.openqa.selenium.support.events.EventFiringWebDriver$2.invoke(EventFiringWebDriver.java:108)
	at com.sun.proxy.$Proxy6.findElement(Unknown Source)
	at org.openqa.selenium.support.events.EventFiringWebDriver.findElement(EventFiringWebDriver.java:192)
	at org.openqa.selenium.remote.server.handler.FindElement.call(FindElement.java:48)
	at org.openqa.selenium.remote.server.handler.FindElement.call(FindElement.java:33)
	at org.openqa.selenium.remote.server.handler.WebDriverHandler.handle(WebDriverHandler.java:41)
	at org.openqa.selenium.remote.server.rest.ResultConfig.handle(ResultConfig.java:112)
	at org.openqa.selenium.remote.server.JsonHttpCommandHandler.handleRequest(JsonHttpCommandHandler.java:191)
	at org.openqa.selenium.remote.server.DriverServlet.lambda$handleRequest$0(DriverServlet.java:261)
	at java.util.concurrent.Executors$RunnableAdapter.call(Executors.java:511)
	at java.util.concurrent.FutureTask.run(FutureTask.java:266)
	at java.util.concurrent.ThreadPoolExecutor.runWorker(ThreadPoolExecutor.java:1149)
	at java.util.concurrent.ThreadPoolExecutor$Worker.run(ThreadPoolExecutor.java:624)
	at java.lang.Thread.run(Thread.java:748)
Caused by: org.openqa.selenium.NoSuchElementException: Unable to locate element: {"method":"id","selector":"SDFSITAFI_ayuda"}
For documentation on this error, please visit: http://seleniumhq.org/exceptions/no_such_element.html
Build info: version: '3.8.1', revision: '6e95a6684b', time: '2017-12-01T19:05:32.194Z'
System info: host: 'localhost.localdomain', ip: '127.0.0.1', os.name: 'Linux', os.arch: 'amd64', os.version: '3.10.0-862.3.2.el7.x86_64', java.version: '1.8.0_171'
Driver info: driver.version: unknown
	at <anonymous class>.FirefoxDriver.prototype.findElementInternal_(file:///tmp/anonymous4633990281717337756webdriver-profile/extensions/fxdriver@googlecode.com/components/driver-component.js:11870)
	at <anonymous class>.FirefoxDriver.prototype.findElement(file:///tmp/anonymous4633990281717337756webdriver-profile/extensions/fxdriver@googlecode.com/components/driver-component.js:11879)
	at <anonymous class>.DelayedCommand.prototype.executeInternal_/k(file:///tmp/anonymous4633990281717337756webdriver-profile/extensions/fxdriver@googlecode.com/components/command-processor.js:13364)
	at <anonymous class>.DelayedCommand.prototype.executeInternal_(file:///tmp/anonymous4633990281717337756webdriver-profile/extensions/fxdriver@googlecode.com/components/command-processor.js:13369)
	at <anonymous class>.DelayedCommand.prototype.execute/<(file:///tmp/anonymous4633990281717337756webdriver-profile/extensions/fxdriver@googlecode.com/components/command-processor.js:13311)
13:50:39.144 WARN - Exception: Unable to locate element: {"method":"id","selector":"SDFSITAFI_ayuda"}
For documentation on this error, please visit: http://seleniumhq.org/exceptions/no_such_element.html
Build info: version: '3.8.1', revision: '6e95a6684b', time: '2017-12-01T19:05:32.194Z'
System info: host: 'localhost.localdomain', ip: '127.0.0.1', os.name: 'Linux', os.arch: 'amd64', os.version: '3.10.0-862.3.2.el7.x86_64', java.version: '1.8.0_171'
Driver info: driver.version: unknown
13:50:39.466 INFO - Executing: [find element: By.id: SDFSITAFI_ayuda])
13:50:39.876 WARN - Exception thrown
org.openqa.selenium.NoSuchElementException: Unable to locate element: {"method":"id","selector":"SDFSITAFI_ayuda"}
Command duration or timeout: 0 milliseconds
	at sun.reflect.GeneratedConstructorAccessor14.newInstance(Unknown Source)
	at sun.reflect.DelegatingConstructorAccessorImpl.newInstance(DelegatingConstructorAccessorImpl.java:45)
	at java.lang.reflect.Constructor.newInstance(Constructor.java:423)
	at org.openqa.selenium.remote.ErrorHandler.createThrowable(ErrorHandler.java:214)
	at org.openqa.selenium.remote.ErrorHandler.throwIfResponseFailed(ErrorHandler.java:166)
	at org.openqa.selenium.remote.http.JsonHttpResponseCodec.reconstructValue(JsonHttpResponseCodec.java:40)
	at org.openqa.selenium.remote.http.AbstractHttpResponseCodec.decode(AbstractHttpResponseCodec.java:80)
	at org.openqa.selenium.remote.http.AbstractHttpResponseCodec.decode(AbstractHttpResponseCodec.java:44)
	at org.openqa.selenium.remote.HttpCommandExecutor.execute(HttpCommandExecutor.java:164)
	at org.openqa.selenium.remote.service.DriverCommandExecutor.execute(DriverCommandExecutor.java:83)
	at org.openqa.selenium.remote.RemoteWebDriver.execute(RemoteWebDriver.java:601)
	at org.openqa.selenium.remote.RemoteWebDriver.findElement(RemoteWebDriver.java:371)
	at org.openqa.selenium.remote.RemoteWebDriver.findElementById(RemoteWebDriver.java:417)
	at org.openqa.selenium.By$ById.findElement(By.java:218)
	at org.openqa.selenium.remote.RemoteWebDriver.findElement(RemoteWebDriver.java:363)
	at sun.reflect.GeneratedMethodAccessor10.invoke(Unknown Source)
	at sun.reflect.DelegatingMethodAccessorImpl.invoke(DelegatingMethodAccessorImpl.java:43)
	at java.lang.reflect.Method.invoke(Method.java:498)
	at org.openqa.selenium.support.events.EventFiringWebDriver$2.invoke(EventFiringWebDriver.java:108)
	at com.sun.proxy.$Proxy6.findElement(Unknown Source)
	at org.openqa.selenium.support.events.EventFiringWebDriver.findElement(EventFiringWebDriver.java:192)
	at org.openqa.selenium.remote.server.handler.FindElement.call(FindElement.java:48)
	at org.openqa.selenium.remote.server.handler.FindElement.call(FindElement.java:33)
	at org.openqa.selenium.remote.server.handler.WebDriverHandler.handle(WebDriverHandler.java:41)
	at org.openqa.selenium.remote.server.rest.ResultConfig.handle(ResultConfig.java:112)
	at org.openqa.selenium.remote.server.JsonHttpCommandHandler.handleRequest(JsonHttpCommandHandler.java:191)
	at org.openqa.selenium.remote.server.DriverServlet.lambda$handleRequest$0(DriverServlet.java:261)
	at java.util.concurrent.Executors$RunnableAdapter.call(Executors.java:511)
	at java.util.concurrent.FutureTask.run(FutureTask.java:266)
	at java.util.concurrent.ThreadPoolExecutor.runWorker(ThreadPoolExecutor.java:1149)
	at java.util.concurrent.ThreadPoolExecutor$Worker.run(ThreadPoolExecutor.java:624)
	at java.lang.Thread.run(Thread.java:748)
Caused by: org.openqa.selenium.NoSuchElementException: Unable to locate element: {"method":"id","selector":"SDFSITAFI_ayuda"}
For documentation on this error, please visit: http://seleniumhq.org/exceptions/no_such_element.html
Build info: version: '3.8.1', revision: '6e95a6684b', time: '2017-12-01T19:05:32.194Z'
System info: host: 'localhost.localdomain', ip: '127.0.0.1', os.name: 'Linux', os.arch: 'amd64', os.version: '3.10.0-862.3.2.el7.x86_64', java.version: '1.8.0_171'
Driver info: driver.version: unknown
	at <anonymous class>.FirefoxDriver.prototype.findElementInternal_(file:///tmp/anonymous4633990281717337756webdriver-profile/extensions/fxdriver@googlecode.com/components/driver-component.js:11870)
	at <anonymous class>.FirefoxDriver.prototype.findElement(file:///tmp/anonymous4633990281717337756webdriver-profile/extensions/fxdriver@googlecode.com/components/driver-component.js:11879)
	at <anonymous class>.DelayedCommand.prototype.executeInternal_/k(file:///tmp/anonymous4633990281717337756webdriver-profile/extensions/fxdriver@googlecode.com/components/command-processor.js:13364)
	at <anonymous class>.DelayedCommand.prototype.executeInternal_(file:///tmp/anonymous4633990281717337756webdriver-profile/extensions/fxdriver@googlecode.com/components/command-processor.js:13369)
	at <anonymous class>.DelayedCommand.prototype.execute/<(file:///tmp/anonymous4633990281717337756webdriver-profile/extensions/fxdriver@googlecode.com/components/command-processor.js:13311)
13:50:39.877 WARN - Exception: Unable to locate element: {"method":"id","selector":"SDFSITAFI_ayuda"}
For documentation on this error, please visit: http://seleniumhq.org/exceptions/no_such_element.html
Build info: version: '3.8.1', revision: '6e95a6684b', time: '2017-12-01T19:05:32.194Z'
System info: host: 'localhost.localdomain', ip: '127.0.0.1', os.name: 'Linux', os.arch: 'amd64', os.version: '3.10.0-862.3.2.el7.x86_64', java.version: '1.8.0_171'
Driver info: driver.version: unknown
13:50:40.186 INFO - Executing: [find element: By.id: SDFSITAFI_ayuda])
13:50:40.562 WARN - Exception thrown
org.openqa.selenium.NoSuchElementException: Unable to locate element: {"method":"id","selector":"SDFSITAFI_ayuda"}
Command duration or timeout: 0 milliseconds
	at sun.reflect.GeneratedConstructorAccessor14.newInstance(Unknown Source)
	at sun.reflect.DelegatingConstructorAccessorImpl.newInstance(DelegatingConstructorAccessorImpl.java:45)
	at java.lang.reflect.Constructor.newInstance(Constructor.java:423)
	at org.openqa.selenium.remote.ErrorHandler.createThrowable(ErrorHandler.java:214)
	at org.openqa.selenium.remote.ErrorHandler.throwIfResponseFailed(ErrorHandler.java:166)
	at org.openqa.selenium.remote.http.JsonHttpResponseCodec.reconstructValue(JsonHttpResponseCodec.java:40)
	at org.openqa.selenium.remote.http.AbstractHttpResponseCodec.decode(AbstractHttpResponseCodec.java:80)
	at org.openqa.selenium.remote.http.AbstractHttpResponseCodec.decode(AbstractHttpResponseCodec.java:44)
	at org.openqa.selenium.remote.HttpCommandExecutor.execute(HttpCommandExecutor.java:164)
	at org.openqa.selenium.remote.service.DriverCommandExecutor.execute(DriverCommandExecutor.java:83)
	at org.openqa.selenium.remote.RemoteWebDriver.execute(RemoteWebDriver.java:601)
	at org.openqa.selenium.remote.RemoteWebDriver.findElement(RemoteWebDriver.java:371)
	at org.openqa.selenium.remote.RemoteWebDriver.findElementById(RemoteWebDriver.java:417)
	at org.openqa.selenium.By$ById.findElement(By.java:218)
	at org.openqa.selenium.remote.RemoteWebDriver.findElement(RemoteWebDriver.java:363)
	at sun.reflect.GeneratedMethodAccessor10.invoke(Unknown Source)
	at sun.reflect.DelegatingMethodAccessorImpl.invoke(DelegatingMethodAccessorImpl.java:43)
	at java.lang.reflect.Method.invoke(Method.java:498)
	at org.openqa.selenium.support.events.EventFiringWebDriver$2.invoke(EventFiringWebDriver.java:108)
	at com.sun.proxy.$Proxy6.findElement(Unknown Source)
	at org.openqa.selenium.support.events.EventFiringWebDriver.findElement(EventFiringWebDriver.java:192)
	at org.openqa.selenium.remote.server.handler.FindElement.call(FindElement.java:48)
	at org.openqa.selenium.remote.server.handler.FindElement.call(FindElement.java:33)
	at org.openqa.selenium.remote.server.handler.WebDriverHandler.handle(WebDriverHandler.java:41)
	at org.openqa.selenium.remote.server.rest.ResultConfig.handle(ResultConfig.java:112)
	at org.openqa.selenium.remote.server.JsonHttpCommandHandler.handleRequest(JsonHttpCommandHandler.java:191)
	at org.openqa.selenium.remote.server.DriverServlet.lambda$handleRequest$0(DriverServlet.java:261)
	at java.util.concurrent.Executors$RunnableAdapter.call(Executors.java:511)
	at java.util.concurrent.FutureTask.run(FutureTask.java:266)
	at java.util.concurrent.ThreadPoolExecutor.runWorker(ThreadPoolExecutor.java:1149)
	at java.util.concurrent.ThreadPoolExecutor$Worker.run(ThreadPoolExecutor.java:624)
	at java.lang.Thread.run(Thread.java:748)
Caused by: org.openqa.selenium.NoSuchElementException: Unable to locate element: {"method":"id","selector":"SDFSITAFI_ayuda"}
For documentation on this error, please visit: http://seleniumhq.org/exceptions/no_such_element.html
Build info: version: '3.8.1', revision: '6e95a6684b', time: '2017-12-01T19:05:32.194Z'
System info: host: 'localhost.localdomain', ip: '127.0.0.1', os.name: 'Linux', os.arch: 'amd64', os.version: '3.10.0-862.3.2.el7.x86_64', java.version: '1.8.0_171'
Driver info: driver.version: unknown
	at <anonymous class>.FirefoxDriver.prototype.findElementInternal_(file:///tmp/anonymous4633990281717337756webdriver-profile/extensions/fxdriver@googlecode.com/components/driver-component.js:11870)
	at <anonymous class>.FirefoxDriver.prototype.findElement(file:///tmp/anonymous4633990281717337756webdriver-profile/extensions/fxdriver@googlecode.com/components/driver-component.js:11879)
	at <anonymous class>.DelayedCommand.prototype.executeInternal_/k(file:///tmp/anonymous4633990281717337756webdriver-profile/extensions/fxdriver@googlecode.com/components/command-processor.js:13364)
	at <anonymous class>.DelayedCommand.prototype.executeInternal_(file:///tmp/anonymous4633990281717337756webdriver-profile/extensions/fxdriver@googlecode.com/components/command-processor.js:13369)
	at <anonymous class>.DelayedCommand.prototype.execute/<(file:///tmp/anonymous4633990281717337756webdriver-profile/extensions/fxdriver@googlecode.com/components/command-processor.js:13311)
13:50:40.562 WARN - Exception: Unable to locate element: {"method":"id","selector":"SDFSITAFI_ayuda"}
For documentation on this error, please visit: http://seleniumhq.org/exceptions/no_such_element.html
Build info: version: '3.8.1', revision: '6e95a6684b', time: '2017-12-01T19:05:32.194Z'
System info: host: 'localhost.localdomain', ip: '127.0.0.1', os.name: 'Linux', os.arch: 'amd64', os.version: '3.10.0-862.3.2.el7.x86_64', java.version: '1.8.0_171'
Driver info: driver.version: unknown
13:50:40.878 INFO - Executing: [find element: By.id: Static001])
13:50:41.516 WARN - Exception thrown
org.openqa.selenium.NoSuchElementException: Unable to locate element: {"method":"id","selector":"Static001"}
Command duration or timeout: 0 milliseconds
	at sun.reflect.GeneratedConstructorAccessor14.newInstance(Unknown Source)
	at sun.reflect.DelegatingConstructorAccessorImpl.newInstance(DelegatingConstructorAccessorImpl.java:45)
	at java.lang.reflect.Constructor.newInstance(Constructor.java:423)
	at org.openqa.selenium.remote.ErrorHandler.createThrowable(ErrorHandler.java:214)
	at org.openqa.selenium.remote.ErrorHandler.throwIfResponseFailed(ErrorHandler.java:166)
	at org.openqa.selenium.remote.http.JsonHttpResponseCodec.reconstructValue(JsonHttpResponseCodec.java:40)
	at org.openqa.selenium.remote.http.AbstractHttpResponseCodec.decode(AbstractHttpResponseCodec.java:80)
	at org.openqa.selenium.remote.http.AbstractHttpResponseCodec.decode(AbstractHttpResponseCodec.java:44)
	at org.openqa.selenium.remote.HttpCommandExecutor.execute(HttpCommandExecutor.java:164)
	at org.openqa.selenium.remote.service.DriverCommandExecutor.execute(DriverCommandExecutor.java:83)
	at org.openqa.selenium.remote.RemoteWebDriver.execute(RemoteWebDriver.java:601)
	at org.openqa.selenium.remote.RemoteWebDriver.findElement(RemoteWebDriver.java:371)
	at org.openqa.selenium.remote.RemoteWebDriver.findElementById(RemoteWebDriver.java:417)
	at org.openqa.selenium.By$ById.findElement(By.java:218)
	at org.openqa.selenium.remote.RemoteWebDriver.findElement(RemoteWebDriver.java:363)
	at sun.reflect.GeneratedMethodAccessor10.invoke(Unknown Source)
	at sun.reflect.DelegatingMethodAccessorImpl.invoke(DelegatingMethodAccessorImpl.java:43)
	at java.lang.reflect.Method.invoke(Method.java:498)
	at org.openqa.selenium.support.events.EventFiringWebDriver$2.invoke(EventFiringWebDriver.java:108)
	at com.sun.proxy.$Proxy6.findElement(Unknown Source)
	at org.openqa.selenium.support.events.EventFiringWebDriver.findElement(EventFiringWebDriver.java:192)
	at org.openqa.selenium.remote.server.handler.FindElement.call(FindElement.java:48)
	at org.openqa.selenium.remote.server.handler.FindElement.call(FindElement.java:33)
	at org.openqa.selenium.remote.server.handler.WebDriverHandler.handle(WebDriverHandler.java:41)
	at org.openqa.selenium.remote.server.rest.ResultConfig.handle(ResultConfig.java:112)
	at org.openqa.selenium.remote.server.JsonHttpCommandHandler.handleRequest(JsonHttpCommandHandler.java:191)
	at org.openqa.selenium.remote.server.DriverServlet.lambda$handleRequest$0(DriverServlet.java:261)
	at java.util.concurrent.Executors$RunnableAdapter.call(Executors.java:511)
	at java.util.concurrent.FutureTask.run(FutureTask.java:266)
	at java.util.concurrent.ThreadPoolExecutor.runWorker(ThreadPoolExecutor.java:1149)
	at java.util.concurrent.ThreadPoolExecutor$Worker.run(ThreadPoolExecutor.java:624)
	at java.lang.Thread.run(Thread.java:748)
Caused by: org.openqa.selenium.NoSuchElementException: Unable to locate element: {"method":"id","selector":"Static001"}
For documentation on this error, please visit: http://seleniumhq.org/exceptions/no_such_element.html
Build info: version: '3.8.1', revision: '6e95a6684b', time: '2017-12-01T19:05:32.194Z'
System info: host: 'localhost.localdomain', ip: '127.0.0.1', os.name: 'Linux', os.arch: 'amd64', os.version: '3.10.0-862.3.2.el7.x86_64', java.version: '1.8.0_171'
Driver info: driver.version: unknown
	at <anonymous class>.FirefoxDriver.prototype.findElementInternal_(file:///tmp/anonymous4633990281717337756webdriver-profile/extensions/fxdriver@googlecode.com/components/driver-component.js:11870)
	at <anonymous class>.FirefoxDriver.prototype.findElement(file:///tmp/anonymous4633990281717337756webdriver-profile/extensions/fxdriver@googlecode.com/components/driver-component.js:11879)
	at <anonymous class>.DelayedCommand.prototype.executeInternal_/k(file:///tmp/anonymous4633990281717337756webdriver-profile/extensions/fxdriver@googlecode.com/components/command-processor.js:13364)
	at <anonymous class>.DelayedCommand.prototype.executeInternal_(file:///tmp/anonymous4633990281717337756webdriver-profile/extensions/fxdriver@googlecode.com/components/command-processor.js:13369)
	at <anonymous class>.DelayedCommand.prototype.execute/<(file:///tmp/anonymous4633990281717337756webdriver-profile/extensions/fxdriver@googlecode.com/components/command-processor.js:13311)
13:50:41.516 WARN - Exception: Unable to locate element: {"method":"id","selector":"Static001"}
For documentation on this error, please visit: http://seleniumhq.org/exceptions/no_such_element.html
Build info: version: '3.8.1', revision: '6e95a6684b', time: '2017-12-01T19:05:32.194Z'
System info: host: 'localhost.localdomain', ip: '127.0.0.1', os.name: 'Linux', os.arch: 'amd64', os.version: '3.10.0-862.3.2.el7.x86_64', java.version: '1.8.0_171'
Driver info: driver.version: unknown
13:50:41.535 INFO - Executing: [find element: By.id: DIL])
13:50:41.571 INFO - Done: [find element: By.id: DIL]
13:50:41.579 INFO - Executing: [get text: 34 [[FirefoxDriver: firefox on LINUX (3eae94fd-5d05-4e7a-b1bf-279b01461fe0)] -> id: DIL]])
13:50:41.643 INFO - Done: [get text: 34 [[FirefoxDriver: firefox on LINUX (3eae94fd-5d05-4e7a-b1bf-279b01461fe0)] -> id: DIL]]
13:50:41.647 INFO - Executing: [get text: 34 [[FirefoxDriver: firefox on LINUX (3eae94fd-5d05-4e7a-b1bf-279b01461fe0)] -> id: DIL]])
13:50:41.699 INFO - Done: [get text: 34 [[FirefoxDriver: firefox on LINUX (3eae94fd-5d05-4e7a-b1bf-279b01461fe0)] -> id: DIL]]
13:50:41.731 INFO - Executing: [is displayed: 34 [[FirefoxDriver: firefox on LINUX (3eae94fd-5d05-4e7a-b1bf-279b01461fe0)] -> id: DIL]])
13:50:41.809 INFO - Done: [is displayed: 34 [[FirefoxDriver: firefox on LINUX (3eae94fd-5d05-4e7a-b1bf-279b01461fe0)] -> id: DIL]]
